07:38:22.233 	Running application guid:3b48a4dc-8c28-440a-a687-3c449676132c version:0.0.4.3
07:38:33.344 	Player.Player: Vous
07:38:33.345 	PetTracker.PetTracker: init the structure
07:38:33.486 	Meter.calculate_statistics
07:38:33.486 	Meter.calculate_statistics: group not null and contains more 0
07:38:33.486 	Meter.calculate_statistics: party_total: 0
07:38:33.486 	Meter.calculate_statistics: DPS & HPS: 0 0
07:38:33.486 	Meter.calculate_statistics: burst DPS & burst HPS: 0 0
07:38:33.486 	Meter.calculate_statistics: percent: Non Numérique
07:38:33.502 	GraphEngine.paint_meter: first switch value 0 0
07:38:33.502 	GraphEngine.paint_meter: render damage
07:38:34.462 	Meter.calculate_statistics
07:38:34.462 	Meter.calculate_statistics: group not null and contains more 0
07:38:34.462 	Meter.calculate_statistics: party_total: 0
07:38:34.462 	Meter.calculate_statistics: DPS & HPS: 0 0
07:38:34.462 	Meter.calculate_statistics: burst DPS & burst HPS: 0 0
07:38:34.462 	Meter.calculate_statistics: percent: Non Numérique
07:38:34.468 	GraphEngine.paint_meter: first switch value 0 0
07:38:34.468 	GraphEngine.paint_meter: render damage
07:38:35.476 	Meter.calculate_statistics
07:38:35.476 	Meter.calculate_statistics: group not null and contains more 0
07:38:35.476 	Meter.calculate_statistics: party_total: 0
07:38:35.476 	Meter.calculate_statistics: DPS & HPS: 0 0
07:38:35.476 	Meter.calculate_statistics: burst DPS & burst HPS: 0 0
07:38:35.476 	Meter.calculate_statistics: percent: Non Numérique
07:38:35.482 	GraphEngine.paint_meter: first switch value 0 0
07:38:35.482 	GraphEngine.paint_meter: render damage
07:38:36.491 	Meter.calculate_statistics
07:38:36.491 	Meter.calculate_statistics: group not null and contains more 0
07:38:36.491 	Meter.calculate_statistics: party_total: 0
07:38:36.491 	Meter.calculate_statistics: DPS & HPS: 0 0
07:38:36.491 	Meter.calculate_statistics: burst DPS & burst HPS: 0 0
07:38:36.491 	Meter.calculate_statistics: percent: Non Numérique
07:38:36.502 	GraphEngine.paint_meter: first switch value 0 0
07:38:36.502 	GraphEngine.paint_meter: render damage
07:38:37.505 	Meter.calculate_statistics
07:38:37.505 	Meter.calculate_statistics: group not null and contains more 0
07:38:37.505 	Meter.calculate_statistics: party_total: 0
07:38:37.505 	Meter.calculate_statistics: DPS & HPS: 0 0
07:38:37.505 	Meter.calculate_statistics: burst DPS & burst HPS: 0 0
07:38:37.505 	Meter.calculate_statistics: percent: Non Numérique
07:38:37.515 	GraphEngine.paint_meter: first switch value 0 0
07:38:37.515 	GraphEngine.paint_meter: render damage
07:40:34.894 	Running application guid:3b48a4dc-8c28-440a-a687-3c449676132c version:0.0.4.3
07:40:47.376 	Player.Player: Vous
07:40:47.379 	PetTracker.PetTracker: init the structure
07:40:47.424 	Meter.calculate_statistics
07:40:47.424 	Meter.calculate_statistics: group not null and contains more 0
07:40:47.425 	Meter.calculate_statistics: party_total: 0
07:40:47.425 	Meter.calculate_statistics: DPS & HPS: 0 0
07:40:47.425 	Meter.calculate_statistics: burst DPS & burst HPS: 0 0
07:40:47.425 	Meter.calculate_statistics: percent: Non Numérique
07:40:47.443 	GraphEngine.paint_meter: first switch value 0 0
07:40:47.443 	GraphEngine.paint_meter: render damage
07:40:48.389 	Meter.calculate_statistics
07:40:48.389 	Meter.calculate_statistics: group not null and contains more 0
07:40:48.389 	Meter.calculate_statistics: party_total: 0
07:40:48.389 	Meter.calculate_statistics: DPS & HPS: 0 0
07:40:48.389 	Meter.calculate_statistics: burst DPS & burst HPS: 0 0
07:40:48.389 	Meter.calculate_statistics: percent: Non Numérique
07:40:48.399 	GraphEngine.paint_meter: first switch value 0 0
07:40:48.399 	GraphEngine.paint_meter: render damage
07:40:49.402 	Meter.calculate_statistics
07:40:49.402 	Meter.calculate_statistics: group not null and contains more 0
07:40:49.402 	Meter.calculate_statistics: party_total: 0
07:40:49.402 	Meter.calculate_statistics: DPS & HPS: 0 0
07:40:49.402 	Meter.calculate_statistics: burst DPS & burst HPS: 0 0
07:40:49.402 	Meter.calculate_statistics: percent: Non Numérique
07:40:49.408 	GraphEngine.paint_meter: first switch value 0 0
07:40:49.408 	GraphEngine.paint_meter: render damage
07:43:09.021 	Running application guid:3b48a4dc-8c28-440a-a687-3c449676132c version:0.0.4.3
07:43:21.399 	Player.Player: Vous
07:43:21.400 	PetTracker.PetTracker: init the structure
07:43:21.531 	Meter.calculate_statistics
07:43:21.531 	Meter.calculate_statistics: group not null and contains more 0
07:43:21.531 	Meter.calculate_statistics: party_total: 0
07:43:21.531 	Meter.calculate_statistics: DPS & HPS: 0 0
07:43:21.531 	Meter.calculate_statistics: burst DPS & burst HPS: 0 0
07:43:21.531 	Meter.calculate_statistics: percent: Non Numérique
07:43:21.552 	GraphEngine.paint_meter: first switch value 0 0
07:43:21.552 	GraphEngine.paint_meter: render damage
07:43:22.455 	Meter.calculate_statistics
07:43:22.455 	Meter.calculate_statistics: group not null and contains more 0
07:43:22.455 	Meter.calculate_statistics: party_total: 0
07:43:22.455 	Meter.calculate_statistics: DPS & HPS: 0 0
07:43:22.455 	Meter.calculate_statistics: burst DPS & burst HPS: 0 0
07:43:22.455 	Meter.calculate_statistics: percent: Non Numérique
07:43:22.461 	GraphEngine.paint_meter: first switch value 0 0
07:43:22.461 	GraphEngine.paint_meter: render damage
07:49:53.700 	Running application guid:3b48a4dc-8c28-440a-a687-3c449676132c version:0.0.4.3
07:50:05.542 	Player.Player: Vous
07:50:05.545 	PetTracker.PetTracker: init the structure
07:50:05.587 	Meter.calculate_statistics
07:50:05.587 	Meter.calculate_statistics: group not null and contains more 0
07:50:05.587 	Meter.calculate_statistics: party_total: 0
07:50:05.587 	Meter.calculate_statistics: DPS & HPS: 0 0
07:50:05.588 	Meter.calculate_statistics: burst DPS & burst HPS: 0 0
07:50:05.588 	Meter.calculate_statistics: percent: Non Numérique
07:50:05.599 	GraphEngine.paint_meter: first switch value 0 0
07:50:05.599 	GraphEngine.paint_meter: render damage
07:50:06.561 	Meter.calculate_statistics
07:50:06.561 	Meter.calculate_statistics: group not null and contains more 0
07:50:06.561 	Meter.calculate_statistics: party_total: 0
07:50:06.561 	Meter.calculate_statistics: DPS & HPS: 0 0
07:50:06.561 	Meter.calculate_statistics: burst DPS & burst HPS: 0 0
07:50:06.561 	Meter.calculate_statistics: percent: Non Numérique
07:50:06.574 	GraphEngine.paint_meter: first switch value 0 0
07:50:06.574 	GraphEngine.paint_meter: render damage
07:50:07.575 	Meter.calculate_statistics
07:50:07.575 	Meter.calculate_statistics: group not null and contains more 0
07:50:07.575 	Meter.calculate_statistics: party_total: 0
07:50:07.575 	Meter.calculate_statistics: DPS & HPS: 0 0
07:50:07.575 	Meter.calculate_statistics: burst DPS & burst HPS: 0 0
07:50:07.575 	Meter.calculate_statistics: percent: Non Numérique
07:50:07.587 	GraphEngine.paint_meter: first switch value 0 0
07:50:07.587 	GraphEngine.paint_meter: render damage
07:50:08.589 	Meter.calculate_statistics
07:50:08.589 	Meter.calculate_statistics: group not null and contains more 0
07:50:08.589 	Meter.calculate_statistics: party_total: 0
07:50:08.589 	Meter.calculate_statistics: DPS & HPS: 0 0
07:50:08.589 	Meter.calculate_statistics: burst DPS & burst HPS: 0 0
07:50:08.589 	Meter.calculate_statistics: percent: Non Numérique
07:50:08.601 	GraphEngine.paint_meter: first switch value 0 0
07:50:08.601 	GraphEngine.paint_meter: render damage
07:50:09.603 	Meter.calculate_statistics
07:50:09.603 	Meter.calculate_statistics: group not null and contains more 0
07:50:09.603 	Meter.calculate_statistics: party_total: 0
07:50:09.603 	Meter.calculate_statistics: DPS & HPS: 0 0
07:50:09.603 	Meter.calculate_statistics: burst DPS & burst HPS: 0 0
07:50:09.603 	Meter.calculate_statistics: percent: Non Numérique
07:50:09.610 	GraphEngine.paint_meter: first switch value 0 0
07:50:09.610 	GraphEngine.paint_meter: render damage
07:50:10.617 	Meter.calculate_statistics
07:50:10.618 	Meter.calculate_statistics: group not null and contains more 0
07:50:10.618 	Meter.calculate_statistics: party_total: 0
07:50:10.618 	Meter.calculate_statistics: DPS & HPS: 0 0
07:50:10.618 	Meter.calculate_statistics: burst DPS & burst HPS: 0 0
07:50:10.618 	Meter.calculate_statistics: percent: Non Numérique
07:50:10.629 	GraphEngine.paint_meter: first switch value 0 0
07:50:10.629 	GraphEngine.paint_meter: render damage
07:50:11.632 	Meter.calculate_statistics
07:50:11.632 	Meter.calculate_statistics: group not null and contains more 0
07:50:11.632 	Meter.calculate_statistics: party_total: 0
07:50:11.632 	Meter.calculate_statistics: DPS & HPS: 0 0
07:50:11.632 	Meter.calculate_statistics: burst DPS & burst HPS: 0 0
07:50:11.632 	Meter.calculate_statistics: percent: Non Numérique
07:50:11.644 	GraphEngine.paint_meter: first switch value 0 0
07:50:11.644 	GraphEngine.paint_meter: render damage
07:50:12.645 	Meter.calculate_statistics
07:50:12.645 	Meter.calculate_statistics: group not null and contains more 0
07:50:12.645 	Meter.calculate_statistics: party_total: 0
07:50:12.645 	Meter.calculate_statistics: DPS & HPS: 0 0
07:50:12.645 	Meter.calculate_statistics: burst DPS & burst HPS: 0 0
07:50:12.645 	Meter.calculate_statistics: percent: Non Numérique
07:50:12.658 	GraphEngine.paint_meter: first switch value 0 0
07:50:12.658 	GraphEngine.paint_meter: render damage
07:50:13.660 	Meter.calculate_statistics
07:50:13.660 	Meter.calculate_statistics: group not null and contains more 0
07:50:13.660 	Meter.calculate_statistics: party_total: 0
07:50:13.660 	Meter.calculate_statistics: DPS & HPS: 0 0
07:50:13.660 	Meter.calculate_statistics: burst DPS & burst HPS: 0 0
07:50:13.660 	Meter.calculate_statistics: percent: Non Numérique
07:50:13.672 	GraphEngine.paint_meter: first switch value 0 0
07:50:13.672 	GraphEngine.paint_meter: render damage
07:50:14.673 	Meter.calculate_statistics
07:50:14.673 	Meter.calculate_statistics: group not null and contains more 0
07:50:14.673 	Meter.calculate_statistics: party_total: 0
07:50:14.673 	Meter.calculate_statistics: DPS & HPS: 0 0
07:50:14.673 	Meter.calculate_statistics: burst DPS & burst HPS: 0 0
07:50:14.673 	Meter.calculate_statistics: percent: Non Numérique
07:50:14.679 	GraphEngine.paint_meter: first switch value 0 0
07:50:14.679 	GraphEngine.paint_meter: render damage
07:50:15.686 	Meter.calculate_statistics
07:50:15.686 	Meter.calculate_statistics: group not null and contains more 0
07:50:15.686 	Meter.calculate_statistics: party_total: 0
07:50:15.686 	Meter.calculate_statistics: DPS & HPS: 0 0
07:50:15.686 	Meter.calculate_statistics: burst DPS & burst HPS: 0 0
07:50:15.686 	Meter.calculate_statistics: percent: Non Numérique
07:50:15.698 	GraphEngine.paint_meter: first switch value 0 0
07:50:15.698 	GraphEngine.paint_meter: render damage
07:54:28.870 	Running application guid:3b48a4dc-8c28-440a-a687-3c449676132c version:0.0.4.3
07:54:45.058 	Player.Player: Vous
07:54:45.061 	PetTracker.PetTracker: init the structure
07:54:45.092 	Meter.calculate_statistics
07:54:45.092 	Meter.calculate_statistics: group not null and contains more 0
07:54:45.092 	Meter.calculate_statistics: party_total: 0
07:54:45.092 	Meter.calculate_statistics: DPS & HPS: 0 0
07:54:45.092 	Meter.calculate_statistics: burst DPS & burst HPS: 0 0
07:54:45.092 	Meter.calculate_statistics: percent: Non Numérique
07:54:45.103 	GraphEngine.paint_meter: first switch value 0 0
07:54:45.103 	GraphEngine.paint_meter: render damage
07:54:46.083 	Meter.calculate_statistics
07:54:46.083 	Meter.calculate_statistics: group not null and contains more 0
07:54:46.083 	Meter.calculate_statistics: party_total: 0
07:54:46.083 	Meter.calculate_statistics: DPS & HPS: 0 0
07:54:46.083 	Meter.calculate_statistics: burst DPS & burst HPS: 0 0
07:54:46.083 	Meter.calculate_statistics: percent: Non Numérique
07:54:46.095 	GraphEngine.paint_meter: first switch value 0 0
07:54:46.095 	GraphEngine.paint_meter: render damage
07:54:47.098 	Meter.calculate_statistics
07:54:47.098 	Meter.calculate_statistics: group not null and contains more 0
07:54:47.098 	Meter.calculate_statistics: party_total: 0
07:54:47.098 	Meter.calculate_statistics: DPS & HPS: 0 0
07:54:47.098 	Meter.calculate_statistics: burst DPS & burst HPS: 0 0
07:54:47.098 	Meter.calculate_statistics: percent: Non Numérique
07:54:47.109 	GraphEngine.paint_meter: first switch value 0 0
07:54:47.109 	GraphEngine.paint_meter: render damage
07:55:16.502 	Running application guid:3b48a4dc-8c28-440a-a687-3c449676132c version:0.0.4.3
07:55:30.568 	Player.Player: Vous
07:55:30.568 	PetTracker.PetTracker: init the structure
07:55:30.608 	Meter.calculate_statistics
07:55:30.608 	Meter.calculate_statistics: group not null and contains more 0
07:55:30.609 	Meter.calculate_statistics: party_total: 0
07:55:30.609 	Meter.calculate_statistics: DPS & HPS: 0 0
07:55:30.609 	Meter.calculate_statistics: burst DPS & burst HPS: 0 0
07:55:30.609 	Meter.calculate_statistics: percent: Non Numérique
07:55:30.621 	GraphEngine.paint_meter: first switch value 0 0
07:55:30.621 	GraphEngine.paint_meter: render damage
07:55:31.590 	Meter.calculate_statistics
07:55:31.590 	Meter.calculate_statistics: group not null and contains more 0
07:55:31.590 	Meter.calculate_statistics: party_total: 0
07:55:31.590 	Meter.calculate_statistics: DPS & HPS: 0 0
07:55:31.590 	Meter.calculate_statistics: burst DPS & burst HPS: 0 0
07:55:31.590 	Meter.calculate_statistics: percent: Non Numérique
07:55:31.602 	GraphEngine.paint_meter: first switch value 0 0
07:55:31.602 	GraphEngine.paint_meter: render damage
07:55:32.603 	Meter.calculate_statistics
07:55:32.603 	Meter.calculate_statistics: group not null and contains more 0
07:55:32.603 	Meter.calculate_statistics: party_total: 0
07:55:32.603 	Meter.calculate_statistics: DPS & HPS: 0 0
07:55:32.603 	Meter.calculate_statistics: burst DPS & burst HPS: 0 0
07:55:32.603 	Meter.calculate_statistics: percent: Non Numérique
07:55:32.615 	GraphEngine.paint_meter: first switch value 0 0
07:55:32.615 	GraphEngine.paint_meter: render damage
07:57:49.715 	Running application guid:3b48a4dc-8c28-440a-a687-3c449676132c version:0.0.4.3
07:58:06.423 	Player.Player: Vous
07:58:06.426 	PetTracker.PetTracker: init the structure
07:58:06.466 	Meter.calculate_statistics
07:58:06.466 	Meter.calculate_statistics: group not null and contains more 0
07:58:06.466 	Meter.calculate_statistics: party_total: 0
07:58:06.466 	Meter.calculate_statistics: DPS & HPS: 0 0
07:58:06.466 	Meter.calculate_statistics: burst DPS & burst HPS: 0 0
07:58:06.466 	Meter.calculate_statistics: percent: Non Numérique
07:58:06.481 	GraphEngine.paint_meter: first switch value 0 0
07:58:06.481 	GraphEngine.paint_meter: render damage
07:58:07.449 	Meter.calculate_statistics
07:58:07.449 	Meter.calculate_statistics: group not null and contains more 0
07:58:07.449 	Meter.calculate_statistics: party_total: 0
07:58:07.449 	Meter.calculate_statistics: DPS & HPS: 0 0
07:58:07.450 	Meter.calculate_statistics: burst DPS & burst HPS: 0 0
07:58:07.450 	Meter.calculate_statistics: percent: Non Numérique
07:58:07.461 	GraphEngine.paint_meter: first switch value 0 0
07:58:07.461 	GraphEngine.paint_meter: render damage
07:58:08.463 	Meter.calculate_statistics
07:58:08.463 	Meter.calculate_statistics: group not null and contains more 0
07:58:08.463 	Meter.calculate_statistics: party_total: 0
07:58:08.463 	Meter.calculate_statistics: DPS & HPS: 0 0
07:58:08.463 	Meter.calculate_statistics: burst DPS & burst HPS: 0 0
07:58:08.463 	Meter.calculate_statistics: percent: Non Numérique
07:58:08.475 	GraphEngine.paint_meter: first switch value 0 0
07:58:08.475 	GraphEngine.paint_meter: render damage
07:58:09.477 	Meter.calculate_statistics
07:58:09.477 	Meter.calculate_statistics: group not null and contains more 0
07:58:09.477 	Meter.calculate_statistics: party_total: 0
07:58:09.477 	Meter.calculate_statistics: DPS & HPS: 0 0
07:58:09.477 	Meter.calculate_statistics: burst DPS & burst HPS: 0 0
07:58:09.477 	Meter.calculate_statistics: percent: Non Numérique
07:58:09.498 	GraphEngine.paint_meter: first switch value 0 0
07:58:09.498 	GraphEngine.paint_meter: render damage
07:58:10.491 	Meter.calculate_statistics
07:58:10.491 	Meter.calculate_statistics: group not null and contains more 0
07:58:10.491 	Meter.calculate_statistics: party_total: 0
07:58:10.491 	Meter.calculate_statistics: DPS & HPS: 0 0
07:58:10.491 	Meter.calculate_statistics: burst DPS & burst HPS: 0 0
07:58:10.491 	Meter.calculate_statistics: percent: Non Numérique
07:58:10.498 	GraphEngine.paint_meter: first switch value 0 0
07:58:10.498 	GraphEngine.paint_meter: render damage
07:58:11.505 	Meter.calculate_statistics
07:58:11.505 	Meter.calculate_statistics: group not null and contains more 0
07:58:11.505 	Meter.calculate_statistics: party_total: 0
07:58:11.505 	Meter.calculate_statistics: DPS & HPS: 0 0
07:58:11.505 	Meter.calculate_statistics: burst DPS & burst HPS: 0 0
07:58:11.505 	Meter.calculate_statistics: percent: Non Numérique
07:58:11.516 	GraphEngine.paint_meter: first switch value 0 0
07:58:11.516 	GraphEngine.paint_meter: render damage
07:58:12.520 	Meter.calculate_statistics
07:58:12.520 	Meter.calculate_statistics: group not null and contains more 0
07:58:12.520 	Meter.calculate_statistics: party_total: 0
07:58:12.520 	Meter.calculate_statistics: DPS & HPS: 0 0
07:58:12.520 	Meter.calculate_statistics: burst DPS & burst HPS: 0 0
07:58:12.520 	Meter.calculate_statistics: percent: Non Numérique
07:58:12.526 	GraphEngine.paint_meter: first switch value 0 0
07:58:12.526 	GraphEngine.paint_meter: render damage
07:58:13.533 	Meter.calculate_statistics
07:58:13.533 	Meter.calculate_statistics: group not null and contains more 0
07:58:13.533 	Meter.calculate_statistics: party_total: 0
07:58:13.533 	Meter.calculate_statistics: DPS & HPS: 0 0
07:58:13.533 	Meter.calculate_statistics: burst DPS & burst HPS: 0 0
07:58:13.533 	Meter.calculate_statistics: percent: Non Numérique
07:58:13.545 	GraphEngine.paint_meter: first switch value 0 0
07:58:13.545 	GraphEngine.paint_meter: render damage
07:58:14.550 	Meter.calculate_statistics
07:58:14.550 	Meter.calculate_statistics: group not null and contains more 0
07:58:14.550 	Meter.calculate_statistics: party_total: 0
07:58:14.550 	Meter.calculate_statistics: DPS & HPS: 0 0
07:58:14.550 	Meter.calculate_statistics: burst DPS & burst HPS: 0 0
07:58:14.550 	Meter.calculate_statistics: percent: Non Numérique
07:58:14.558 	GraphEngine.paint_meter: first switch value 0 0
07:58:14.558 	GraphEngine.paint_meter: render damage
07:58:15.561 	Meter.calculate_statistics
07:58:15.561 	Meter.calculate_statistics: group not null and contains more 0
07:58:15.561 	Meter.calculate_statistics: party_total: 0
07:58:15.561 	Meter.calculate_statistics: DPS & HPS: 0 0
07:58:15.562 	Meter.calculate_statistics: burst DPS & burst HPS: 0 0
07:58:15.562 	Meter.calculate_statistics: percent: Non Numérique
07:58:15.570 	GraphEngine.paint_meter: first switch value 0 0
07:58:15.570 	GraphEngine.paint_meter: render damage
07:58:16.575 	Meter.calculate_statistics
07:58:16.575 	Meter.calculate_statistics: group not null and contains more 0
07:58:16.575 	Meter.calculate_statistics: party_total: 0
07:58:16.575 	Meter.calculate_statistics: DPS & HPS: 0 0
07:58:16.575 	Meter.calculate_statistics: burst DPS & burst HPS: 0 0
07:58:16.576 	Meter.calculate_statistics: percent: Non Numérique
07:58:16.584 	GraphEngine.paint_meter: first switch value 0 0
07:58:16.584 	GraphEngine.paint_meter: render damage
07:58:17.589 	Meter.calculate_statistics
07:58:17.589 	Meter.calculate_statistics: group not null and contains more 0
07:58:17.589 	Meter.calculate_statistics: party_total: 0
07:58:17.589 	Meter.calculate_statistics: DPS & HPS: 0 0
07:58:17.589 	Meter.calculate_statistics: burst DPS & burst HPS: 0 0
07:58:17.589 	Meter.calculate_statistics: percent: Non Numérique
07:58:17.596 	GraphEngine.paint_meter: first switch value 0 0
07:58:17.596 	GraphEngine.paint_meter: render damage
07:58:18.604 	Meter.calculate_statistics
07:58:18.604 	Meter.calculate_statistics: group not null and contains more 0
07:58:18.604 	Meter.calculate_statistics: party_total: 0
07:58:18.604 	Meter.calculate_statistics: DPS & HPS: 0 0
07:58:18.604 	Meter.calculate_statistics: burst DPS & burst HPS: 0 0
07:58:18.604 	Meter.calculate_statistics: percent: Non Numérique
07:58:18.610 	GraphEngine.paint_meter: first switch value 0 0
07:58:18.610 	GraphEngine.paint_meter: render damage
07:58:19.618 	Meter.calculate_statistics
07:58:19.618 	Meter.calculate_statistics: group not null and contains more 0
07:58:19.618 	Meter.calculate_statistics: party_total: 0
07:58:19.618 	Meter.calculate_statistics: DPS & HPS: 0 0
07:58:19.618 	Meter.calculate_statistics: burst DPS & burst HPS: 0 0
07:58:19.618 	Meter.calculate_statistics: percent: Non Numérique
07:58:19.624 	GraphEngine.paint_meter: first switch value 0 0
07:58:19.624 	GraphEngine.paint_meter: render damage
07:58:20.631 	Meter.calculate_statistics
07:58:20.631 	Meter.calculate_statistics: group not null and contains more 0
07:58:20.631 	Meter.calculate_statistics: party_total: 0
07:58:20.631 	Meter.calculate_statistics: DPS & HPS: 0 0
07:58:20.631 	Meter.calculate_statistics: burst DPS & burst HPS: 0 0
07:58:20.631 	Meter.calculate_statistics: percent: Non Numérique
07:58:20.643 	GraphEngine.paint_meter: first switch value 0 0
07:58:20.643 	GraphEngine.paint_meter: render damage
07:58:21.646 	Meter.calculate_statistics
07:58:21.646 	Meter.calculate_statistics: group not null and contains more 0
07:58:21.646 	Meter.calculate_statistics: party_total: 0
07:58:21.646 	Meter.calculate_statistics: DPS & HPS: 0 0
07:58:21.646 	Meter.calculate_statistics: burst DPS & burst HPS: 0 0
07:58:21.646 	Meter.calculate_statistics: percent: Non Numérique
07:58:21.657 	GraphEngine.paint_meter: first switch value 0 0
07:58:21.657 	GraphEngine.paint_meter: render damage
07:58:22.660 	Meter.calculate_statistics
07:58:22.660 	Meter.calculate_statistics: group not null and contains more 0
07:58:22.660 	Meter.calculate_statistics: party_total: 0
07:58:22.660 	Meter.calculate_statistics: DPS & HPS: 0 0
07:58:22.660 	Meter.calculate_statistics: burst DPS & burst HPS: 0 0
07:58:22.660 	Meter.calculate_statistics: percent: Non Numérique
07:58:22.672 	GraphEngine.paint_meter: first switch value 0 0
07:58:22.672 	GraphEngine.paint_meter: render damage
07:58:23.674 	Meter.calculate_statistics
07:58:23.674 	Meter.calculate_statistics: group not null and contains more 0
07:58:23.674 	Meter.calculate_statistics: party_total: 0
07:58:23.674 	Meter.calculate_statistics: DPS & HPS: 0 0
07:58:23.674 	Meter.calculate_statistics: burst DPS & burst HPS: 0 0
07:58:23.674 	Meter.calculate_statistics: percent: Non Numérique
07:58:23.688 	GraphEngine.paint_meter: first switch value 0 0
07:58:23.688 	GraphEngine.paint_meter: render damage
07:58:24.687 	Meter.calculate_statistics
07:58:24.687 	Meter.calculate_statistics: group not null and contains more 0
07:58:24.687 	Meter.calculate_statistics: party_total: 0
07:58:24.687 	Meter.calculate_statistics: DPS & HPS: 0 0
07:58:24.687 	Meter.calculate_statistics: burst DPS & burst HPS: 0 0
07:58:24.687 	Meter.calculate_statistics: percent: Non Numérique
07:58:24.698 	GraphEngine.paint_meter: first switch value 0 0
07:58:24.698 	GraphEngine.paint_meter: render damage
07:58:25.701 	Meter.calculate_statistics
07:58:25.701 	Meter.calculate_statistics: group not null and contains more 0
07:58:25.701 	Meter.calculate_statistics: party_total: 0
07:58:25.701 	Meter.calculate_statistics: DPS & HPS: 0 0
07:58:25.701 	Meter.calculate_statistics: burst DPS & burst HPS: 0 0
07:58:25.701 	Meter.calculate_statistics: percent: Non Numérique
07:58:25.707 	GraphEngine.paint_meter: first switch value 0 0
07:58:25.707 	GraphEngine.paint_meter: render damage
07:58:26.715 	Meter.calculate_statistics
07:58:26.715 	Meter.calculate_statistics: group not null and contains more 0
07:58:26.715 	Meter.calculate_statistics: party_total: 0
07:58:26.715 	Meter.calculate_statistics: DPS & HPS: 0 0
07:58:26.715 	Meter.calculate_statistics: burst DPS & burst HPS: 0 0
07:58:26.715 	Meter.calculate_statistics: percent: Non Numérique
07:58:26.727 	GraphEngine.paint_meter: first switch value 0 0
07:58:26.727 	GraphEngine.paint_meter: render damage
07:58:27.730 	Meter.calculate_statistics
07:58:27.730 	Meter.calculate_statistics: group not null and contains more 0
07:58:27.730 	Meter.calculate_statistics: party_total: 0
07:58:27.730 	Meter.calculate_statistics: DPS & HPS: 0 0
07:58:27.730 	Meter.calculate_statistics: burst DPS & burst HPS: 0 0
07:58:27.730 	Meter.calculate_statistics: percent: Non Numérique
07:58:27.736 	GraphEngine.paint_meter: first switch value 0 0
07:58:27.736 	GraphEngine.paint_meter: render damage
08:05:26.328 	Running application guid:3b48a4dc-8c28-440a-a687-3c449676132c version:0.0.4.3
08:05:41.913 	Player.Player: Vous
08:05:41.915 	PetTracker.PetTracker: init the structure
08:05:41.991 	Meter.calculate_statistics
08:05:41.991 	Meter.calculate_statistics: group not null and contains more 0
08:05:41.992 	Meter.calculate_statistics: party_total: 0
08:05:41.992 	Meter.calculate_statistics: DPS & HPS: 0 0
08:05:41.992 	Meter.calculate_statistics: burst DPS & burst HPS: 0 0
08:05:41.992 	Meter.calculate_statistics: percent: Non Numérique
08:05:42.019 	GraphEngine.paint_meter: first switch value 0 0
08:05:42.019 	GraphEngine.paint_meter: render damage
08:05:42.895 	Meter.calculate_statistics
08:05:42.895 	Meter.calculate_statistics: group not null and contains more 0
08:05:42.895 	Meter.calculate_statistics: party_total: 0
08:05:42.895 	Meter.calculate_statistics: DPS & HPS: 0 0
08:05:42.895 	Meter.calculate_statistics: burst DPS & burst HPS: 0 0
08:05:42.895 	Meter.calculate_statistics: percent: Non Numérique
08:05:42.924 	GraphEngine.paint_meter: first switch value 0 0
08:05:42.924 	GraphEngine.paint_meter: render damage
08:10:48.932 	Running application guid:3b48a4dc-8c28-440a-a687-3c449676132c version:0.0.4.3
08:10:59.389 	Player.Player: Vous
08:10:59.390 	PetTracker.PetTracker: init the structure
08:10:59.432 	Meter.calculate_statistics
08:10:59.432 	Meter.calculate_statistics: group not null and contains more 0
08:10:59.432 	Meter.calculate_statistics: party_total: 0
08:10:59.432 	Meter.calculate_statistics: DPS & HPS: 0 0
08:10:59.432 	Meter.calculate_statistics: burst DPS & burst HPS: 0 0
08:10:59.432 	Meter.calculate_statistics: percent: Non Numérique
08:10:59.451 	GraphEngine.paint_meter: first switch value 0 0
08:10:59.451 	GraphEngine.paint_meter: render damage
08:11:00.404 	Meter.calculate_statistics
08:11:00.404 	Meter.calculate_statistics: group not null and contains more 0
08:11:00.404 	Meter.calculate_statistics: party_total: 0
08:11:00.404 	Meter.calculate_statistics: DPS & HPS: 0 0
08:11:00.404 	Meter.calculate_statistics: burst DPS & burst HPS: 0 0
08:11:00.404 	Meter.calculate_statistics: percent: Non Numérique
08:11:00.415 	GraphEngine.paint_meter: first switch value 0 0
08:11:00.415 	GraphEngine.paint_meter: render damage
08:57:07.571 	Running application guid:3b48a4dc-8c28-440a-a687-3c449676132c version:0.0.4.3
08:57:19.198 	Player.Player: Vous
08:57:19.202 	PetTracker.PetTracker: init the structure
08:57:19.478 	Meter.calculate_statistics
08:57:19.478 	Meter.calculate_statistics: group not null and contains more 0
08:57:19.479 	Meter.calculate_statistics: party_total: 0
08:57:19.479 	Meter.calculate_statistics: DPS & HPS: 0 0
08:57:19.479 	Meter.calculate_statistics: burst DPS & burst HPS: 0 0
08:57:19.479 	Meter.calculate_statistics: percent: Non Numérique
08:57:19.507 	GraphEngine.paint_meter: first switch value 0 0
08:57:19.507 	GraphEngine.paint_meter: render damage
08:57:20.279 	Meter.calculate_statistics
08:57:20.279 	Meter.calculate_statistics: group not null and contains more 0
08:57:20.279 	Meter.calculate_statistics: party_total: 0
08:57:20.279 	Meter.calculate_statistics: DPS & HPS: 0 0
08:57:20.279 	Meter.calculate_statistics: burst DPS & burst HPS: 0 0
08:57:20.279 	Meter.calculate_statistics: percent: Non Numérique
08:57:20.295 	GraphEngine.paint_meter: first switch value 0 0
08:57:20.295 	GraphEngine.paint_meter: render damage
08:59:12.978 	Running application guid:3b48a4dc-8c28-440a-a687-3c449676132c version:0.0.4.3
08:59:23.417 	Player.Player: Vous
08:59:23.418 	PetTracker.PetTracker: init the structure
08:59:23.550 	Meter.calculate_statistics
08:59:23.550 	Meter.calculate_statistics: group not null and contains more 0
08:59:23.550 	Meter.calculate_statistics: party_total: 0
08:59:23.550 	Meter.calculate_statistics: DPS & HPS: 0 0
08:59:23.550 	Meter.calculate_statistics: burst DPS & burst HPS: 0 0
08:59:23.550 	Meter.calculate_statistics: percent: Non Numérique
08:59:23.561 	GraphEngine.paint_meter: first switch value 0 0
08:59:23.561 	GraphEngine.paint_meter: render damage
08:59:24.518 	Meter.calculate_statistics
08:59:24.518 	Meter.calculate_statistics: group not null and contains more 0
08:59:24.518 	Meter.calculate_statistics: party_total: 0
08:59:24.518 	Meter.calculate_statistics: DPS & HPS: 0 0
08:59:24.518 	Meter.calculate_statistics: burst DPS & burst HPS: 0 0
08:59:24.518 	Meter.calculate_statistics: percent: Non Numérique
08:59:24.530 	GraphEngine.paint_meter: first switch value 0 0
08:59:24.530 	GraphEngine.paint_meter: render damage
09:00:34.272 	versions are equal
09:00:34.294 	Running application guid:3b48a4dc-8c28-440a-a687-3c449676132c version:0.0.4.3
09:00:44.717 	Player.Player: Vous
09:00:44.720 	PetTracker.PetTracker: init the structure
09:00:44.760 	Meter.calculate_statistics
09:00:44.760 	Meter.calculate_statistics: group not null and contains more 0
09:00:44.760 	Meter.calculate_statistics: party_total: 0
09:00:44.760 	Meter.calculate_statistics: DPS & HPS: 0 0
09:00:44.760 	Meter.calculate_statistics: burst DPS & burst HPS: 0 0
09:00:44.760 	Meter.calculate_statistics: percent: Non Numérique
09:00:44.774 	GraphEngine.paint_meter: first switch value 0 0
09:00:44.774 	GraphEngine.paint_meter: render damage
09:00:45.734 	Meter.calculate_statistics
09:00:45.734 	Meter.calculate_statistics: group not null and contains more 0
09:00:45.734 	Meter.calculate_statistics: party_total: 0
09:00:45.734 	Meter.calculate_statistics: DPS & HPS: 0 0
09:00:45.734 	Meter.calculate_statistics: burst DPS & burst HPS: 0 0
09:00:45.734 	Meter.calculate_statistics: percent: Non Numérique
09:00:45.744 	GraphEngine.paint_meter: first switch value 0 0
09:00:45.744 	GraphEngine.paint_meter: render damage
09:00:46.746 	Meter.calculate_statistics
09:00:46.746 	Meter.calculate_statistics: group not null and contains more 0
09:00:46.746 	Meter.calculate_statistics: party_total: 0
09:00:46.747 	Meter.calculate_statistics: DPS & HPS: 0 0
09:00:46.747 	Meter.calculate_statistics: burst DPS & burst HPS: 0 0
09:00:46.747 	Meter.calculate_statistics: percent: Non Numérique
09:00:46.758 	GraphEngine.paint_meter: first switch value 0 0
09:00:46.758 	GraphEngine.paint_meter: render damage
09:00:47.760 	Meter.calculate_statistics
09:00:47.760 	Meter.calculate_statistics: group not null and contains more 0
09:00:47.760 	Meter.calculate_statistics: party_total: 0
09:00:47.760 	Meter.calculate_statistics: DPS & HPS: 0 0
09:00:47.760 	Meter.calculate_statistics: burst DPS & burst HPS: 0 0
09:00:47.760 	Meter.calculate_statistics: percent: Non Numérique
09:00:47.770 	GraphEngine.paint_meter: first switch value 0 0
09:00:47.770 	GraphEngine.paint_meter: render damage
