06:08:05.533 	Meter.calculate_statistics: percent: Non Numérique
06:08:05.548 	GraphEngine.paint_meter: first switch value 0 0
06:08:05.548 	GraphEngine.paint_meter: render damage
06:08:06.547 	Meter.calculate_statistics
06:08:06.547 	Meter.calculate_statistics: group not null and contains more 0
06:08:06.547 	Meter.calculate_statistics: party_total: 0
06:08:06.547 	Meter.calculate_statistics: DPS & HPS: 0 0
06:08:06.547 	Meter.calculate_statistics: burst DPS & burst HPS: 0 0
06:08:06.547 	Meter.calculate_statistics: percent: Non Numérique
06:08:06.566 	GraphEngine.paint_meter: first switch value 0 0
06:08:06.566 	GraphEngine.paint_meter: render damage
06:08:07.561 	Meter.calculate_statistics
06:08:07.561 	Meter.calculate_statistics: group not null and contains more 0
06:08:07.561 	Meter.calculate_statistics: party_total: 0
06:08:07.561 	Meter.calculate_statistics: DPS & HPS: 0 0
06:08:07.561 	Meter.calculate_statistics: burst DPS & burst HPS: 0 0
06:08:07.561 	Meter.calculate_statistics: percent: Non Numérique
06:08:07.579 	GraphEngine.paint_meter: first switch value 0 0
06:08:07.579 	GraphEngine.paint_meter: render damage
06:08:08.575 	Meter.calculate_statistics
06:08:08.575 	Meter.calculate_statistics: group not null and contains more 0
06:08:08.575 	Meter.calculate_statistics: party_total: 0
06:08:08.575 	Meter.calculate_statistics: DPS & HPS: 0 0
06:08:08.575 	Meter.calculate_statistics: burst DPS & burst HPS: 0 0
06:08:08.575 	Meter.calculate_statistics: percent: Non Numérique
06:08:08.590 	GraphEngine.paint_meter: first switch value 0 0
06:08:08.590 	GraphEngine.paint_meter: render damage
06:08:09.589 	Meter.calculate_statistics
06:08:09.589 	Meter.calculate_statistics: group not null and contains more 0
06:08:09.589 	Meter.calculate_statistics: party_total: 0
06:08:09.589 	Meter.calculate_statistics: DPS & HPS: 0 0
06:08:09.589 	Meter.calculate_statistics: burst DPS & burst HPS: 0 0
06:08:09.589 	Meter.calculate_statistics: percent: Non Numérique
06:08:09.606 	GraphEngine.paint_meter: first switch value 0 0
06:08:09.606 	GraphEngine.paint_meter: render damage
06:08:10.603 	Meter.calculate_statistics
06:08:10.603 	Meter.calculate_statistics: group not null and contains more 0
06:08:10.603 	Meter.calculate_statistics: party_total: 0
06:08:10.603 	Meter.calculate_statistics: DPS & HPS: 0 0
06:08:10.603 	Meter.calculate_statistics: burst DPS & burst HPS: 0 0
06:08:10.603 	Meter.calculate_statistics: percent: Non Numérique
06:08:10.620 	GraphEngine.paint_meter: first switch value 0 0
06:08:10.620 	GraphEngine.paint_meter: render damage
06:08:11.617 	Meter.calculate_statistics
06:08:11.617 	Meter.calculate_statistics: group not null and contains more 0
06:08:11.617 	Meter.calculate_statistics: party_total: 0
06:08:11.617 	Meter.calculate_statistics: DPS & HPS: 0 0
06:08:11.617 	Meter.calculate_statistics: burst DPS & burst HPS: 0 0
06:08:11.617 	Meter.calculate_statistics: percent: Non Numérique
06:08:11.634 	GraphEngine.paint_meter: first switch value 0 0
06:08:11.634 	GraphEngine.paint_meter: render damage
06:08:12.631 	Meter.calculate_statistics
06:08:12.631 	Meter.calculate_statistics: group not null and contains more 0
06:08:12.631 	Meter.calculate_statistics: party_total: 0
06:08:12.631 	Meter.calculate_statistics: DPS & HPS: 0 0
06:08:12.631 	Meter.calculate_statistics: burst DPS & burst HPS: 0 0
06:08:12.631 	Meter.calculate_statistics: percent: Non Numérique
06:08:12.649 	GraphEngine.paint_meter: first switch value 0 0
06:08:12.649 	GraphEngine.paint_meter: render damage
06:08:13.645 	Meter.calculate_statistics
06:08:13.645 	Meter.calculate_statistics: group not null and contains more 0
06:08:13.645 	Meter.calculate_statistics: party_total: 0
06:08:13.645 	Meter.calculate_statistics: DPS & HPS: 0 0
06:08:13.645 	Meter.calculate_statistics: burst DPS & burst HPS: 0 0
06:08:13.645 	Meter.calculate_statistics: percent: Non Numérique
06:08:13.660 	GraphEngine.paint_meter: first switch value 0 0
06:08:13.660 	GraphEngine.paint_meter: render damage
06:08:14.660 	Meter.calculate_statistics
06:08:14.660 	Meter.calculate_statistics: group not null and contains more 0
06:08:14.660 	Meter.calculate_statistics: party_total: 0
06:08:14.660 	Meter.calculate_statistics: DPS & HPS: 0 0
06:08:14.660 	Meter.calculate_statistics: burst DPS & burst HPS: 0 0
06:08:14.660 	Meter.calculate_statistics: percent: Non Numérique
06:08:14.675 	GraphEngine.paint_meter: first switch value 0 0
06:08:14.675 	GraphEngine.paint_meter: render damage
06:08:15.674 	Meter.calculate_statistics
06:08:15.674 	Meter.calculate_statistics: group not null and contains more 0
06:08:15.674 	Meter.calculate_statistics: party_total: 0
06:08:15.674 	Meter.calculate_statistics: DPS & HPS: 0 0
06:08:15.674 	Meter.calculate_statistics: burst DPS & burst HPS: 0 0
06:08:15.674 	Meter.calculate_statistics: percent: Non Numérique
06:08:15.693 	GraphEngine.paint_meter: first switch value 0 0
06:08:15.693 	GraphEngine.paint_meter: render damage
06:08:16.688 	Meter.calculate_statistics
06:08:16.688 	Meter.calculate_statistics: group not null and contains more 0
06:08:16.688 	Meter.calculate_statistics: party_total: 0
06:08:16.688 	Meter.calculate_statistics: DPS & HPS: 0 0
06:08:16.688 	Meter.calculate_statistics: burst DPS & burst HPS: 0 0
06:08:16.688 	Meter.calculate_statistics: percent: Non Numérique
06:08:16.705 	GraphEngine.paint_meter: first switch value 0 0
06:08:16.705 	GraphEngine.paint_meter: render damage
06:08:17.702 	Meter.calculate_statistics
06:08:17.702 	Meter.calculate_statistics: group not null and contains more 0
06:08:17.702 	Meter.calculate_statistics: party_total: 0
06:08:17.702 	Meter.calculate_statistics: DPS & HPS: 0 0
06:08:17.702 	Meter.calculate_statistics: burst DPS & burst HPS: 0 0
06:08:17.702 	Meter.calculate_statistics: percent: Non Numérique
06:08:17.730 	GraphEngine.paint_meter: first switch value 0 0
06:08:17.730 	GraphEngine.paint_meter: render damage
06:08:18.716 	Meter.calculate_statistics
06:08:18.716 	Meter.calculate_statistics: group not null and contains more 0
06:08:18.716 	Meter.calculate_statistics: party_total: 0
06:08:18.716 	Meter.calculate_statistics: DPS & HPS: 0 0
06:08:18.716 	Meter.calculate_statistics: burst DPS & burst HPS: 0 0
06:08:18.716 	Meter.calculate_statistics: percent: Non Numérique
06:08:18.734 	GraphEngine.paint_meter: first switch value 0 0
06:08:18.734 	GraphEngine.paint_meter: render damage
06:08:19.729 	Meter.calculate_statistics
06:08:19.729 	Meter.calculate_statistics: group not null and contains more 0
06:08:19.729 	Meter.calculate_statistics: party_total: 0
06:08:19.729 	Meter.calculate_statistics: DPS & HPS: 0 0
06:08:19.729 	Meter.calculate_statistics: burst DPS & burst HPS: 0 0
06:08:19.729 	Meter.calculate_statistics: percent: Non Numérique
06:08:19.748 	GraphEngine.paint_meter: first switch value 0 0
06:08:19.748 	GraphEngine.paint_meter: render damage
06:08:20.743 	Meter.calculate_statistics
06:08:20.743 	Meter.calculate_statistics: group not null and contains more 0
06:08:20.743 	Meter.calculate_statistics: party_total: 0
06:08:20.743 	Meter.calculate_statistics: DPS & HPS: 0 0
06:08:20.743 	Meter.calculate_statistics: burst DPS & burst HPS: 0 0
06:08:20.743 	Meter.calculate_statistics: percent: Non Numérique
06:08:20.767 	GraphEngine.paint_meter: first switch value 0 0
06:08:20.767 	GraphEngine.paint_meter: render damage
06:08:21.757 	Meter.calculate_statistics
06:08:21.757 	Meter.calculate_statistics: group not null and contains more 0
06:08:21.757 	Meter.calculate_statistics: party_total: 0
06:08:21.757 	Meter.calculate_statistics: DPS & HPS: 0 0
06:08:21.757 	Meter.calculate_statistics: burst DPS & burst HPS: 0 0
06:08:21.757 	Meter.calculate_statistics: percent: Non Numérique
06:08:21.780 	GraphEngine.paint_meter: first switch value 0 0
06:08:21.780 	GraphEngine.paint_meter: render damage
06:08:22.773 	Meter.calculate_statistics
06:08:22.774 	Meter.calculate_statistics: group not null and contains more 0
06:08:22.774 	Meter.calculate_statistics: party_total: 0
06:08:22.774 	Meter.calculate_statistics: DPS & HPS: 0 0
06:08:22.774 	Meter.calculate_statistics: burst DPS & burst HPS: 0 0
06:08:22.774 	Meter.calculate_statistics: percent: Non Numérique
06:08:22.798 	GraphEngine.paint_meter: first switch value 0 0
06:08:22.798 	GraphEngine.paint_meter: render damage
06:08:23.786 	Meter.calculate_statistics
06:08:23.786 	Meter.calculate_statistics: group not null and contains more 0
06:08:23.786 	Meter.calculate_statistics: party_total: 0
06:08:23.786 	Meter.calculate_statistics: DPS & HPS: 0 0
06:08:23.786 	Meter.calculate_statistics: burst DPS & burst HPS: 0 0
06:08:23.786 	Meter.calculate_statistics: percent: Non Numérique
06:08:23.811 	GraphEngine.paint_meter: first switch value 0 0
06:08:23.811 	GraphEngine.paint_meter: render damage
06:08:24.800 	Meter.calculate_statistics
06:08:24.800 	Meter.calculate_statistics: group not null and contains more 0
06:08:24.800 	Meter.calculate_statistics: party_total: 0
06:08:24.800 	Meter.calculate_statistics: DPS & HPS: 0 0
06:08:24.800 	Meter.calculate_statistics: burst DPS & burst HPS: 0 0
06:08:24.800 	Meter.calculate_statistics: percent: Non Numérique
06:08:24.829 	GraphEngine.paint_meter: first switch value 0 0
06:08:24.829 	GraphEngine.paint_meter: render damage
06:08:25.813 	Meter.calculate_statistics
06:08:25.813 	Meter.calculate_statistics: group not null and contains more 0
06:08:25.813 	Meter.calculate_statistics: party_total: 0
06:08:25.813 	Meter.calculate_statistics: DPS & HPS: 0 0
06:08:25.813 	Meter.calculate_statistics: burst DPS & burst HPS: 0 0
06:08:25.813 	Meter.calculate_statistics: percent: Non Numérique
06:08:25.842 	GraphEngine.paint_meter: first switch value 0 0
06:08:25.842 	GraphEngine.paint_meter: render damage
06:08:26.830 	Meter.calculate_statistics
06:08:26.830 	Meter.calculate_statistics: group not null and contains more 0
06:08:26.830 	Meter.calculate_statistics: party_total: 0
06:08:26.830 	Meter.calculate_statistics: DPS & HPS: 0 0
06:08:26.830 	Meter.calculate_statistics: burst DPS & burst HPS: 0 0
06:08:26.830 	Meter.calculate_statistics: percent: Non Numérique
06:08:26.858 	GraphEngine.paint_meter: first switch value 0 0
06:08:26.859 	GraphEngine.paint_meter: render damage
06:08:27.842 	Meter.calculate_statistics
06:08:27.842 	Meter.calculate_statistics: group not null and contains more 0
06:08:27.842 	Meter.calculate_statistics: party_total: 0
06:08:27.842 	Meter.calculate_statistics: DPS & HPS: 0 0
06:08:27.842 	Meter.calculate_statistics: burst DPS & burst HPS: 0 0
06:08:27.842 	Meter.calculate_statistics: percent: Non Numérique
06:08:27.865 	GraphEngine.paint_meter: first switch value 0 0
06:08:27.865 	GraphEngine.paint_meter: render damage
06:08:28.856 	Meter.calculate_statistics
06:08:28.856 	Meter.calculate_statistics: group not null and contains more 0
06:08:28.856 	Meter.calculate_statistics: party_total: 0
06:08:28.856 	Meter.calculate_statistics: DPS & HPS: 0 0
06:08:28.856 	Meter.calculate_statistics: burst DPS & burst HPS: 0 0
06:08:28.856 	Meter.calculate_statistics: percent: Non Numérique
06:08:28.883 	GraphEngine.paint_meter: first switch value 0 0
06:08:28.883 	GraphEngine.paint_meter: render damage
06:08:29.869 	Meter.calculate_statistics
06:08:29.869 	Meter.calculate_statistics: group not null and contains more 0
06:08:29.869 	Meter.calculate_statistics: party_total: 0
06:08:29.869 	Meter.calculate_statistics: DPS & HPS: 0 0
06:08:29.869 	Meter.calculate_statistics: burst DPS & burst HPS: 0 0
06:08:29.869 	Meter.calculate_statistics: percent: Non Numérique
06:08:29.897 	GraphEngine.paint_meter: first switch value 0 0
06:08:29.897 	GraphEngine.paint_meter: render damage
06:08:30.883 	Meter.calculate_statistics
06:08:30.883 	Meter.calculate_statistics: group not null and contains more 0
06:08:30.883 	Meter.calculate_statistics: party_total: 0
06:08:30.883 	Meter.calculate_statistics: DPS & HPS: 0 0
06:08:30.883 	Meter.calculate_statistics: burst DPS & burst HPS: 0 0
06:08:30.883 	Meter.calculate_statistics: percent: Non Numérique
06:08:30.911 	GraphEngine.paint_meter: first switch value 0 0
06:08:30.911 	GraphEngine.paint_meter: render damage
06:08:31.897 	Meter.calculate_statistics
06:08:31.897 	Meter.calculate_statistics: group not null and contains more 0
06:08:31.897 	Meter.calculate_statistics: party_total: 0
06:08:31.897 	Meter.calculate_statistics: DPS & HPS: 0 0
06:08:31.897 	Meter.calculate_statistics: burst DPS & burst HPS: 0 0
06:08:31.897 	Meter.calculate_statistics: percent: Non Numérique
06:08:31.918 	GraphEngine.paint_meter: first switch value 0 0
06:08:31.918 	GraphEngine.paint_meter: render damage
06:08:32.912 	Meter.calculate_statistics
06:08:32.912 	Meter.calculate_statistics: group not null and contains more 0
06:08:32.912 	Meter.calculate_statistics: party_total: 0
06:08:32.912 	Meter.calculate_statistics: DPS & HPS: 0 0
06:08:32.912 	Meter.calculate_statistics: burst DPS & burst HPS: 0 0
06:08:32.912 	Meter.calculate_statistics: percent: Non Numérique
06:08:32.937 	GraphEngine.paint_meter: first switch value 0 0
06:08:32.937 	GraphEngine.paint_meter: render damage
06:08:33.926 	Meter.calculate_statistics
06:08:33.926 	Meter.calculate_statistics: group not null and contains more 0
06:08:33.926 	Meter.calculate_statistics: party_total: 0
06:08:33.926 	Meter.calculate_statistics: DPS & HPS: 0 0
06:08:33.926 	Meter.calculate_statistics: burst DPS & burst HPS: 0 0
06:08:33.926 	Meter.calculate_statistics: percent: Non Numérique
06:08:33.945 	GraphEngine.paint_meter: first switch value 0 0
06:08:33.945 	GraphEngine.paint_meter: render damage
06:08:34.940 	Meter.calculate_statistics
06:08:34.941 	Meter.calculate_statistics: group not null and contains more 0
06:08:34.941 	Meter.calculate_statistics: party_total: 0
06:08:34.941 	Meter.calculate_statistics: DPS & HPS: 0 0
06:08:34.941 	Meter.calculate_statistics: burst DPS & burst HPS: 0 0
06:08:34.941 	Meter.calculate_statistics: percent: Non Numérique
06:08:34.961 	GraphEngine.paint_meter: first switch value 0 0
06:08:34.961 	GraphEngine.paint_meter: render damage
06:08:35.954 	Meter.calculate_statistics
06:08:35.954 	Meter.calculate_statistics: group not null and contains more 0
06:08:35.954 	Meter.calculate_statistics: party_total: 0
06:08:35.954 	Meter.calculate_statistics: DPS & HPS: 0 0
06:08:35.954 	Meter.calculate_statistics: burst DPS & burst HPS: 0 0
06:08:35.954 	Meter.calculate_statistics: percent: Non Numérique
06:08:35.974 	GraphEngine.paint_meter: first switch value 0 0
06:08:35.974 	GraphEngine.paint_meter: render damage
06:08:36.968 	Meter.calculate_statistics
06:08:36.969 	Meter.calculate_statistics: group not null and contains more 0
06:08:36.969 	Meter.calculate_statistics: party_total: 0
06:08:36.969 	Meter.calculate_statistics: DPS & HPS: 0 0
06:08:36.969 	Meter.calculate_statistics: burst DPS & burst HPS: 0 0
06:08:36.969 	Meter.calculate_statistics: percent: Non Numérique
06:08:36.993 	GraphEngine.paint_meter: first switch value 0 0
06:08:36.993 	GraphEngine.paint_meter: render damage
06:08:37.983 	Meter.calculate_statistics
06:08:37.983 	Meter.calculate_statistics: group not null and contains more 0
06:08:37.983 	Meter.calculate_statistics: party_total: 0
06:08:37.983 	Meter.calculate_statistics: DPS & HPS: 0 0
06:08:37.983 	Meter.calculate_statistics: burst DPS & burst HPS: 0 0
06:08:37.983 	Meter.calculate_statistics: percent: Non Numérique
06:08:38.007 	GraphEngine.paint_meter: first switch value 0 0
06:08:38.007 	GraphEngine.paint_meter: render damage
06:08:38.997 	Meter.calculate_statistics
06:08:38.997 	Meter.calculate_statistics: group not null and contains more 0
06:08:38.997 	Meter.calculate_statistics: party_total: 0
06:08:38.997 	Meter.calculate_statistics: DPS & HPS: 0 0
06:08:38.997 	Meter.calculate_statistics: burst DPS & burst HPS: 0 0
06:08:38.997 	Meter.calculate_statistics: percent: Non Numérique
06:08:39.023 	GraphEngine.paint_meter: first switch value 0 0
06:08:39.023 	GraphEngine.paint_meter: render damage
06:08:40.009 	Meter.calculate_statistics
06:08:40.009 	Meter.calculate_statistics: group not null and contains more 0
06:08:40.010 	Meter.calculate_statistics: party_total: 0
06:08:40.010 	Meter.calculate_statistics: DPS & HPS: 0 0
06:08:40.010 	Meter.calculate_statistics: burst DPS & burst HPS: 0 0
06:08:40.010 	Meter.calculate_statistics: percent: Non Numérique
06:08:40.032 	GraphEngine.paint_meter: first switch value 0 0
06:08:40.032 	GraphEngine.paint_meter: render damage
06:08:41.023 	Meter.calculate_statistics
06:08:41.023 	Meter.calculate_statistics: group not null and contains more 0
06:08:41.023 	Meter.calculate_statistics: party_total: 0
06:08:41.023 	Meter.calculate_statistics: DPS & HPS: 0 0
06:08:41.023 	Meter.calculate_statistics: burst DPS & burst HPS: 0 0
06:08:41.023 	Meter.calculate_statistics: percent: Non Numérique
06:08:41.048 	GraphEngine.paint_meter: first switch value 0 0
06:08:41.048 	GraphEngine.paint_meter: render damage
06:08:42.038 	Meter.calculate_statistics
06:08:42.038 	Meter.calculate_statistics: group not null and contains more 0
06:08:42.038 	Meter.calculate_statistics: party_total: 0
06:08:42.038 	Meter.calculate_statistics: DPS & HPS: 0 0
06:08:42.038 	Meter.calculate_statistics: burst DPS & burst HPS: 0 0
06:08:42.038 	Meter.calculate_statistics: percent: Non Numérique
06:08:42.063 	GraphEngine.paint_meter: first switch value 0 0
06:08:42.063 	GraphEngine.paint_meter: render damage
06:08:43.051 	Meter.calculate_statistics
06:08:43.051 	Meter.calculate_statistics: group not null and contains more 0
06:08:43.051 	Meter.calculate_statistics: party_total: 0
06:08:43.051 	Meter.calculate_statistics: DPS & HPS: 0 0
06:08:43.052 	Meter.calculate_statistics: burst DPS & burst HPS: 0 0
06:08:43.052 	Meter.calculate_statistics: percent: Non Numérique
06:08:43.077 	GraphEngine.paint_meter: first switch value 0 0
06:08:43.077 	GraphEngine.paint_meter: render damage
06:08:44.066 	Meter.calculate_statistics
06:08:44.066 	Meter.calculate_statistics: group not null and contains more 0
06:08:44.066 	Meter.calculate_statistics: party_total: 0
06:08:44.066 	Meter.calculate_statistics: DPS & HPS: 0 0
06:08:44.066 	Meter.calculate_statistics: burst DPS & burst HPS: 0 0
06:08:44.066 	Meter.calculate_statistics: percent: Non Numérique
06:08:44.085 	GraphEngine.paint_meter: first switch value 0 0
06:08:44.085 	GraphEngine.paint_meter: render damage
06:08:45.080 	Meter.calculate_statistics
06:08:45.080 	Meter.calculate_statistics: group not null and contains more 0
06:08:45.080 	Meter.calculate_statistics: party_total: 0
06:08:45.080 	Meter.calculate_statistics: DPS & HPS: 0 0
06:08:45.080 	Meter.calculate_statistics: burst DPS & burst HPS: 0 0
06:08:45.080 	Meter.calculate_statistics: percent: Non Numérique
06:08:45.101 	GraphEngine.paint_meter: first switch value 0 0
06:08:45.101 	GraphEngine.paint_meter: render damage
06:08:46.094 	Meter.calculate_statistics
06:08:46.094 	Meter.calculate_statistics: group not null and contains more 0
06:08:46.094 	Meter.calculate_statistics: party_total: 0
06:08:46.094 	Meter.calculate_statistics: DPS & HPS: 0 0
06:08:46.094 	Meter.calculate_statistics: burst DPS & burst HPS: 0 0
06:08:46.094 	Meter.calculate_statistics: percent: Non Numérique
06:08:46.115 	GraphEngine.paint_meter: first switch value 0 0
06:08:46.115 	GraphEngine.paint_meter: render damage
06:08:47.107 	Meter.calculate_statistics
06:08:47.107 	Meter.calculate_statistics: group not null and contains more 0
06:08:47.107 	Meter.calculate_statistics: party_total: 0
06:08:47.107 	Meter.calculate_statistics: DPS & HPS: 0 0
06:08:47.108 	Meter.calculate_statistics: burst DPS & burst HPS: 0 0
06:08:47.108 	Meter.calculate_statistics: percent: Non Numérique
06:08:47.123 	GraphEngine.paint_meter: first switch value 0 0
06:08:47.123 	GraphEngine.paint_meter: render damage
06:08:48.122 	Meter.calculate_statistics
06:08:48.122 	Meter.calculate_statistics: group not null and contains more 0
06:08:48.122 	Meter.calculate_statistics: party_total: 0
06:08:48.122 	Meter.calculate_statistics: DPS & HPS: 0 0
06:08:48.122 	Meter.calculate_statistics: burst DPS & burst HPS: 0 0
06:08:48.122 	Meter.calculate_statistics: percent: Non Numérique
06:08:48.143 	GraphEngine.paint_meter: first switch value 0 0
06:08:48.143 	GraphEngine.paint_meter: render damage
06:08:49.135 	Meter.calculate_statistics
06:08:49.136 	Meter.calculate_statistics: group not null and contains more 0
06:08:49.136 	Meter.calculate_statistics: party_total: 0
06:08:49.136 	Meter.calculate_statistics: DPS & HPS: 0 0
06:08:49.136 	Meter.calculate_statistics: burst DPS & burst HPS: 0 0
06:08:49.136 	Meter.calculate_statistics: percent: Non Numérique
06:08:49.159 	GraphEngine.paint_meter: first switch value 0 0
06:08:49.159 	GraphEngine.paint_meter: render damage
06:08:50.150 	Meter.calculate_statistics
06:08:50.150 	Meter.calculate_statistics: group not null and contains more 0
06:08:50.150 	Meter.calculate_statistics: party_total: 0
06:08:50.151 	Meter.calculate_statistics: DPS & HPS: 0 0
06:08:50.151 	Meter.calculate_statistics: burst DPS & burst HPS: 0 0
06:08:50.151 	Meter.calculate_statistics: percent: Non Numérique
06:08:50.171 	GraphEngine.paint_meter: first switch value 0 0
06:08:50.171 	GraphEngine.paint_meter: render damage
06:08:51.164 	Meter.calculate_statistics
06:08:51.164 	Meter.calculate_statistics: group not null and contains more 0
06:08:51.164 	Meter.calculate_statistics: party_total: 0
06:08:51.164 	Meter.calculate_statistics: DPS & HPS: 0 0
06:08:51.164 	Meter.calculate_statistics: burst DPS & burst HPS: 0 0
06:08:51.164 	Meter.calculate_statistics: percent: Non Numérique
06:08:51.181 	GraphEngine.paint_meter: first switch value 0 0
06:08:51.181 	GraphEngine.paint_meter: render damage
06:08:52.178 	Meter.calculate_statistics
06:08:52.178 	Meter.calculate_statistics: group not null and contains more 0
06:08:52.178 	Meter.calculate_statistics: party_total: 0
06:08:52.178 	Meter.calculate_statistics: DPS & HPS: 0 0
06:08:52.178 	Meter.calculate_statistics: burst DPS & burst HPS: 0 0
06:08:52.178 	Meter.calculate_statistics: percent: Non Numérique
06:08:52.200 	GraphEngine.paint_meter: first switch value 0 0
06:08:52.200 	GraphEngine.paint_meter: render damage
06:08:53.193 	Meter.calculate_statistics
06:08:53.193 	Meter.calculate_statistics: group not null and contains more 0
06:08:53.193 	Meter.calculate_statistics: party_total: 0
06:08:53.193 	Meter.calculate_statistics: DPS & HPS: 0 0
06:08:53.193 	Meter.calculate_statistics: burst DPS & burst HPS: 0 0
06:08:53.193 	Meter.calculate_statistics: percent: Non Numérique
06:08:53.214 	GraphEngine.paint_meter: first switch value 0 0
06:08:53.214 	GraphEngine.paint_meter: render damage
06:08:54.220 	Meter.calculate_statistics
06:08:54.220 	Meter.calculate_statistics: group not null and contains more 0
06:08:54.220 	Meter.calculate_statistics: party_total: 0
06:08:54.220 	Meter.calculate_statistics: DPS & HPS: 0 0
06:08:54.220 	Meter.calculate_statistics: burst DPS & burst HPS: 0 0
06:08:54.220 	Meter.calculate_statistics: percent: Non Numérique
06:08:54.243 	GraphEngine.paint_meter: first switch value 0 0
06:08:54.243 	GraphEngine.paint_meter: render damage
06:08:55.220 	Meter.calculate_statistics
06:08:55.221 	Meter.calculate_statistics: group not null and contains more 0
06:08:55.221 	Meter.calculate_statistics: party_total: 0
06:08:55.221 	Meter.calculate_statistics: DPS & HPS: 0 0
06:08:55.221 	Meter.calculate_statistics: burst DPS & burst HPS: 0 0
06:08:55.221 	Meter.calculate_statistics: percent: Non Numérique
06:08:55.240 	GraphEngine.paint_meter: first switch value 0 0
06:08:55.240 	GraphEngine.paint_meter: render damage
06:08:56.234 	Meter.calculate_statistics
06:08:56.234 	Meter.calculate_statistics: group not null and contains more 0
06:08:56.234 	Meter.calculate_statistics: party_total: 0
06:08:56.234 	Meter.calculate_statistics: DPS & HPS: 0 0
06:08:56.234 	Meter.calculate_statistics: burst DPS & burst HPS: 0 0
06:08:56.234 	Meter.calculate_statistics: percent: Non Numérique
06:08:56.264 	GraphEngine.paint_meter: first switch value 0 0
06:08:56.264 	GraphEngine.paint_meter: render damage
06:08:57.250 	Meter.calculate_statistics
06:08:57.250 	Meter.calculate_statistics: group not null and contains more 0
06:08:57.250 	Meter.calculate_statistics: party_total: 0
06:08:57.250 	Meter.calculate_statistics: DPS & HPS: 0 0
06:08:57.250 	Meter.calculate_statistics: burst DPS & burst HPS: 0 0
06:08:57.250 	Meter.calculate_statistics: percent: Non Numérique
06:08:57.270 	GraphEngine.paint_meter: first switch value 0 0
06:08:57.270 	GraphEngine.paint_meter: render damage
06:08:58.262 	Meter.calculate_statistics
06:08:58.262 	Meter.calculate_statistics: group not null and contains more 0
06:08:58.262 	Meter.calculate_statistics: party_total: 0
06:08:58.262 	Meter.calculate_statistics: DPS & HPS: 0 0
06:08:58.262 	Meter.calculate_statistics: burst DPS & burst HPS: 0 0
06:08:58.262 	Meter.calculate_statistics: percent: Non Numérique
06:08:58.282 	GraphEngine.paint_meter: first switch value 0 0
06:08:58.282 	GraphEngine.paint_meter: render damage
06:08:59.275 	Meter.calculate_statistics
06:08:59.275 	Meter.calculate_statistics: group not null and contains more 0
06:08:59.276 	Meter.calculate_statistics: party_total: 0
06:08:59.276 	Meter.calculate_statistics: DPS & HPS: 0 0
06:08:59.276 	Meter.calculate_statistics: burst DPS & burst HPS: 0 0
06:08:59.276 	Meter.calculate_statistics: percent: Non Numérique
06:08:59.298 	GraphEngine.paint_meter: first switch value 0 0
06:08:59.298 	GraphEngine.paint_meter: render damage
06:09:00.289 	Meter.calculate_statistics
06:09:00.289 	Meter.calculate_statistics: group not null and contains more 0
06:09:00.289 	Meter.calculate_statistics: party_total: 0
06:09:00.289 	Meter.calculate_statistics: DPS & HPS: 0 0
06:09:00.289 	Meter.calculate_statistics: burst DPS & burst HPS: 0 0
06:09:00.289 	Meter.calculate_statistics: percent: Non Numérique
06:09:00.307 	GraphEngine.paint_meter: first switch value 0 0
06:09:00.307 	GraphEngine.paint_meter: render damage
06:09:01.304 	Meter.calculate_statistics
06:09:01.304 	Meter.calculate_statistics: group not null and contains more 0
06:09:01.304 	Meter.calculate_statistics: party_total: 0
06:09:01.304 	Meter.calculate_statistics: DPS & HPS: 0 0
06:09:01.304 	Meter.calculate_statistics: burst DPS & burst HPS: 0 0
06:09:01.304 	Meter.calculate_statistics: percent: Non Numérique
06:09:01.322 	GraphEngine.paint_meter: first switch value 0 0
06:09:01.322 	GraphEngine.paint_meter: render damage
06:09:02.319 	Meter.calculate_statistics
06:09:02.319 	Meter.calculate_statistics: group not null and contains more 0
06:09:02.319 	Meter.calculate_statistics: party_total: 0
06:09:02.319 	Meter.calculate_statistics: DPS & HPS: 0 0
06:09:02.319 	Meter.calculate_statistics: burst DPS & burst HPS: 0 0
06:09:02.319 	Meter.calculate_statistics: percent: Non Numérique
06:09:02.340 	GraphEngine.paint_meter: first switch value 0 0
06:09:02.340 	GraphEngine.paint_meter: render damage
06:09:03.332 	Meter.calculate_statistics
06:09:03.332 	Meter.calculate_statistics: group not null and contains more 0
06:09:03.332 	Meter.calculate_statistics: party_total: 0
06:09:03.332 	Meter.calculate_statistics: DPS & HPS: 0 0
06:09:03.332 	Meter.calculate_statistics: burst DPS & burst HPS: 0 0
06:09:03.332 	Meter.calculate_statistics: percent: Non Numérique
06:09:03.351 	GraphEngine.paint_meter: first switch value 0 0
06:09:03.351 	GraphEngine.paint_meter: render damage
06:09:04.364 	Meter.calculate_statistics
06:09:04.364 	Meter.calculate_statistics: group not null and contains more 0
06:09:04.364 	Meter.calculate_statistics: party_total: 0
06:09:04.364 	Meter.calculate_statistics: DPS & HPS: 0 0
06:09:04.364 	Meter.calculate_statistics: burst DPS & burst HPS: 0 0
06:09:04.364 	Meter.calculate_statistics: percent: Non Numérique
06:09:04.405 	GraphEngine.paint_meter: first switch value 0 0
06:09:04.405 	GraphEngine.paint_meter: render damage
06:09:05.360 	Meter.calculate_statistics
06:09:05.360 	Meter.calculate_statistics: group not null and contains more 0
06:09:05.360 	Meter.calculate_statistics: party_total: 0
06:09:05.360 	Meter.calculate_statistics: DPS & HPS: 0 0
06:09:05.360 	Meter.calculate_statistics: burst DPS & burst HPS: 0 0
06:09:05.360 	Meter.calculate_statistics: percent: Non Numérique
06:09:05.383 	GraphEngine.paint_meter: first switch value 0 0
06:09:05.383 	GraphEngine.paint_meter: render damage
06:09:06.374 	Meter.calculate_statistics
06:09:06.374 	Meter.calculate_statistics: group not null and contains more 0
06:09:06.374 	Meter.calculate_statistics: party_total: 0
06:09:06.374 	Meter.calculate_statistics: DPS & HPS: 0 0
06:09:06.374 	Meter.calculate_statistics: burst DPS & burst HPS: 0 0
06:09:06.375 	Meter.calculate_statistics: percent: Non Numérique
06:09:06.397 	GraphEngine.paint_meter: first switch value 0 0
06:09:06.397 	GraphEngine.paint_meter: render damage
06:09:07.390 	Meter.calculate_statistics
06:09:07.390 	Meter.calculate_statistics: group not null and contains more 0
06:09:07.390 	Meter.calculate_statistics: party_total: 0
06:09:07.390 	Meter.calculate_statistics: DPS & HPS: 0 0
06:09:07.390 	Meter.calculate_statistics: burst DPS & burst HPS: 0 0
06:09:07.390 	Meter.calculate_statistics: percent: Non Numérique
06:09:07.413 	GraphEngine.paint_meter: first switch value 0 0
06:09:07.413 	GraphEngine.paint_meter: render damage
06:09:08.406 	Meter.calculate_statistics
06:09:08.406 	Meter.calculate_statistics: group not null and contains more 0
06:09:08.406 	Meter.calculate_statistics: party_total: 0
06:09:08.406 	Meter.calculate_statistics: DPS & HPS: 0 0
06:09:08.406 	Meter.calculate_statistics: burst DPS & burst HPS: 0 0
06:09:08.406 	Meter.calculate_statistics: percent: Non Numérique
06:09:08.433 	GraphEngine.paint_meter: first switch value 0 0
06:09:08.433 	GraphEngine.paint_meter: render damage
06:09:09.416 	Meter.calculate_statistics
06:09:09.416 	Meter.calculate_statistics: group not null and contains more 0
06:09:09.416 	Meter.calculate_statistics: party_total: 0
06:09:09.416 	Meter.calculate_statistics: DPS & HPS: 0 0
06:09:09.416 	Meter.calculate_statistics: burst DPS & burst HPS: 0 0
06:09:09.417 	Meter.calculate_statistics: percent: Non Numérique
06:09:09.444 	GraphEngine.paint_meter: first switch value 0 0
06:09:09.444 	GraphEngine.paint_meter: render damage
06:09:10.431 	Meter.calculate_statistics
06:09:10.432 	Meter.calculate_statistics: group not null and contains more 0
06:09:10.432 	Meter.calculate_statistics: party_total: 0
06:09:10.432 	Meter.calculate_statistics: DPS & HPS: 0 0
06:09:10.432 	Meter.calculate_statistics: burst DPS & burst HPS: 0 0
06:09:10.432 	Meter.calculate_statistics: percent: Non Numérique
06:09:10.458 	GraphEngine.paint_meter: first switch value 0 0
06:09:10.458 	GraphEngine.paint_meter: render damage
06:09:11.445 	Meter.calculate_statistics
06:09:11.445 	Meter.calculate_statistics: group not null and contains more 0
06:09:11.446 	Meter.calculate_statistics: party_total: 0
06:09:11.446 	Meter.calculate_statistics: DPS & HPS: 0 0
06:09:11.446 	Meter.calculate_statistics: burst DPS & burst HPS: 0 0
06:09:11.446 	Meter.calculate_statistics: percent: Non Numérique
06:09:11.469 	GraphEngine.paint_meter: first switch value 0 0
06:09:11.469 	GraphEngine.paint_meter: render damage
06:09:12.459 	Meter.calculate_statistics
06:09:12.460 	Meter.calculate_statistics: group not null and contains more 0
06:09:12.460 	Meter.calculate_statistics: party_total: 0
06:09:12.460 	Meter.calculate_statistics: DPS & HPS: 0 0
06:09:12.460 	Meter.calculate_statistics: burst DPS & burst HPS: 0 0
06:09:12.460 	Meter.calculate_statistics: percent: Non Numérique
06:09:12.484 	GraphEngine.paint_meter: first switch value 0 0
06:09:12.484 	GraphEngine.paint_meter: render damage
06:09:13.474 	Meter.calculate_statistics
06:09:13.474 	Meter.calculate_statistics: group not null and contains more 0
06:09:13.474 	Meter.calculate_statistics: party_total: 0
06:09:13.474 	Meter.calculate_statistics: DPS & HPS: 0 0
06:09:13.474 	Meter.calculate_statistics: burst DPS & burst HPS: 0 0
06:09:13.474 	Meter.calculate_statistics: percent: Non Numérique
06:09:13.501 	GraphEngine.paint_meter: first switch value 0 0
06:09:13.501 	GraphEngine.paint_meter: render damage
06:09:14.487 	Meter.calculate_statistics
06:09:14.487 	Meter.calculate_statistics: group not null and contains more 0
06:09:14.488 	Meter.calculate_statistics: party_total: 0
06:09:14.488 	Meter.calculate_statistics: DPS & HPS: 0 0
06:09:14.488 	Meter.calculate_statistics: burst DPS & burst HPS: 0 0
06:09:14.488 	Meter.calculate_statistics: percent: Non Numérique
06:09:14.506 	GraphEngine.paint_meter: first switch value 0 0
06:09:14.506 	GraphEngine.paint_meter: render damage
06:09:15.501 	Meter.calculate_statistics
06:09:15.501 	Meter.calculate_statistics: group not null and contains more 0
06:09:15.501 	Meter.calculate_statistics: party_total: 0
06:09:15.502 	Meter.calculate_statistics: DPS & HPS: 0 0
06:09:15.502 	Meter.calculate_statistics: burst DPS & burst HPS: 0 0
06:09:15.502 	Meter.calculate_statistics: percent: Non Numérique
06:09:15.521 	GraphEngine.paint_meter: first switch value 0 0
06:09:15.521 	GraphEngine.paint_meter: render damage
06:09:16.514 	Meter.calculate_statistics
06:09:16.515 	Meter.calculate_statistics: group not null and contains more 0
06:09:16.515 	Meter.calculate_statistics: party_total: 0
06:09:16.515 	Meter.calculate_statistics: DPS & HPS: 0 0
06:09:16.515 	Meter.calculate_statistics: burst DPS & burst HPS: 0 0
06:09:16.515 	Meter.calculate_statistics: percent: Non Numérique
06:09:16.540 	GraphEngine.paint_meter: first switch value 0 0
06:09:16.540 	GraphEngine.paint_meter: render damage
06:09:17.529 	Meter.calculate_statistics
06:09:17.529 	Meter.calculate_statistics: group not null and contains more 0
06:09:17.529 	Meter.calculate_statistics: party_total: 0
06:09:17.529 	Meter.calculate_statistics: DPS & HPS: 0 0
06:09:17.529 	Meter.calculate_statistics: burst DPS & burst HPS: 0 0
06:09:17.529 	Meter.calculate_statistics: percent: Non Numérique
06:09:17.555 	GraphEngine.paint_meter: first switch value 0 0
06:09:17.555 	GraphEngine.paint_meter: render damage
06:09:18.545 	Meter.calculate_statistics
06:09:18.545 	Meter.calculate_statistics: group not null and contains more 0
06:09:18.545 	Meter.calculate_statistics: party_total: 0
06:09:18.545 	Meter.calculate_statistics: DPS & HPS: 0 0
06:09:18.545 	Meter.calculate_statistics: burst DPS & burst HPS: 0 0
06:09:18.545 	Meter.calculate_statistics: percent: Non Numérique
06:09:18.570 	GraphEngine.paint_meter: first switch value 0 0
06:09:18.570 	GraphEngine.paint_meter: render damage
06:09:19.556 	Meter.calculate_statistics
06:09:19.556 	Meter.calculate_statistics: group not null and contains more 0
06:09:19.556 	Meter.calculate_statistics: party_total: 0
06:09:19.556 	Meter.calculate_statistics: DPS & HPS: 0 0
06:09:19.556 	Meter.calculate_statistics: burst DPS & burst HPS: 0 0
06:09:19.556 	Meter.calculate_statistics: percent: Non Numérique
06:09:19.574 	GraphEngine.paint_meter: first switch value 0 0
06:09:19.574 	GraphEngine.paint_meter: render damage
06:09:20.570 	Meter.calculate_statistics
06:09:20.570 	Meter.calculate_statistics: group not null and contains more 0
06:09:20.570 	Meter.calculate_statistics: party_total: 0
06:09:20.570 	Meter.calculate_statistics: DPS & HPS: 0 0
06:09:20.570 	Meter.calculate_statistics: burst DPS & burst HPS: 0 0
06:09:20.570 	Meter.calculate_statistics: percent: Non Numérique
06:09:20.591 	GraphEngine.paint_meter: first switch value 0 0
06:09:20.591 	GraphEngine.paint_meter: render damage
06:09:21.584 	Meter.calculate_statistics
06:09:21.584 	Meter.calculate_statistics: group not null and contains more 0
06:09:21.584 	Meter.calculate_statistics: party_total: 0
06:09:21.584 	Meter.calculate_statistics: DPS & HPS: 0 0
06:09:21.585 	Meter.calculate_statistics: burst DPS & burst HPS: 0 0
06:09:21.585 	Meter.calculate_statistics: percent: Non Numérique
06:09:21.605 	GraphEngine.paint_meter: first switch value 0 0
06:09:21.605 	GraphEngine.paint_meter: render damage
06:09:22.598 	Meter.calculate_statistics
06:09:22.599 	Meter.calculate_statistics: group not null and contains more 0
06:09:22.599 	Meter.calculate_statistics: party_total: 0
06:09:22.599 	Meter.calculate_statistics: DPS & HPS: 0 0
06:09:22.599 	Meter.calculate_statistics: burst DPS & burst HPS: 0 0
06:09:22.599 	Meter.calculate_statistics: percent: Non Numérique
06:09:22.620 	GraphEngine.paint_meter: first switch value 0 0
06:09:22.620 	GraphEngine.paint_meter: render damage
06:09:23.611 	Meter.calculate_statistics
06:09:23.611 	Meter.calculate_statistics: group not null and contains more 0
06:09:23.611 	Meter.calculate_statistics: party_total: 0
06:09:23.611 	Meter.calculate_statistics: DPS & HPS: 0 0
06:09:23.611 	Meter.calculate_statistics: burst DPS & burst HPS: 0 0
06:09:23.611 	Meter.calculate_statistics: percent: Non Numérique
06:09:23.631 	GraphEngine.paint_meter: first switch value 0 0
06:09:23.631 	GraphEngine.paint_meter: render damage
06:09:24.627 	Meter.calculate_statistics
06:09:24.627 	Meter.calculate_statistics: group not null and contains more 0
06:09:24.627 	Meter.calculate_statistics: party_total: 0
06:09:24.627 	Meter.calculate_statistics: DPS & HPS: 0 0
06:09:24.627 	Meter.calculate_statistics: burst DPS & burst HPS: 0 0
06:09:24.627 	Meter.calculate_statistics: percent: Non Numérique
06:09:24.648 	GraphEngine.paint_meter: first switch value 0 0
06:09:24.648 	GraphEngine.paint_meter: render damage
06:09:25.640 	Meter.calculate_statistics
06:09:25.640 	Meter.calculate_statistics: group not null and contains more 0
06:09:25.640 	Meter.calculate_statistics: party_total: 0
06:09:25.640 	Meter.calculate_statistics: DPS & HPS: 0 0
06:09:25.640 	Meter.calculate_statistics: burst DPS & burst HPS: 0 0
06:09:25.640 	Meter.calculate_statistics: percent: Non Numérique
06:09:25.652 	GraphEngine.paint_meter: first switch value 0 0
06:09:25.652 	GraphEngine.paint_meter: render damage
06:09:26.654 	Meter.calculate_statistics
06:09:26.654 	Meter.calculate_statistics: group not null and contains more 0
06:09:26.654 	Meter.calculate_statistics: party_total: 0
06:09:26.654 	Meter.calculate_statistics: DPS & HPS: 0 0
06:09:26.654 	Meter.calculate_statistics: burst DPS & burst HPS: 0 0
06:09:26.654 	Meter.calculate_statistics: percent: Non Numérique
06:09:26.667 	GraphEngine.paint_meter: first switch value 0 0
06:09:26.667 	GraphEngine.paint_meter: render damage
06:09:27.669 	Meter.calculate_statistics
06:09:27.669 	Meter.calculate_statistics: group not null and contains more 0
06:09:27.669 	Meter.calculate_statistics: party_total: 0
06:09:27.669 	Meter.calculate_statistics: DPS & HPS: 0 0
06:09:27.669 	Meter.calculate_statistics: burst DPS & burst HPS: 0 0
06:09:27.669 	Meter.calculate_statistics: percent: Non Numérique
06:09:27.687 	GraphEngine.paint_meter: first switch value 0 0
06:09:27.687 	GraphEngine.paint_meter: render damage
06:09:28.682 	Meter.calculate_statistics
06:09:28.682 	Meter.calculate_statistics: group not null and contains more 0
06:09:28.682 	Meter.calculate_statistics: party_total: 0
06:09:28.682 	Meter.calculate_statistics: DPS & HPS: 0 0
06:09:28.682 	Meter.calculate_statistics: burst DPS & burst HPS: 0 0
06:09:28.682 	Meter.calculate_statistics: percent: Non Numérique
06:09:28.700 	GraphEngine.paint_meter: first switch value 0 0
06:09:28.700 	GraphEngine.paint_meter: render damage
06:09:29.697 	Meter.calculate_statistics
06:09:29.697 	Meter.calculate_statistics: group not null and contains more 0
06:09:29.697 	Meter.calculate_statistics: party_total: 0
06:09:29.697 	Meter.calculate_statistics: DPS & HPS: 0 0
06:09:29.697 	Meter.calculate_statistics: burst DPS & burst HPS: 0 0
06:09:29.697 	Meter.calculate_statistics: percent: Non Numérique
06:09:29.712 	GraphEngine.paint_meter: first switch value 0 0
06:09:29.712 	GraphEngine.paint_meter: render damage
06:09:30.711 	Meter.calculate_statistics
06:09:30.711 	Meter.calculate_statistics: group not null and contains more 0
06:09:30.711 	Meter.calculate_statistics: party_total: 0
06:09:30.711 	Meter.calculate_statistics: DPS & HPS: 0 0
06:09:30.711 	Meter.calculate_statistics: burst DPS & burst HPS: 0 0
06:09:30.711 	Meter.calculate_statistics: percent: Non Numérique
06:09:30.731 	GraphEngine.paint_meter: first switch value 0 0
06:09:30.731 	GraphEngine.paint_meter: render damage
06:09:31.726 	Meter.calculate_statistics
06:09:31.726 	Meter.calculate_statistics: group not null and contains more 0
06:09:31.726 	Meter.calculate_statistics: party_total: 0
06:09:31.726 	Meter.calculate_statistics: DPS & HPS: 0 0
06:09:31.726 	Meter.calculate_statistics: burst DPS & burst HPS: 0 0
06:09:31.726 	Meter.calculate_statistics: percent: Non Numérique
06:09:31.751 	GraphEngine.paint_meter: first switch value 0 0
06:09:31.751 	GraphEngine.paint_meter: render damage
06:09:32.738 	Meter.calculate_statistics
06:09:32.738 	Meter.calculate_statistics: group not null and contains more 0
06:09:32.738 	Meter.calculate_statistics: party_total: 0
06:09:32.739 	Meter.calculate_statistics: DPS & HPS: 0 0
06:09:32.739 	Meter.calculate_statistics: burst DPS & burst HPS: 0 0
06:09:32.739 	Meter.calculate_statistics: percent: Non Numérique
06:09:32.760 	GraphEngine.paint_meter: first switch value 0 0
06:09:32.760 	GraphEngine.paint_meter: render damage
06:09:33.752 	Meter.calculate_statistics
06:09:33.752 	Meter.calculate_statistics: group not null and contains more 0
06:09:33.752 	Meter.calculate_statistics: party_total: 0
06:09:33.752 	Meter.calculate_statistics: DPS & HPS: 0 0
06:09:33.752 	Meter.calculate_statistics: burst DPS & burst HPS: 0 0
06:09:33.753 	Meter.calculate_statistics: percent: Non Numérique
06:09:33.780 	GraphEngine.paint_meter: first switch value 0 0
06:09:33.780 	GraphEngine.paint_meter: render damage
06:09:34.772 	Meter.calculate_statistics
06:09:34.772 	Meter.calculate_statistics: group not null and contains more 0
06:09:34.772 	Meter.calculate_statistics: party_total: 0
06:09:34.772 	Meter.calculate_statistics: DPS & HPS: 0 0
06:09:34.772 	Meter.calculate_statistics: burst DPS & burst HPS: 0 0
06:09:34.772 	Meter.calculate_statistics: percent: Non Numérique
06:09:34.799 	GraphEngine.paint_meter: first switch value 0 0
06:09:34.799 	GraphEngine.paint_meter: render damage
06:09:35.781 	Meter.calculate_statistics
06:09:35.781 	Meter.calculate_statistics: group not null and contains more 0
06:09:35.781 	Meter.calculate_statistics: party_total: 0
06:09:35.781 	Meter.calculate_statistics: DPS & HPS: 0 0
06:09:35.781 	Meter.calculate_statistics: burst DPS & burst HPS: 0 0
06:09:35.781 	Meter.calculate_statistics: percent: Non Numérique
06:09:35.806 	GraphEngine.paint_meter: first switch value 0 0
06:09:35.806 	GraphEngine.paint_meter: render damage
06:09:36.795 	Meter.calculate_statistics
06:09:36.795 	Meter.calculate_statistics: group not null and contains more 0
06:09:36.795 	Meter.calculate_statistics: party_total: 0
06:09:36.795 	Meter.calculate_statistics: DPS & HPS: 0 0
06:09:36.795 	Meter.calculate_statistics: burst DPS & burst HPS: 0 0
06:09:36.795 	Meter.calculate_statistics: percent: Non Numérique
06:09:36.820 	GraphEngine.paint_meter: first switch value 0 0
06:09:36.820 	GraphEngine.paint_meter: render damage
06:09:37.809 	Meter.calculate_statistics
06:09:37.809 	Meter.calculate_statistics: group not null and contains more 0
06:09:37.809 	Meter.calculate_statistics: party_total: 0
06:09:37.809 	Meter.calculate_statistics: DPS & HPS: 0 0
06:09:37.809 	Meter.calculate_statistics: burst DPS & burst HPS: 0 0
06:09:37.809 	Meter.calculate_statistics: percent: Non Numérique
06:09:37.835 	GraphEngine.paint_meter: first switch value 0 0
06:09:37.835 	GraphEngine.paint_meter: render damage
06:09:38.822 	Meter.calculate_statistics
06:09:38.822 	Meter.calculate_statistics: group not null and contains more 0
06:09:38.822 	Meter.calculate_statistics: party_total: 0
06:09:38.822 	Meter.calculate_statistics: DPS & HPS: 0 0
06:09:38.822 	Meter.calculate_statistics: burst DPS & burst HPS: 0 0
06:09:38.822 	Meter.calculate_statistics: percent: Non Numérique
06:09:38.840 	GraphEngine.paint_meter: first switch value 0 0
06:09:38.840 	GraphEngine.paint_meter: render damage
06:09:39.836 	Meter.calculate_statistics
06:09:39.836 	Meter.calculate_statistics: group not null and contains more 0
06:09:39.836 	Meter.calculate_statistics: party_total: 0
06:09:39.837 	Meter.calculate_statistics: DPS & HPS: 0 0
06:09:39.837 	Meter.calculate_statistics: burst DPS & burst HPS: 0 0
06:09:39.837 	Meter.calculate_statistics: percent: Non Numérique
06:09:39.858 	GraphEngine.paint_meter: first switch value 0 0
06:09:39.858 	GraphEngine.paint_meter: render damage
06:09:40.851 	Meter.calculate_statistics
06:09:40.851 	Meter.calculate_statistics: group not null and contains more 0
06:09:40.851 	Meter.calculate_statistics: party_total: 0
06:09:40.851 	Meter.calculate_statistics: DPS & HPS: 0 0
06:09:40.851 	Meter.calculate_statistics: burst DPS & burst HPS: 0 0
06:09:40.851 	Meter.calculate_statistics: percent: Non Numérique
06:09:40.878 	GraphEngine.paint_meter: first switch value 0 0
06:09:40.878 	GraphEngine.paint_meter: render damage
06:09:41.863 	Meter.calculate_statistics
06:09:41.863 	Meter.calculate_statistics: group not null and contains more 0
06:09:41.863 	Meter.calculate_statistics: party_total: 0
06:09:41.863 	Meter.calculate_statistics: DPS & HPS: 0 0
06:09:41.863 	Meter.calculate_statistics: burst DPS & burst HPS: 0 0
06:09:41.864 	Meter.calculate_statistics: percent: Non Numérique
06:09:41.885 	GraphEngine.paint_meter: first switch value 0 0
06:09:41.885 	GraphEngine.paint_meter: render damage
06:09:42.880 	Meter.calculate_statistics
06:09:42.880 	Meter.calculate_statistics: group not null and contains more 0
06:09:42.880 	Meter.calculate_statistics: party_total: 0
06:09:42.880 	Meter.calculate_statistics: DPS & HPS: 0 0
06:09:42.880 	Meter.calculate_statistics: burst DPS & burst HPS: 0 0
06:09:42.880 	Meter.calculate_statistics: percent: Non Numérique
06:09:42.913 	GraphEngine.paint_meter: first switch value 0 0
06:09:42.913 	GraphEngine.paint_meter: render damage
06:09:43.895 	Meter.calculate_statistics
06:09:43.895 	Meter.calculate_statistics: group not null and contains more 0
06:09:43.895 	Meter.calculate_statistics: party_total: 0
06:09:43.895 	Meter.calculate_statistics: DPS & HPS: 0 0
06:09:43.895 	Meter.calculate_statistics: burst DPS & burst HPS: 0 0
06:09:43.895 	Meter.calculate_statistics: percent: Non Numérique
06:09:43.924 	GraphEngine.paint_meter: first switch value 0 0
06:09:43.924 	GraphEngine.paint_meter: render damage
06:09:44.908 	Meter.calculate_statistics
06:09:44.908 	Meter.calculate_statistics: group not null and contains more 0
06:09:44.908 	Meter.calculate_statistics: party_total: 0
06:09:44.908 	Meter.calculate_statistics: DPS & HPS: 0 0
06:09:44.908 	Meter.calculate_statistics: burst DPS & burst HPS: 0 0
06:09:44.908 	Meter.calculate_statistics: percent: Non Numérique
06:09:44.933 	GraphEngine.paint_meter: first switch value 0 0
06:09:44.933 	GraphEngine.paint_meter: render damage
06:09:45.921 	Meter.calculate_statistics
06:09:45.921 	Meter.calculate_statistics: group not null and contains more 0
06:09:45.922 	Meter.calculate_statistics: party_total: 0
06:09:45.922 	Meter.calculate_statistics: DPS & HPS: 0 0
06:09:45.922 	Meter.calculate_statistics: burst DPS & burst HPS: 0 0
06:09:45.922 	Meter.calculate_statistics: percent: Non Numérique
06:09:45.949 	GraphEngine.paint_meter: first switch value 0 0
06:09:45.949 	GraphEngine.paint_meter: render damage
06:09:46.935 	Meter.calculate_statistics
06:09:46.935 	Meter.calculate_statistics: group not null and contains more 0
06:09:46.935 	Meter.calculate_statistics: party_total: 0
06:09:46.935 	Meter.calculate_statistics: DPS & HPS: 0 0
06:09:46.935 	Meter.calculate_statistics: burst DPS & burst HPS: 0 0
06:09:46.935 	Meter.calculate_statistics: percent: Non Numérique
06:09:46.960 	GraphEngine.paint_meter: first switch value 0 0
06:09:46.960 	GraphEngine.paint_meter: render damage
06:09:47.949 	Meter.calculate_statistics
06:09:47.949 	Meter.calculate_statistics: group not null and contains more 0
06:09:47.949 	Meter.calculate_statistics: party_total: 0
06:09:47.949 	Meter.calculate_statistics: DPS & HPS: 0 0
06:09:47.949 	Meter.calculate_statistics: burst DPS & burst HPS: 0 0
06:09:47.949 	Meter.calculate_statistics: percent: Non Numérique
06:09:47.970 	GraphEngine.paint_meter: first switch value 0 0
06:09:47.970 	GraphEngine.paint_meter: render damage
06:09:48.963 	Meter.calculate_statistics
06:09:48.963 	Meter.calculate_statistics: group not null and contains more 0
06:09:48.963 	Meter.calculate_statistics: party_total: 0
06:09:48.963 	Meter.calculate_statistics: DPS & HPS: 0 0
06:09:48.963 	Meter.calculate_statistics: burst DPS & burst HPS: 0 0
06:09:48.963 	Meter.calculate_statistics: percent: Non Numérique
06:09:48.988 	GraphEngine.paint_meter: first switch value 0 0
06:09:48.988 	GraphEngine.paint_meter: render damage
06:09:49.977 	Meter.calculate_statistics
06:09:49.977 	Meter.calculate_statistics: group not null and contains more 0
06:09:49.977 	Meter.calculate_statistics: party_total: 0
06:09:49.977 	Meter.calculate_statistics: DPS & HPS: 0 0
06:09:49.977 	Meter.calculate_statistics: burst DPS & burst HPS: 0 0
06:09:49.977 	Meter.calculate_statistics: percent: Non Numérique
06:09:50.011 	GraphEngine.paint_meter: first switch value 0 0
06:09:50.011 	GraphEngine.paint_meter: render damage
06:09:50.992 	Meter.calculate_statistics
06:09:50.992 	Meter.calculate_statistics: group not null and contains more 0
06:09:50.992 	Meter.calculate_statistics: party_total: 0
06:09:50.992 	Meter.calculate_statistics: DPS & HPS: 0 0
06:09:50.992 	Meter.calculate_statistics: burst DPS & burst HPS: 0 0
06:09:50.992 	Meter.calculate_statistics: percent: Non Numérique
06:09:51.019 	GraphEngine.paint_meter: first switch value 0 0
06:09:51.019 	GraphEngine.paint_meter: render damage
06:09:52.006 	Meter.calculate_statistics
06:09:52.006 	Meter.calculate_statistics: group not null and contains more 0
06:09:52.006 	Meter.calculate_statistics: party_total: 0
06:09:52.006 	Meter.calculate_statistics: DPS & HPS: 0 0
06:09:52.006 	Meter.calculate_statistics: burst DPS & burst HPS: 0 0
06:09:52.006 	Meter.calculate_statistics: percent: Non Numérique
06:09:52.032 	GraphEngine.paint_meter: first switch value 0 0
06:09:52.032 	GraphEngine.paint_meter: render damage
06:09:53.019 	Meter.calculate_statistics
06:09:53.019 	Meter.calculate_statistics: group not null and contains more 0
06:09:53.019 	Meter.calculate_statistics: party_total: 0
06:09:53.019 	Meter.calculate_statistics: DPS & HPS: 0 0
06:09:53.019 	Meter.calculate_statistics: burst DPS & burst HPS: 0 0
06:09:53.019 	Meter.calculate_statistics: percent: Non Numérique
06:09:53.042 	GraphEngine.paint_meter: first switch value 0 0
06:09:53.042 	GraphEngine.paint_meter: render damage
06:09:54.033 	Meter.calculate_statistics
06:09:54.033 	Meter.calculate_statistics: group not null and contains more 0
06:09:54.033 	Meter.calculate_statistics: party_total: 0
06:09:54.034 	Meter.calculate_statistics: DPS & HPS: 0 0
06:09:54.034 	Meter.calculate_statistics: burst DPS & burst HPS: 0 0
06:09:54.034 	Meter.calculate_statistics: percent: Non Numérique
06:09:54.061 	GraphEngine.paint_meter: first switch value 0 0
06:09:54.061 	GraphEngine.paint_meter: render damage
06:09:55.047 	Meter.calculate_statistics
06:09:55.047 	Meter.calculate_statistics: group not null and contains more 0
06:09:55.047 	Meter.calculate_statistics: party_total: 0
06:09:55.047 	Meter.calculate_statistics: DPS & HPS: 0 0
