05:36:59.600 	GraphEngine.paint_meter: render damage
05:37:00.603 	Meter.calculate_statistics
05:37:00.603 	Meter.calculate_statistics: group not null and contains more 0
05:37:00.603 	Meter.calculate_statistics: party_total: 0
05:37:00.603 	Meter.calculate_statistics: DPS & HPS: 0 0
05:37:00.603 	Meter.calculate_statistics: burst DPS & burst HPS: 0 0
05:37:00.603 	Meter.calculate_statistics: percent: Non Numérique
05:37:00.609 	GraphEngine.paint_meter: first switch value 0 0
05:37:00.609 	GraphEngine.paint_meter: render damage
05:37:01.617 	Meter.calculate_statistics
05:37:01.617 	Meter.calculate_statistics: group not null and contains more 0
05:37:01.617 	Meter.calculate_statistics: party_total: 0
05:37:01.617 	Meter.calculate_statistics: DPS & HPS: 0 0
05:37:01.617 	Meter.calculate_statistics: burst DPS & burst HPS: 0 0
05:37:01.617 	Meter.calculate_statistics: percent: Non Numérique
05:37:01.630 	GraphEngine.paint_meter: first switch value 0 0
05:37:01.630 	GraphEngine.paint_meter: render damage
05:37:02.632 	Meter.calculate_statistics
05:37:02.632 	Meter.calculate_statistics: group not null and contains more 0
05:37:02.632 	Meter.calculate_statistics: party_total: 0
05:37:02.632 	Meter.calculate_statistics: DPS & HPS: 0 0
05:37:02.632 	Meter.calculate_statistics: burst DPS & burst HPS: 0 0
05:37:02.632 	Meter.calculate_statistics: percent: Non Numérique
05:37:02.646 	GraphEngine.paint_meter: first switch value 0 0
05:37:02.646 	GraphEngine.paint_meter: render damage
05:37:03.644 	Meter.calculate_statistics
05:37:03.644 	Meter.calculate_statistics: group not null and contains more 0
05:37:03.644 	Meter.calculate_statistics: party_total: 0
05:37:03.644 	Meter.calculate_statistics: DPS & HPS: 0 0
05:37:03.644 	Meter.calculate_statistics: burst DPS & burst HPS: 0 0
05:37:03.644 	Meter.calculate_statistics: percent: Non Numérique
05:37:03.650 	GraphEngine.paint_meter: first switch value 0 0
05:37:03.650 	GraphEngine.paint_meter: render damage
05:37:04.661 	Meter.calculate_statistics
05:37:04.661 	Meter.calculate_statistics: group not null and contains more 0
05:37:04.661 	Meter.calculate_statistics: party_total: 0
05:37:04.661 	Meter.calculate_statistics: DPS & HPS: 0 0
05:37:04.661 	Meter.calculate_statistics: burst DPS & burst HPS: 0 0
05:37:04.661 	Meter.calculate_statistics: percent: Non Numérique
05:37:04.668 	GraphEngine.paint_meter: first switch value 0 0
05:37:04.668 	GraphEngine.paint_meter: render damage
05:37:05.674 	Meter.calculate_statistics
05:37:05.674 	Meter.calculate_statistics: group not null and contains more 0
05:37:05.674 	Meter.calculate_statistics: party_total: 0
05:37:05.674 	Meter.calculate_statistics: DPS & HPS: 0 0
05:37:05.674 	Meter.calculate_statistics: burst DPS & burst HPS: 0 0
05:37:05.674 	Meter.calculate_statistics: percent: Non Numérique
05:37:05.687 	GraphEngine.paint_meter: first switch value 0 0
05:37:05.687 	GraphEngine.paint_meter: render damage
05:37:06.688 	Meter.calculate_statistics
05:37:06.688 	Meter.calculate_statistics: group not null and contains more 0
05:37:06.688 	Meter.calculate_statistics: party_total: 0
05:37:06.688 	Meter.calculate_statistics: DPS & HPS: 0 0
05:37:06.688 	Meter.calculate_statistics: burst DPS & burst HPS: 0 0
05:37:06.688 	Meter.calculate_statistics: percent: Non Numérique
05:37:06.700 	GraphEngine.paint_meter: first switch value 0 0
05:37:06.700 	GraphEngine.paint_meter: render damage
05:37:07.702 	Meter.calculate_statistics
05:37:07.702 	Meter.calculate_statistics: group not null and contains more 0
05:37:07.702 	Meter.calculate_statistics: party_total: 0
05:37:07.702 	Meter.calculate_statistics: DPS & HPS: 0 0
05:37:07.702 	Meter.calculate_statistics: burst DPS & burst HPS: 0 0
05:37:07.702 	Meter.calculate_statistics: percent: Non Numérique
05:37:07.712 	GraphEngine.paint_meter: first switch value 0 0
05:37:07.712 	GraphEngine.paint_meter: render damage
05:37:08.716 	Meter.calculate_statistics
05:37:08.716 	Meter.calculate_statistics: group not null and contains more 0
05:37:08.716 	Meter.calculate_statistics: party_total: 0
05:37:08.716 	Meter.calculate_statistics: DPS & HPS: 0 0
05:37:08.716 	Meter.calculate_statistics: burst DPS & burst HPS: 0 0
05:37:08.716 	Meter.calculate_statistics: percent: Non Numérique
05:37:08.727 	GraphEngine.paint_meter: first switch value 0 0
05:37:08.727 	GraphEngine.paint_meter: render damage
05:37:09.730 	Meter.calculate_statistics
05:37:09.730 	Meter.calculate_statistics: group not null and contains more 0
05:37:09.730 	Meter.calculate_statistics: party_total: 0
05:37:09.730 	Meter.calculate_statistics: DPS & HPS: 0 0
05:37:09.730 	Meter.calculate_statistics: burst DPS & burst HPS: 0 0
05:37:09.730 	Meter.calculate_statistics: percent: Non Numérique
05:37:09.742 	GraphEngine.paint_meter: first switch value 0 0
05:37:09.742 	GraphEngine.paint_meter: render damage
05:37:10.745 	Meter.calculate_statistics
05:37:10.745 	Meter.calculate_statistics: group not null and contains more 0
05:37:10.745 	Meter.calculate_statistics: party_total: 0
05:37:10.745 	Meter.calculate_statistics: DPS & HPS: 0 0
05:37:10.745 	Meter.calculate_statistics: burst DPS & burst HPS: 0 0
05:37:10.745 	Meter.calculate_statistics: percent: Non Numérique
05:37:10.757 	GraphEngine.paint_meter: first switch value 0 0
05:37:10.757 	GraphEngine.paint_meter: render damage
05:37:11.759 	Meter.calculate_statistics
05:37:11.759 	Meter.calculate_statistics: group not null and contains more 0
05:37:11.759 	Meter.calculate_statistics: party_total: 0
05:37:11.759 	Meter.calculate_statistics: DPS & HPS: 0 0
05:37:11.759 	Meter.calculate_statistics: burst DPS & burst HPS: 0 0
05:37:11.759 	Meter.calculate_statistics: percent: Non Numérique
05:37:11.769 	GraphEngine.paint_meter: first switch value 0 0
05:37:11.769 	GraphEngine.paint_meter: render damage
05:37:12.772 	Meter.calculate_statistics
05:37:12.772 	Meter.calculate_statistics: group not null and contains more 0
05:37:12.772 	Meter.calculate_statistics: party_total: 0
05:37:12.772 	Meter.calculate_statistics: DPS & HPS: 0 0
05:37:12.772 	Meter.calculate_statistics: burst DPS & burst HPS: 0 0
05:37:12.772 	Meter.calculate_statistics: percent: Non Numérique
05:37:12.783 	GraphEngine.paint_meter: first switch value 0 0
05:37:12.783 	GraphEngine.paint_meter: render damage
05:37:13.786 	Meter.calculate_statistics
05:37:13.786 	Meter.calculate_statistics: group not null and contains more 0
05:37:13.786 	Meter.calculate_statistics: party_total: 0
05:37:13.786 	Meter.calculate_statistics: DPS & HPS: 0 0
05:37:13.786 	Meter.calculate_statistics: burst DPS & burst HPS: 0 0
05:37:13.786 	Meter.calculate_statistics: percent: Non Numérique
05:37:13.797 	GraphEngine.paint_meter: first switch value 0 0
05:37:13.797 	GraphEngine.paint_meter: render damage
05:37:14.799 	Meter.calculate_statistics
05:37:14.800 	Meter.calculate_statistics: group not null and contains more 0
05:37:14.800 	Meter.calculate_statistics: party_total: 0
05:37:14.800 	Meter.calculate_statistics: DPS & HPS: 0 0
05:37:14.800 	Meter.calculate_statistics: burst DPS & burst HPS: 0 0
05:37:14.800 	Meter.calculate_statistics: percent: Non Numérique
05:37:14.814 	GraphEngine.paint_meter: first switch value 0 0
05:37:14.814 	GraphEngine.paint_meter: render damage
05:37:15.815 	Meter.calculate_statistics
05:37:15.815 	Meter.calculate_statistics: group not null and contains more 0
05:37:15.815 	Meter.calculate_statistics: party_total: 0
05:37:15.815 	Meter.calculate_statistics: DPS & HPS: 0 0
05:37:15.815 	Meter.calculate_statistics: burst DPS & burst HPS: 0 0
05:37:15.815 	Meter.calculate_statistics: percent: Non Numérique
05:37:15.823 	GraphEngine.paint_meter: first switch value 0 0
05:37:15.823 	GraphEngine.paint_meter: render damage
05:37:16.828 	Meter.calculate_statistics
05:37:16.828 	Meter.calculate_statistics: group not null and contains more 0
05:37:16.828 	Meter.calculate_statistics: party_total: 0
05:37:16.828 	Meter.calculate_statistics: DPS & HPS: 0 0
05:37:16.828 	Meter.calculate_statistics: burst DPS & burst HPS: 0 0
05:37:16.828 	Meter.calculate_statistics: percent: Non Numérique
05:37:16.834 	GraphEngine.paint_meter: first switch value 0 0
05:37:16.834 	GraphEngine.paint_meter: render damage
05:37:17.842 	Meter.calculate_statistics
05:37:17.842 	Meter.calculate_statistics: group not null and contains more 0
05:37:17.842 	Meter.calculate_statistics: party_total: 0
05:37:17.842 	Meter.calculate_statistics: DPS & HPS: 0 0
05:37:17.842 	Meter.calculate_statistics: burst DPS & burst HPS: 0 0
05:37:17.842 	Meter.calculate_statistics: percent: Non Numérique
05:37:17.854 	GraphEngine.paint_meter: first switch value 0 0
05:37:17.854 	GraphEngine.paint_meter: render damage
05:37:18.856 	Meter.calculate_statistics
05:37:18.856 	Meter.calculate_statistics: group not null and contains more 0
05:37:18.856 	Meter.calculate_statistics: party_total: 0
05:37:18.856 	Meter.calculate_statistics: DPS & HPS: 0 0
05:37:18.856 	Meter.calculate_statistics: burst DPS & burst HPS: 0 0
05:37:18.856 	Meter.calculate_statistics: percent: Non Numérique
05:37:18.867 	GraphEngine.paint_meter: first switch value 0 0
05:37:18.867 	GraphEngine.paint_meter: render damage
05:37:19.869 	Meter.calculate_statistics
05:37:19.869 	Meter.calculate_statistics: group not null and contains more 0
05:37:19.869 	Meter.calculate_statistics: party_total: 0
05:37:19.869 	Meter.calculate_statistics: DPS & HPS: 0 0
05:37:19.869 	Meter.calculate_statistics: burst DPS & burst HPS: 0 0
05:37:19.869 	Meter.calculate_statistics: percent: Non Numérique
05:37:19.881 	GraphEngine.paint_meter: first switch value 0 0
05:37:19.881 	GraphEngine.paint_meter: render damage
05:37:20.882 	Meter.calculate_statistics
05:37:20.883 	Meter.calculate_statistics: group not null and contains more 0
05:37:20.883 	Meter.calculate_statistics: party_total: 0
05:37:20.883 	Meter.calculate_statistics: DPS & HPS: 0 0
05:37:20.883 	Meter.calculate_statistics: burst DPS & burst HPS: 0 0
05:37:20.883 	Meter.calculate_statistics: percent: Non Numérique
05:37:20.890 	GraphEngine.paint_meter: first switch value 0 0
05:37:20.890 	GraphEngine.paint_meter: render damage
05:37:21.897 	Meter.calculate_statistics
05:37:21.897 	Meter.calculate_statistics: group not null and contains more 0
05:37:21.897 	Meter.calculate_statistics: party_total: 0
05:37:21.897 	Meter.calculate_statistics: DPS & HPS: 0 0
05:37:21.897 	Meter.calculate_statistics: burst DPS & burst HPS: 0 0
05:37:21.897 	Meter.calculate_statistics: percent: Non Numérique
05:37:21.903 	GraphEngine.paint_meter: first switch value 0 0
05:37:21.903 	GraphEngine.paint_meter: render damage
05:37:22.912 	Meter.calculate_statistics
05:37:22.912 	Meter.calculate_statistics: group not null and contains more 0
05:37:22.912 	Meter.calculate_statistics: party_total: 0
05:37:22.912 	Meter.calculate_statistics: DPS & HPS: 0 0
05:37:22.912 	Meter.calculate_statistics: burst DPS & burst HPS: 0 0
05:37:22.912 	Meter.calculate_statistics: percent: Non Numérique
05:37:22.919 	GraphEngine.paint_meter: first switch value 0 0
05:37:22.919 	GraphEngine.paint_meter: render damage
05:37:23.926 	Meter.calculate_statistics
05:37:23.926 	Meter.calculate_statistics: group not null and contains more 0
05:37:23.926 	Meter.calculate_statistics: party_total: 0
05:37:23.926 	Meter.calculate_statistics: DPS & HPS: 0 0
05:37:23.926 	Meter.calculate_statistics: burst DPS & burst HPS: 0 0
05:37:23.926 	Meter.calculate_statistics: percent: Non Numérique
05:37:23.939 	GraphEngine.paint_meter: first switch value 0 0
05:37:23.939 	GraphEngine.paint_meter: render damage
05:37:24.940 	Meter.calculate_statistics
05:37:24.940 	Meter.calculate_statistics: group not null and contains more 0
05:37:24.940 	Meter.calculate_statistics: party_total: 0
05:37:24.940 	Meter.calculate_statistics: DPS & HPS: 0 0
05:37:24.940 	Meter.calculate_statistics: burst DPS & burst HPS: 0 0
05:37:24.940 	Meter.calculate_statistics: percent: Non Numérique
05:37:24.953 	GraphEngine.paint_meter: first switch value 0 0
05:37:24.953 	GraphEngine.paint_meter: render damage
05:37:25.953 	Meter.calculate_statistics
05:37:25.953 	Meter.calculate_statistics: group not null and contains more 0
05:37:25.953 	Meter.calculate_statistics: party_total: 0
05:37:25.953 	Meter.calculate_statistics: DPS & HPS: 0 0
05:37:25.953 	Meter.calculate_statistics: burst DPS & burst HPS: 0 0
05:37:25.953 	Meter.calculate_statistics: percent: Non Numérique
05:37:25.961 	GraphEngine.paint_meter: first switch value 0 0
05:37:25.961 	GraphEngine.paint_meter: render damage
05:37:26.968 	Meter.calculate_statistics
05:37:26.968 	Meter.calculate_statistics: group not null and contains more 0
05:37:26.968 	Meter.calculate_statistics: party_total: 0
05:37:26.968 	Meter.calculate_statistics: DPS & HPS: 0 0
05:37:26.968 	Meter.calculate_statistics: burst DPS & burst HPS: 0 0
05:37:26.968 	Meter.calculate_statistics: percent: Non Numérique
05:37:26.977 	GraphEngine.paint_meter: first switch value 0 0
05:37:26.977 	GraphEngine.paint_meter: render damage
05:37:27.982 	Meter.calculate_statistics
05:37:27.982 	Meter.calculate_statistics: group not null and contains more 0
05:37:27.982 	Meter.calculate_statistics: party_total: 0
05:37:27.982 	Meter.calculate_statistics: DPS & HPS: 0 0
05:37:27.982 	Meter.calculate_statistics: burst DPS & burst HPS: 0 0
05:37:27.982 	Meter.calculate_statistics: percent: Non Numérique
05:37:27.990 	GraphEngine.paint_meter: first switch value 0 0
05:37:27.990 	GraphEngine.paint_meter: render damage
05:37:28.995 	Meter.calculate_statistics
05:37:28.995 	Meter.calculate_statistics: group not null and contains more 0
05:37:28.995 	Meter.calculate_statistics: party_total: 0
05:37:28.995 	Meter.calculate_statistics: DPS & HPS: 0 0
05:37:28.995 	Meter.calculate_statistics: burst DPS & burst HPS: 0 0
05:37:28.995 	Meter.calculate_statistics: percent: Non Numérique
05:37:29.003 	GraphEngine.paint_meter: first switch value 0 0
05:37:29.003 	GraphEngine.paint_meter: render damage
05:37:30.009 	Meter.calculate_statistics
05:37:30.009 	Meter.calculate_statistics: group not null and contains more 0
05:37:30.009 	Meter.calculate_statistics: party_total: 0
05:37:30.009 	Meter.calculate_statistics: DPS & HPS: 0 0
05:37:30.009 	Meter.calculate_statistics: burst DPS & burst HPS: 0 0
05:37:30.009 	Meter.calculate_statistics: percent: Non Numérique
05:37:30.016 	GraphEngine.paint_meter: first switch value 0 0
05:37:30.016 	GraphEngine.paint_meter: render damage
05:37:31.024 	Meter.calculate_statistics
05:37:31.024 	Meter.calculate_statistics: group not null and contains more 0
05:37:31.024 	Meter.calculate_statistics: party_total: 0
05:37:31.024 	Meter.calculate_statistics: DPS & HPS: 0 0
05:37:31.024 	Meter.calculate_statistics: burst DPS & burst HPS: 0 0
05:37:31.024 	Meter.calculate_statistics: percent: Non Numérique
05:37:31.035 	GraphEngine.paint_meter: first switch value 0 0
05:37:31.035 	GraphEngine.paint_meter: render damage
05:37:32.038 	Meter.calculate_statistics
05:37:32.038 	Meter.calculate_statistics: group not null and contains more 0
05:37:32.038 	Meter.calculate_statistics: party_total: 0
05:37:32.039 	Meter.calculate_statistics: DPS & HPS: 0 0
05:37:32.039 	Meter.calculate_statistics: burst DPS & burst HPS: 0 0
05:37:32.039 	Meter.calculate_statistics: percent: Non Numérique
05:37:32.045 	GraphEngine.paint_meter: first switch value 0 0
05:37:32.045 	GraphEngine.paint_meter: render damage
05:37:33.052 	Meter.calculate_statistics
05:37:33.052 	Meter.calculate_statistics: group not null and contains more 0
05:37:33.052 	Meter.calculate_statistics: party_total: 0
05:37:33.052 	Meter.calculate_statistics: DPS & HPS: 0 0
05:37:33.052 	Meter.calculate_statistics: burst DPS & burst HPS: 0 0
05:37:33.052 	Meter.calculate_statistics: percent: Non Numérique
05:37:33.060 	GraphEngine.paint_meter: first switch value 0 0
05:37:33.060 	GraphEngine.paint_meter: render damage
05:37:34.066 	Meter.calculate_statistics
05:37:34.066 	Meter.calculate_statistics: group not null and contains more 0
05:37:34.066 	Meter.calculate_statistics: party_total: 0
05:37:34.066 	Meter.calculate_statistics: DPS & HPS: 0 0
05:37:34.066 	Meter.calculate_statistics: burst DPS & burst HPS: 0 0
05:37:34.066 	Meter.calculate_statistics: percent: Non Numérique
05:37:34.078 	GraphEngine.paint_meter: first switch value 0 0
05:37:34.078 	GraphEngine.paint_meter: render damage
05:37:35.080 	Meter.calculate_statistics
05:37:35.080 	Meter.calculate_statistics: group not null and contains more 0
05:37:35.080 	Meter.calculate_statistics: party_total: 0
05:37:35.080 	Meter.calculate_statistics: DPS & HPS: 0 0
05:37:35.080 	Meter.calculate_statistics: burst DPS & burst HPS: 0 0
05:37:35.080 	Meter.calculate_statistics: percent: Non Numérique
05:37:35.092 	GraphEngine.paint_meter: first switch value 0 0
05:37:35.092 	GraphEngine.paint_meter: render damage
05:37:36.093 	Meter.calculate_statistics
05:37:36.093 	Meter.calculate_statistics: group not null and contains more 0
05:37:36.093 	Meter.calculate_statistics: party_total: 0
05:37:36.093 	Meter.calculate_statistics: DPS & HPS: 0 0
05:37:36.093 	Meter.calculate_statistics: burst DPS & burst HPS: 0 0
05:37:36.093 	Meter.calculate_statistics: percent: Non Numérique
05:37:36.107 	GraphEngine.paint_meter: first switch value 0 0
05:37:36.107 	GraphEngine.paint_meter: render damage
05:37:37.108 	Meter.calculate_statistics
05:37:37.108 	Meter.calculate_statistics: group not null and contains more 0
05:37:37.108 	Meter.calculate_statistics: party_total: 0
05:37:37.108 	Meter.calculate_statistics: DPS & HPS: 0 0
05:37:37.108 	Meter.calculate_statistics: burst DPS & burst HPS: 0 0
05:37:37.108 	Meter.calculate_statistics: percent: Non Numérique
05:37:37.120 	GraphEngine.paint_meter: first switch value 0 0
05:37:37.120 	GraphEngine.paint_meter: render damage
05:37:38.121 	Meter.calculate_statistics
05:37:38.122 	Meter.calculate_statistics: group not null and contains more 0
05:37:38.122 	Meter.calculate_statistics: party_total: 0
05:37:38.122 	Meter.calculate_statistics: DPS & HPS: 0 0
05:37:38.122 	Meter.calculate_statistics: burst DPS & burst HPS: 0 0
05:37:38.122 	Meter.calculate_statistics: percent: Non Numérique
05:37:38.131 	GraphEngine.paint_meter: first switch value 0 0
05:37:38.131 	GraphEngine.paint_meter: render damage
05:37:39.135 	Meter.calculate_statistics
05:37:39.135 	Meter.calculate_statistics: group not null and contains more 0
05:37:39.135 	Meter.calculate_statistics: party_total: 0
05:37:39.135 	Meter.calculate_statistics: DPS & HPS: 0 0
05:37:39.135 	Meter.calculate_statistics: burst DPS & burst HPS: 0 0
05:37:39.135 	Meter.calculate_statistics: percent: Non Numérique
05:37:39.141 	GraphEngine.paint_meter: first switch value 0 0
05:37:39.142 	GraphEngine.paint_meter: render damage
05:37:40.150 	Meter.calculate_statistics
05:37:40.150 	Meter.calculate_statistics: group not null and contains more 0
05:37:40.150 	Meter.calculate_statistics: party_total: 0
05:37:40.150 	Meter.calculate_statistics: DPS & HPS: 0 0
05:37:40.150 	Meter.calculate_statistics: burst DPS & burst HPS: 0 0
05:37:40.150 	Meter.calculate_statistics: percent: Non Numérique
05:37:40.159 	GraphEngine.paint_meter: first switch value 0 0
05:37:40.159 	GraphEngine.paint_meter: render damage
05:37:41.165 	Meter.calculate_statistics
05:37:41.165 	Meter.calculate_statistics: group not null and contains more 0
05:37:41.165 	Meter.calculate_statistics: party_total: 0
05:37:41.165 	Meter.calculate_statistics: DPS & HPS: 0 0
05:37:41.165 	Meter.calculate_statistics: burst DPS & burst HPS: 0 0
05:37:41.165 	Meter.calculate_statistics: percent: Non Numérique
05:37:41.175 	GraphEngine.paint_meter: first switch value 0 0
05:37:41.175 	GraphEngine.paint_meter: render damage
05:37:42.179 	Meter.calculate_statistics
05:37:42.179 	Meter.calculate_statistics: group not null and contains more 0
05:37:42.179 	Meter.calculate_statistics: party_total: 0
05:37:42.179 	Meter.calculate_statistics: DPS & HPS: 0 0
05:37:42.179 	Meter.calculate_statistics: burst DPS & burst HPS: 0 0
05:37:42.179 	Meter.calculate_statistics: percent: Non Numérique
05:37:42.192 	GraphEngine.paint_meter: first switch value 0 0
05:37:42.192 	GraphEngine.paint_meter: render damage
05:37:43.193 	Meter.calculate_statistics
05:37:43.193 	Meter.calculate_statistics: group not null and contains more 0
05:37:43.193 	Meter.calculate_statistics: party_total: 0
05:37:43.193 	Meter.calculate_statistics: DPS & HPS: 0 0
05:37:43.193 	Meter.calculate_statistics: burst DPS & burst HPS: 0 0
05:37:43.193 	Meter.calculate_statistics: percent: Non Numérique
05:37:43.205 	GraphEngine.paint_meter: first switch value 0 0
05:37:43.205 	GraphEngine.paint_meter: render damage
05:37:44.206 	Meter.calculate_statistics
05:37:44.206 	Meter.calculate_statistics: group not null and contains more 0
05:37:44.206 	Meter.calculate_statistics: party_total: 0
05:37:44.206 	Meter.calculate_statistics: DPS & HPS: 0 0
05:37:44.206 	Meter.calculate_statistics: burst DPS & burst HPS: 0 0
05:37:44.206 	Meter.calculate_statistics: percent: Non Numérique
05:37:44.213 	GraphEngine.paint_meter: first switch value 0 0
05:37:44.213 	GraphEngine.paint_meter: render damage
05:37:45.221 	Meter.calculate_statistics
05:37:45.221 	Meter.calculate_statistics: group not null and contains more 0
05:37:45.221 	Meter.calculate_statistics: party_total: 0
05:37:45.221 	Meter.calculate_statistics: DPS & HPS: 0 0
05:37:45.221 	Meter.calculate_statistics: burst DPS & burst HPS: 0 0
05:37:45.221 	Meter.calculate_statistics: percent: Non Numérique
05:37:45.232 	GraphEngine.paint_meter: first switch value 0 0
05:37:45.232 	GraphEngine.paint_meter: render damage
05:37:46.233 	Meter.calculate_statistics
05:37:46.233 	Meter.calculate_statistics: group not null and contains more 0
05:37:46.233 	Meter.calculate_statistics: party_total: 0
05:37:46.233 	Meter.calculate_statistics: DPS & HPS: 0 0
05:37:46.233 	Meter.calculate_statistics: burst DPS & burst HPS: 0 0
05:37:46.233 	Meter.calculate_statistics: percent: Non Numérique
05:37:46.243 	GraphEngine.paint_meter: first switch value 0 0
05:37:46.243 	GraphEngine.paint_meter: render damage
05:37:47.248 	Meter.calculate_statistics
05:37:47.248 	Meter.calculate_statistics: group not null and contains more 0
05:37:47.248 	Meter.calculate_statistics: party_total: 0
05:37:47.248 	Meter.calculate_statistics: DPS & HPS: 0 0
05:37:47.248 	Meter.calculate_statistics: burst DPS & burst HPS: 0 0
05:37:47.248 	Meter.calculate_statistics: percent: Non Numérique
05:37:47.261 	GraphEngine.paint_meter: first switch value 0 0
05:37:47.261 	GraphEngine.paint_meter: render damage
05:37:48.263 	Meter.calculate_statistics
05:37:48.263 	Meter.calculate_statistics: group not null and contains more 0
05:37:48.263 	Meter.calculate_statistics: party_total: 0
05:37:48.263 	Meter.calculate_statistics: DPS & HPS: 0 0
05:37:48.263 	Meter.calculate_statistics: burst DPS & burst HPS: 0 0
05:37:48.263 	Meter.calculate_statistics: percent: Non Numérique
05:37:48.276 	GraphEngine.paint_meter: first switch value 0 0
05:37:48.276 	GraphEngine.paint_meter: render damage
05:37:49.277 	Meter.calculate_statistics
05:37:49.277 	Meter.calculate_statistics: group not null and contains more 0
05:37:49.277 	Meter.calculate_statistics: party_total: 0
05:37:49.277 	Meter.calculate_statistics: DPS & HPS: 0 0
05:37:49.277 	Meter.calculate_statistics: burst DPS & burst HPS: 0 0
05:37:49.277 	Meter.calculate_statistics: percent: Non Numérique
05:37:49.286 	GraphEngine.paint_meter: first switch value 0 0
05:37:49.286 	GraphEngine.paint_meter: render damage
05:37:50.290 	Meter.calculate_statistics
05:37:50.290 	Meter.calculate_statistics: group not null and contains more 0
05:37:50.290 	Meter.calculate_statistics: party_total: 0
05:37:50.290 	Meter.calculate_statistics: DPS & HPS: 0 0
05:37:50.290 	Meter.calculate_statistics: burst DPS & burst HPS: 0 0
05:37:50.290 	Meter.calculate_statistics: percent: Non Numérique
05:37:50.297 	GraphEngine.paint_meter: first switch value 0 0
05:37:50.297 	GraphEngine.paint_meter: render damage
05:37:51.303 	Meter.calculate_statistics
05:37:51.303 	Meter.calculate_statistics: group not null and contains more 0
05:37:51.303 	Meter.calculate_statistics: party_total: 0
05:37:51.303 	Meter.calculate_statistics: DPS & HPS: 0 0
05:37:51.303 	Meter.calculate_statistics: burst DPS & burst HPS: 0 0
05:37:51.303 	Meter.calculate_statistics: percent: Non Numérique
05:37:51.310 	GraphEngine.paint_meter: first switch value 0 0
05:37:51.310 	GraphEngine.paint_meter: render damage
05:37:52.318 	Meter.calculate_statistics
05:37:52.318 	Meter.calculate_statistics: group not null and contains more 0
05:37:52.318 	Meter.calculate_statistics: party_total: 0
05:37:52.318 	Meter.calculate_statistics: DPS & HPS: 0 0
05:37:52.318 	Meter.calculate_statistics: burst DPS & burst HPS: 0 0
05:37:52.318 	Meter.calculate_statistics: percent: Non Numérique
05:37:52.330 	GraphEngine.paint_meter: first switch value 0 0
05:37:52.330 	GraphEngine.paint_meter: render damage
05:37:53.332 	Meter.calculate_statistics
05:37:53.332 	Meter.calculate_statistics: group not null and contains more 0
05:37:53.332 	Meter.calculate_statistics: party_total: 0
05:37:53.332 	Meter.calculate_statistics: DPS & HPS: 0 0
05:37:53.332 	Meter.calculate_statistics: burst DPS & burst HPS: 0 0
05:37:53.332 	Meter.calculate_statistics: percent: Non Numérique
05:37:53.343 	GraphEngine.paint_meter: first switch value 0 0
05:37:53.343 	GraphEngine.paint_meter: render damage
05:37:54.345 	Meter.calculate_statistics
05:37:54.345 	Meter.calculate_statistics: group not null and contains more 0
05:37:54.345 	Meter.calculate_statistics: party_total: 0
05:37:54.345 	Meter.calculate_statistics: DPS & HPS: 0 0
05:37:54.346 	Meter.calculate_statistics: burst DPS & burst HPS: 0 0
05:37:54.346 	Meter.calculate_statistics: percent: Non Numérique
05:37:54.357 	GraphEngine.paint_meter: first switch value 0 0
05:37:54.357 	GraphEngine.paint_meter: render damage
05:37:55.361 	Meter.calculate_statistics
05:37:55.361 	Meter.calculate_statistics: group not null and contains more 0
05:37:55.361 	Meter.calculate_statistics: party_total: 0
05:37:55.361 	Meter.calculate_statistics: DPS & HPS: 0 0
05:37:55.361 	Meter.calculate_statistics: burst DPS & burst HPS: 0 0
05:37:55.361 	Meter.calculate_statistics: percent: Non Numérique
05:37:55.376 	GraphEngine.paint_meter: first switch value 0 0
05:37:55.376 	GraphEngine.paint_meter: render damage
05:37:56.374 	Meter.calculate_statistics
05:37:56.374 	Meter.calculate_statistics: group not null and contains more 0
05:37:56.374 	Meter.calculate_statistics: party_total: 0
05:37:56.374 	Meter.calculate_statistics: DPS & HPS: 0 0
05:37:56.374 	Meter.calculate_statistics: burst DPS & burst HPS: 0 0
05:37:56.374 	Meter.calculate_statistics: percent: Non Numérique
05:37:56.381 	GraphEngine.paint_meter: first switch value 0 0
05:37:56.381 	GraphEngine.paint_meter: render damage
05:37:57.389 	Meter.calculate_statistics
05:37:57.389 	Meter.calculate_statistics: group not null and contains more 0
05:37:57.389 	Meter.calculate_statistics: party_total: 0
05:37:57.389 	Meter.calculate_statistics: DPS & HPS: 0 0
05:37:57.389 	Meter.calculate_statistics: burst DPS & burst HPS: 0 0
05:37:57.389 	Meter.calculate_statistics: percent: Non Numérique
05:37:57.399 	GraphEngine.paint_meter: first switch value 0 0
05:37:57.399 	GraphEngine.paint_meter: render damage
05:37:58.403 	Meter.calculate_statistics
05:37:58.403 	Meter.calculate_statistics: group not null and contains more 0
05:37:58.403 	Meter.calculate_statistics: party_total: 0
05:37:58.403 	Meter.calculate_statistics: DPS & HPS: 0 0
05:37:58.403 	Meter.calculate_statistics: burst DPS & burst HPS: 0 0
05:37:58.403 	Meter.calculate_statistics: percent: Non Numérique
05:37:58.415 	GraphEngine.paint_meter: first switch value 0 0
05:37:58.415 	GraphEngine.paint_meter: render damage
05:37:59.417 	Meter.calculate_statistics
05:37:59.417 	Meter.calculate_statistics: group not null and contains more 0
05:37:59.417 	Meter.calculate_statistics: party_total: 0
05:37:59.417 	Meter.calculate_statistics: DPS & HPS: 0 0
05:37:59.417 	Meter.calculate_statistics: burst DPS & burst HPS: 0 0
05:37:59.417 	Meter.calculate_statistics: percent: Non Numérique
05:37:59.430 	GraphEngine.paint_meter: first switch value 0 0
05:37:59.430 	GraphEngine.paint_meter: render damage
05:38:00.431 	Meter.calculate_statistics
05:38:00.431 	Meter.calculate_statistics: group not null and contains more 0
05:38:00.431 	Meter.calculate_statistics: party_total: 0
05:38:00.431 	Meter.calculate_statistics: DPS & HPS: 0 0
05:38:00.431 	Meter.calculate_statistics: burst DPS & burst HPS: 0 0
05:38:00.431 	Meter.calculate_statistics: percent: Non Numérique
05:38:00.442 	GraphEngine.paint_meter: first switch value 0 0
05:38:00.442 	GraphEngine.paint_meter: render damage
05:38:01.443 	Meter.calculate_statistics
05:38:01.443 	Meter.calculate_statistics: group not null and contains more 0
05:38:01.443 	Meter.calculate_statistics: party_total: 0
05:38:01.443 	Meter.calculate_statistics: DPS & HPS: 0 0
05:38:01.444 	Meter.calculate_statistics: burst DPS & burst HPS: 0 0
05:38:01.444 	Meter.calculate_statistics: percent: Non Numérique
05:38:01.452 	GraphEngine.paint_meter: first switch value 0 0
05:38:01.452 	GraphEngine.paint_meter: render damage
05:38:02.457 	Meter.calculate_statistics
05:38:02.457 	Meter.calculate_statistics: group not null and contains more 0
05:38:02.457 	Meter.calculate_statistics: party_total: 0
05:38:02.457 	Meter.calculate_statistics: DPS & HPS: 0 0
05:38:02.457 	Meter.calculate_statistics: burst DPS & burst HPS: 0 0
05:38:02.457 	Meter.calculate_statistics: percent: Non Numérique
05:38:02.464 	GraphEngine.paint_meter: first switch value 0 0
05:38:02.464 	GraphEngine.paint_meter: render damage
05:38:03.280 	Meter.calculate_statistics
05:38:03.280 	Meter.calculate_statistics: group not null and contains more 0
05:38:03.280 	Meter.calculate_statistics: party_total: 0
05:38:03.280 	Meter.calculate_statistics: DPS & HPS: 0 0
05:38:03.280 	Meter.calculate_statistics: burst DPS & burst HPS: 0 0
05:38:03.280 	Meter.calculate_statistics: percent: Non Numérique
05:38:03.289 	GraphEngine.paint_meter: first switch value 0 0
05:38:03.289 	GraphEngine.paint_meter: render damage
05:38:03.472 	Meter.calculate_statistics
05:38:03.472 	Meter.calculate_statistics: group not null and contains more 0
05:38:03.472 	Meter.calculate_statistics: party_total: 0
05:38:03.472 	Meter.calculate_statistics: DPS & HPS: 0 0
05:38:03.472 	Meter.calculate_statistics: burst DPS & burst HPS: 0 0
05:38:03.472 	Meter.calculate_statistics: percent: Non Numérique
05:38:03.484 	GraphEngine.paint_meter: first switch value 0 0
05:38:03.484 	GraphEngine.paint_meter: render damage
05:38:04.485 	Meter.calculate_statistics
05:38:04.486 	Meter.calculate_statistics: group not null and contains more 0
05:38:04.486 	Meter.calculate_statistics: party_total: 0
05:38:04.486 	Meter.calculate_statistics: DPS & HPS: 0 0
05:38:04.486 	Meter.calculate_statistics: burst DPS & burst HPS: 0 0
05:38:04.486 	Meter.calculate_statistics: percent: Non Numérique
05:38:04.496 	GraphEngine.paint_meter: first switch value 0 0
05:38:04.496 	GraphEngine.paint_meter: render damage
05:38:05.499 	Meter.calculate_statistics
05:38:05.499 	Meter.calculate_statistics: group not null and contains more 0
05:38:05.499 	Meter.calculate_statistics: party_total: 0
05:38:05.499 	Meter.calculate_statistics: DPS & HPS: 0 0
05:38:05.499 	Meter.calculate_statistics: burst DPS & burst HPS: 0 0
05:38:05.499 	Meter.calculate_statistics: percent: Non Numérique
05:38:05.505 	GraphEngine.paint_meter: first switch value 0 0
05:38:05.505 	GraphEngine.paint_meter: render damage
05:38:06.514 	Meter.calculate_statistics
05:38:06.514 	Meter.calculate_statistics: group not null and contains more 0
05:38:06.514 	Meter.calculate_statistics: party_total: 0
05:38:06.514 	Meter.calculate_statistics: DPS & HPS: 0 0
05:38:06.514 	Meter.calculate_statistics: burst DPS & burst HPS: 0 0
05:38:06.514 	Meter.calculate_statistics: percent: Non Numérique
05:38:06.527 	GraphEngine.paint_meter: first switch value 0 0
05:38:06.527 	GraphEngine.paint_meter: render damage
05:38:07.528 	Meter.calculate_statistics
05:38:07.528 	Meter.calculate_statistics: group not null and contains more 0
05:38:07.528 	Meter.calculate_statistics: party_total: 0
05:38:07.528 	Meter.calculate_statistics: DPS & HPS: 0 0
05:38:07.528 	Meter.calculate_statistics: burst DPS & burst HPS: 0 0
05:38:07.528 	Meter.calculate_statistics: percent: Non Numérique
05:38:07.540 	GraphEngine.paint_meter: first switch value 0 0
05:38:07.540 	GraphEngine.paint_meter: render damage
05:38:08.541 	Meter.calculate_statistics
05:38:08.541 	Meter.calculate_statistics: group not null and contains more 0
05:38:08.541 	Meter.calculate_statistics: party_total: 0
05:38:08.541 	Meter.calculate_statistics: DPS & HPS: 0 0
05:38:08.541 	Meter.calculate_statistics: burst DPS & burst HPS: 0 0
05:38:08.541 	Meter.calculate_statistics: percent: Non Numérique
05:38:08.547 	GraphEngine.paint_meter: first switch value 0 0
05:38:08.547 	GraphEngine.paint_meter: render damage
05:38:09.555 	Meter.calculate_statistics
05:38:09.555 	Meter.calculate_statistics: group not null and contains more 0
05:38:09.555 	Meter.calculate_statistics: party_total: 0
05:38:09.555 	Meter.calculate_statistics: DPS & HPS: 0 0
05:38:09.555 	Meter.calculate_statistics: burst DPS & burst HPS: 0 0
05:38:09.555 	Meter.calculate_statistics: percent: Non Numérique
05:38:09.562 	GraphEngine.paint_meter: first switch value 0 0
05:38:09.562 	GraphEngine.paint_meter: render damage
05:38:10.570 	Meter.calculate_statistics
05:38:10.570 	Meter.calculate_statistics: group not null and contains more 0
05:38:10.570 	Meter.calculate_statistics: party_total: 0
05:38:10.570 	Meter.calculate_statistics: DPS & HPS: 0 0
05:38:10.570 	Meter.calculate_statistics: burst DPS & burst HPS: 0 0
05:38:10.570 	Meter.calculate_statistics: percent: Non Numérique
05:38:10.584 	GraphEngine.paint_meter: first switch value 0 0
05:38:10.584 	GraphEngine.paint_meter: render damage
05:38:11.584 	Meter.calculate_statistics
05:38:11.584 	Meter.calculate_statistics: group not null and contains more 0
05:38:11.584 	Meter.calculate_statistics: party_total: 0
05:38:11.584 	Meter.calculate_statistics: DPS & HPS: 0 0
05:38:11.584 	Meter.calculate_statistics: burst DPS & burst HPS: 0 0
05:38:11.584 	Meter.calculate_statistics: percent: Non Numérique
05:38:11.597 	GraphEngine.paint_meter: first switch value 0 0
05:38:11.597 	GraphEngine.paint_meter: render damage
05:38:12.597 	Meter.calculate_statistics
05:38:12.597 	Meter.calculate_statistics: group not null and contains more 0
05:38:12.597 	Meter.calculate_statistics: party_total: 0
05:38:12.597 	Meter.calculate_statistics: DPS & HPS: 0 0
05:38:12.597 	Meter.calculate_statistics: burst DPS & burst HPS: 0 0
05:38:12.597 	Meter.calculate_statistics: percent: Non Numérique
05:38:12.606 	GraphEngine.paint_meter: first switch value 0 0
05:38:12.606 	GraphEngine.paint_meter: render damage
05:38:13.612 	Meter.calculate_statistics
05:38:13.612 	Meter.calculate_statistics: group not null and contains more 0
05:38:13.612 	Meter.calculate_statistics: party_total: 0
05:38:13.612 	Meter.calculate_statistics: DPS & HPS: 0 0
05:38:13.612 	Meter.calculate_statistics: burst DPS & burst HPS: 0 0
05:38:13.612 	Meter.calculate_statistics: percent: Non Numérique
05:38:13.628 	GraphEngine.paint_meter: first switch value 0 0
05:38:13.628 	GraphEngine.paint_meter: render damage
05:38:14.626 	Meter.calculate_statistics
05:38:14.626 	Meter.calculate_statistics: group not null and contains more 0
05:38:14.626 	Meter.calculate_statistics: party_total: 0
05:38:14.626 	Meter.calculate_statistics: DPS & HPS: 0 0
05:38:14.626 	Meter.calculate_statistics: burst DPS & burst HPS: 0 0
05:38:14.626 	Meter.calculate_statistics: percent: Non Numérique
05:38:14.634 	GraphEngine.paint_meter: first switch value 0 0
05:38:14.634 	GraphEngine.paint_meter: render damage
05:38:15.639 	Meter.calculate_statistics
05:38:15.639 	Meter.calculate_statistics: group not null and contains more 0
05:38:15.639 	Meter.calculate_statistics: party_total: 0
05:38:15.639 	Meter.calculate_statistics: DPS & HPS: 0 0
05:38:15.639 	Meter.calculate_statistics: burst DPS & burst HPS: 0 0
05:38:15.639 	Meter.calculate_statistics: percent: Non Numérique
05:38:15.647 	GraphEngine.paint_meter: first switch value 0 0
05:38:15.647 	GraphEngine.paint_meter: render damage
05:38:16.654 	Meter.calculate_statistics
05:38:16.654 	Meter.calculate_statistics: group not null and contains more 0
05:38:16.654 	Meter.calculate_statistics: party_total: 0
05:38:16.654 	Meter.calculate_statistics: DPS & HPS: 0 0
05:38:16.654 	Meter.calculate_statistics: burst DPS & burst HPS: 0 0
05:38:16.654 	Meter.calculate_statistics: percent: Non Numérique
05:38:16.663 	GraphEngine.paint_meter: first switch value 0 0
05:38:16.663 	GraphEngine.paint_meter: render damage
05:38:17.668 	Meter.calculate_statistics
05:38:17.668 	Meter.calculate_statistics: group not null and contains more 0
05:38:17.668 	Meter.calculate_statistics: party_total: 0
05:38:17.668 	Meter.calculate_statistics: DPS & HPS: 0 0
05:38:17.668 	Meter.calculate_statistics: burst DPS & burst HPS: 0 0
05:38:17.668 	Meter.calculate_statistics: percent: Non Numérique
05:38:17.677 	GraphEngine.paint_meter: first switch value 0 0
05:38:17.677 	GraphEngine.paint_meter: render damage
05:38:18.681 	Meter.calculate_statistics
05:38:18.681 	Meter.calculate_statistics: group not null and contains more 0
05:38:18.681 	Meter.calculate_statistics: party_total: 0
05:38:18.681 	Meter.calculate_statistics: DPS & HPS: 0 0
05:38:18.681 	Meter.calculate_statistics: burst DPS & burst HPS: 0 0
05:38:18.681 	Meter.calculate_statistics: percent: Non Numérique
05:38:18.689 	GraphEngine.paint_meter: first switch value 0 0
05:38:18.689 	GraphEngine.paint_meter: render damage
05:38:19.696 	Meter.calculate_statistics
05:38:19.696 	Meter.calculate_statistics: group not null and contains more 0
05:38:19.696 	Meter.calculate_statistics: party_total: 0
05:38:19.696 	Meter.calculate_statistics: DPS & HPS: 0 0
05:38:19.696 	Meter.calculate_statistics: burst DPS & burst HPS: 0 0
05:38:19.696 	Meter.calculate_statistics: percent: Non Numérique
05:38:19.707 	GraphEngine.paint_meter: first switch value 0 0
05:38:19.707 	GraphEngine.paint_meter: render damage
05:38:20.741 	Meter.calculate_statistics
05:38:20.741 	Meter.calculate_statistics: group not null and contains more 0
05:38:20.741 	Meter.calculate_statistics: party_total: 0
05:38:20.741 	Meter.calculate_statistics: DPS & HPS: 0 0
05:38:20.741 	Meter.calculate_statistics: burst DPS & burst HPS: 0 0
05:38:20.741 	Meter.calculate_statistics: percent: Non Numérique
05:38:20.751 	GraphEngine.paint_meter: first switch value 0 0
05:38:20.751 	GraphEngine.paint_meter: render damage
05:38:21.755 	Meter.calculate_statistics
05:38:21.755 	Meter.calculate_statistics: group not null and contains more 0
05:38:21.755 	Meter.calculate_statistics: party_total: 0
05:38:21.755 	Meter.calculate_statistics: DPS & HPS: 0 0
05:38:21.755 	Meter.calculate_statistics: burst DPS & burst HPS: 0 0
05:38:21.755 	Meter.calculate_statistics: percent: Non Numérique
05:38:21.765 	GraphEngine.paint_meter: first switch value 0 0
05:38:21.765 	GraphEngine.paint_meter: render damage
05:38:22.769 	Meter.calculate_statistics
05:38:22.769 	Meter.calculate_statistics: group not null and contains more 0
05:38:22.769 	Meter.calculate_statistics: party_total: 0
05:38:22.769 	Meter.calculate_statistics: DPS & HPS: 0 0
05:38:22.769 	Meter.calculate_statistics: burst DPS & burst HPS: 0 0
05:38:22.769 	Meter.calculate_statistics: percent: Non Numérique
05:38:22.778 	GraphEngine.paint_meter: first switch value 0 0
05:38:22.778 	GraphEngine.paint_meter: render damage
05:38:23.783 	Meter.calculate_statistics
05:38:23.783 	Meter.calculate_statistics: group not null and contains more 0
05:38:23.783 	Meter.calculate_statistics: party_total: 0
05:38:23.783 	Meter.calculate_statistics: DPS & HPS: 0 0
05:38:23.783 	Meter.calculate_statistics: burst DPS & burst HPS: 0 0
05:38:23.783 	Meter.calculate_statistics: percent: Non Numérique
05:38:23.796 	GraphEngine.paint_meter: first switch value 0 0
05:38:23.796 	GraphEngine.paint_meter: render damage
05:38:24.797 	Meter.calculate_statistics
05:38:24.797 	Meter.calculate_statistics: group not null and contains more 0
05:38:24.797 	Meter.calculate_statistics: party_total: 0
05:38:24.797 	Meter.calculate_statistics: DPS & HPS: 0 0
05:38:24.797 	Meter.calculate_statistics: burst DPS & burst HPS: 0 0
05:38:24.797 	Meter.calculate_statistics: percent: Non Numérique
05:38:24.808 	GraphEngine.paint_meter: first switch value 0 0
05:38:24.808 	GraphEngine.paint_meter: render damage
05:38:25.810 	Meter.calculate_statistics
05:38:25.810 	Meter.calculate_statistics: group not null and contains more 0
05:38:25.810 	Meter.calculate_statistics: party_total: 0
05:38:25.810 	Meter.calculate_statistics: DPS & HPS: 0 0
05:38:25.810 	Meter.calculate_statistics: burst DPS & burst HPS: 0 0
05:38:25.810 	Meter.calculate_statistics: percent: Non Numérique
05:38:25.816 	GraphEngine.paint_meter: first switch value 0 0
05:38:25.817 	GraphEngine.paint_meter: render damage
05:38:26.824 	Meter.calculate_statistics
05:38:26.824 	Meter.calculate_statistics: group not null and contains more 0
05:38:26.824 	Meter.calculate_statistics: party_total: 0
05:38:26.824 	Meter.calculate_statistics: DPS & HPS: 0 0
05:38:26.824 	Meter.calculate_statistics: burst DPS & burst HPS: 0 0
05:38:26.824 	Meter.calculate_statistics: percent: Non Numérique
05:38:26.831 	GraphEngine.paint_meter: first switch value 0 0
05:38:26.831 	GraphEngine.paint_meter: render damage
05:38:27.839 	Meter.calculate_statistics
05:38:27.839 	Meter.calculate_statistics: group not null and contains more 0
05:38:27.839 	Meter.calculate_statistics: party_total: 0
05:38:27.839 	Meter.calculate_statistics: DPS & HPS: 0 0
05:38:27.839 	Meter.calculate_statistics: burst DPS & burst HPS: 0 0
05:38:27.839 	Meter.calculate_statistics: percent: Non Numérique
05:38:27.845 	GraphEngine.paint_meter: first switch value 0 0
05:38:27.845 	GraphEngine.paint_meter: render damage
05:38:28.853 	Meter.calculate_statistics
05:38:28.853 	Meter.calculate_statistics: group not null and contains more 0
05:38:28.853 	Meter.calculate_statistics: party_total: 0
05:38:28.853 	Meter.calculate_statistics: DPS & HPS: 0 0
05:38:28.853 	Meter.calculate_statistics: burst DPS & burst HPS: 0 0
05:38:28.853 	Meter.calculate_statistics: percent: Non Numérique
05:38:28.866 	GraphEngine.paint_meter: first switch value 0 0
05:38:28.866 	GraphEngine.paint_meter: render damage
05:38:29.867 	Meter.calculate_statistics
05:38:29.867 	Meter.calculate_statistics: group not null and contains more 0
05:38:29.867 	Meter.calculate_statistics: party_total: 0
05:38:29.867 	Meter.calculate_statistics: DPS & HPS: 0 0
05:38:29.867 	Meter.calculate_statistics: burst DPS & burst HPS: 0 0
05:38:29.867 	Meter.calculate_statistics: percent: Non Numérique
05:38:29.878 	GraphEngine.paint_meter: first switch value 0 0
05:38:29.878 	GraphEngine.paint_meter: render damage
05:38:30.881 	Meter.calculate_statistics
05:38:30.881 	Meter.calculate_statistics: group not null and contains more 0
05:38:30.881 	Meter.calculate_statistics: party_total: 0
05:38:30.881 	Meter.calculate_statistics: DPS & HPS: 0 0
05:38:30.881 	Meter.calculate_statistics: burst DPS & burst HPS: 0 0
05:38:30.881 	Meter.calculate_statistics: percent: Non Numérique
05:38:30.891 	GraphEngine.paint_meter: first switch value 0 0
05:38:30.891 	GraphEngine.paint_meter: render damage
05:38:31.895 	Meter.calculate_statistics
05:38:31.896 	Meter.calculate_statistics: group not null and contains more 0
05:38:31.896 	Meter.calculate_statistics: party_total: 0
05:38:31.896 	Meter.calculate_statistics: DPS & HPS: 0 0
05:38:31.896 	Meter.calculate_statistics: burst DPS & burst HPS: 0 0
05:38:31.896 	Meter.calculate_statistics: percent: Non Numérique
05:38:31.908 	GraphEngine.paint_meter: first switch value 0 0
05:38:31.908 	GraphEngine.paint_meter: render damage
05:38:32.910 	Meter.calculate_statistics
05:38:32.910 	Meter.calculate_statistics: group not null and contains more 0
05:38:32.910 	Meter.calculate_statistics: party_total: 0
05:38:32.910 	Meter.calculate_statistics: DPS & HPS: 0 0
05:38:32.910 	Meter.calculate_statistics: burst DPS & burst HPS: 0 0
05:38:32.910 	Meter.calculate_statistics: percent: Non Numérique
05:38:32.916 	GraphEngine.paint_meter: first switch value 0 0
05:38:32.916 	GraphEngine.paint_meter: render damage
05:38:33.925 	Meter.calculate_statistics
05:38:33.925 	Meter.calculate_statistics: group not null and contains more 0
05:38:33.925 	Meter.calculate_statistics: party_total: 0
05:38:33.925 	Meter.calculate_statistics: DPS & HPS: 0 0
05:38:33.925 	Meter.calculate_statistics: burst DPS & burst HPS: 0 0
05:38:33.925 	Meter.calculate_statistics: percent: Non Numérique
05:38:33.936 	GraphEngine.paint_meter: first switch value 0 0
05:38:33.936 	GraphEngine.paint_meter: render damage
05:38:34.938 	Meter.calculate_statistics
05:38:34.938 	Meter.calculate_statistics: group not null and contains more 0
05:38:34.938 	Meter.calculate_statistics: party_total: 0
05:38:34.938 	Meter.calculate_statistics: DPS & HPS: 0 0
05:38:34.938 	Meter.calculate_statistics: burst DPS & burst HPS: 0 0
05:38:34.938 	Meter.calculate_statistics: percent: Non Numérique
05:38:34.956 	GraphEngine.paint_meter: first switch value 0 0
05:38:34.956 	GraphEngine.paint_meter: render damage
05:38:35.951 	Meter.calculate_statistics
05:38:35.951 	Meter.calculate_statistics: group not null and contains more 0
05:38:35.951 	Meter.calculate_statistics: party_total: 0
05:38:35.951 	Meter.calculate_statistics: DPS & HPS: 0 0
05:38:35.951 	Meter.calculate_statistics: burst DPS & burst HPS: 0 0
05:38:35.951 	Meter.calculate_statistics: percent: Non Numérique
05:38:35.959 	GraphEngine.paint_meter: first switch value 0 0
05:38:35.959 	GraphEngine.paint_meter: render damage
05:38:36.966 	Meter.calculate_statistics
05:38:36.966 	Meter.calculate_statistics: group not null and contains more 0
05:38:36.966 	Meter.calculate_statistics: party_total: 0
05:38:36.966 	Meter.calculate_statistics: DPS & HPS: 0 0
05:38:36.966 	Meter.calculate_statistics: burst DPS & burst HPS: 0 0
05:38:36.966 	Meter.calculate_statistics: percent: Non Numérique
05:38:36.980 	GraphEngine.paint_meter: first switch value 0 0
05:38:36.980 	GraphEngine.paint_meter: render damage
05:38:37.980 	Meter.calculate_statistics
05:38:37.981 	Meter.calculate_statistics: group not null and contains more 0
05:38:37.981 	Meter.calculate_statistics: party_total: 0
05:38:37.981 	Meter.calculate_statistics: DPS & HPS: 0 0
05:38:37.981 	Meter.calculate_statistics: burst DPS & burst HPS: 0 0
05:38:37.981 	Meter.calculate_statistics: percent: Non Numérique
05:38:37.991 	GraphEngine.paint_meter: first switch value 0 0
05:38:37.991 	GraphEngine.paint_meter: render damage
05:38:38.995 	Meter.calculate_statistics
05:38:38.995 	Meter.calculate_statistics: group not null and contains more 0
05:38:38.995 	Meter.calculate_statistics: party_total: 0
05:38:38.995 	Meter.calculate_statistics: DPS & HPS: 0 0
05:38:38.995 	Meter.calculate_statistics: burst DPS & burst HPS: 0 0
05:38:38.995 	Meter.calculate_statistics: percent: Non Numérique
05:38:39.004 	GraphEngine.paint_meter: first switch value 0 0
05:38:39.004 	GraphEngine.paint_meter: render damage
05:38:40.007 	Meter.calculate_statistics
05:38:40.007 	Meter.calculate_statistics: group not null and contains more 0
05:38:40.007 	Meter.calculate_statistics: party_total: 0
05:38:40.008 	Meter.calculate_statistics: DPS & HPS: 0 0
05:38:40.008 	Meter.calculate_statistics: burst DPS & burst HPS: 0 0
05:38:40.008 	Meter.calculate_statistics: percent: Non Numérique
05:38:40.018 	GraphEngine.paint_meter: first switch value 0 0
05:38:40.018 	GraphEngine.paint_meter: render damage
05:38:41.022 	Meter.calculate_statistics
05:38:41.022 	Meter.calculate_statistics: group not null and contains more 0
05:38:41.022 	Meter.calculate_statistics: party_total: 0
05:38:41.022 	Meter.calculate_statistics: DPS & HPS: 0 0
05:38:41.022 	Meter.calculate_statistics: burst DPS & burst HPS: 0 0
05:38:41.022 	Meter.calculate_statistics: percent: Non Numérique
05:38:41.034 	GraphEngine.paint_meter: first switch value 0 0
05:38:41.034 	GraphEngine.paint_meter: render damage
05:38:42.035 	Meter.calculate_statistics
05:38:42.035 	Meter.calculate_statistics: group not null and contains more 0
05:38:42.035 	Meter.calculate_statistics: party_total: 0
05:38:42.035 	Meter.calculate_statistics: DPS & HPS: 0 0
05:38:42.035 	Meter.calculate_statistics: burst DPS & burst HPS: 0 0
05:38:42.035 	Meter.calculate_statistics: percent: Non Numérique
05:38:42.042 	GraphEngine.paint_meter: first switch value 0 0
05:38:42.042 	GraphEngine.paint_meter: render damage
05:38:43.050 	Meter.calculate_statistics
05:38:43.050 	Meter.calculate_statistics: group not null and contains more 0
05:38:43.050 	Meter.calculate_statistics: party_total: 0
05:38:43.050 	Meter.calculate_statistics: DPS & HPS: 0 0
05:38:43.050 	Meter.calculate_statistics: burst DPS & burst HPS: 0 0
05:38:43.050 	Meter.calculate_statistics: percent: Non Numérique
05:38:43.061 	GraphEngine.paint_meter: first switch value 0 0
05:38:43.061 	GraphEngine.paint_meter: render damage
05:38:44.062 	Meter.calculate_statistics
05:38:44.062 	Meter.calculate_statistics: group not null and contains more 0
05:38:44.062 	Meter.calculate_statistics: party_total: 0
05:38:44.062 	Meter.calculate_statistics: DPS & HPS: 0 0
05:38:44.062 	Meter.calculate_statistics: burst DPS & burst HPS: 0 0
05:38:44.062 	Meter.calculate_statistics: percent: Non Numérique
05:38:44.068 	GraphEngine.paint_meter: first switch value 0 0
05:38:44.068 	GraphEngine.paint_meter: render damage
05:38:45.077 	Meter.calculate_statistics
05:38:45.077 	Meter.calculate_statistics: group not null and contains more 0
05:38:45.077 	Meter.calculate_statistics: party_total: 0
05:38:45.077 	Meter.calculate_statistics: DPS & HPS: 0 0
05:38:45.077 	Meter.calculate_statistics: burst DPS & burst HPS: 0 0
05:38:45.077 	Meter.calculate_statistics: percent: Non Numérique
05:38:45.083 	GraphEngine.paint_meter: first switch value 0 0
05:38:45.083 	GraphEngine.paint_meter: render damage
05:38:46.091 	Meter.calculate_statistics
05:38:46.091 	Meter.calculate_statistics: group not null and contains more 0
05:38:46.091 	Meter.calculate_statistics: party_total: 0
05:38:46.091 	Meter.calculate_statistics: DPS & HPS: 0 0
05:38:46.091 	Meter.calculate_statistics: burst DPS & burst HPS: 0 0
05:38:46.092 	Meter.calculate_statistics: percent: Non Numérique
05:38:46.103 	GraphEngine.paint_meter: first switch value 0 0
05:38:46.103 	GraphEngine.paint_meter: render damage
05:38:47.106 	Meter.calculate_statistics
05:38:47.106 	Meter.calculate_statistics: group not null and contains more 0
05:38:47.106 	Meter.calculate_statistics: party_total: 0
05:38:47.106 	Meter.calculate_statistics: DPS & HPS: 0 0
05:38:47.106 	Meter.calculate_statistics: burst DPS & burst HPS: 0 0
05:38:47.106 	Meter.calculate_statistics: percent: Non Numérique
05:38:47.112 	GraphEngine.paint_meter: first switch value 0 0
05:38:47.112 	GraphEngine.paint_meter: render damage
05:38:48.119 	Meter.calculate_statistics
05:38:48.119 	Meter.calculate_statistics: group not null and contains more 0
05:38:48.119 	Meter.calculate_statistics: party_total: 0
05:38:48.119 	Meter.calculate_statistics: DPS & HPS: 0 0
05:38:48.119 	Meter.calculate_statistics: burst DPS & burst HPS: 0 0
05:38:48.119 	Meter.calculate_statistics: percent: Non Numérique
05:38:48.126 	GraphEngine.paint_meter: first switch value 0 0
05:38:48.126 	GraphEngine.paint_meter: render damage
05:38:49.135 	Meter.calculate_statistics
05:38:49.135 	Meter.calculate_statistics: group not null and contains more 0
05:38:49.135 	Meter.calculate_statistics: party_total: 0
05:38:49.135 	Meter.calculate_statistics: DPS & HPS: 0 0
05:38:49.135 	Meter.calculate_statistics: burst DPS & burst HPS: 0 0
05:38:49.135 	Meter.calculate_statistics: percent: Non Numérique
05:38:49.148 	GraphEngine.paint_meter: first switch value 0 0
05:38:49.148 	GraphEngine.paint_meter: render damage
05:38:50.149 	Meter.calculate_statistics
05:38:50.149 	Meter.calculate_statistics: group not null and contains more 0
05:38:50.149 	Meter.calculate_statistics: party_total: 0
05:38:50.149 	Meter.calculate_statistics: DPS & HPS: 0 0
05:38:50.149 	Meter.calculate_statistics: burst DPS & burst HPS: 0 0
05:38:50.149 	Meter.calculate_statistics: percent: Non Numérique
05:38:50.155 	GraphEngine.paint_meter: first switch value 0 0
05:38:50.155 	GraphEngine.paint_meter: render damage
05:38:51.161 	Meter.calculate_statistics
05:38:51.161 	Meter.calculate_statistics: group not null and contains more 0
05:38:51.161 	Meter.calculate_statistics: party_total: 0
05:38:51.161 	Meter.calculate_statistics: DPS & HPS: 0 0
05:38:51.161 	Meter.calculate_statistics: burst DPS & burst HPS: 0 0
05:38:51.161 	Meter.calculate_statistics: percent: Non Numérique
05:38:51.169 	GraphEngine.paint_meter: first switch value 0 0
05:38:51.169 	GraphEngine.paint_meter: render damage
05:38:52.176 	Meter.calculate_statistics
05:38:52.176 	Meter.calculate_statistics: group not null and contains more 0
05:38:52.176 	Meter.calculate_statistics: party_total: 0
05:38:52.176 	Meter.calculate_statistics: DPS & HPS: 0 0
05:38:52.176 	Meter.calculate_statistics: burst DPS & burst HPS: 0 0
05:38:52.176 	Meter.calculate_statistics: percent: Non Numérique
05:38:52.189 	GraphEngine.paint_meter: first switch value 0 0
05:38:52.189 	GraphEngine.paint_meter: render damage
05:38:53.189 	Meter.calculate_statistics
05:38:53.189 	Meter.calculate_statistics: group not null and contains more 0
05:38:53.189 	Meter.calculate_statistics: party_total: 0
05:38:53.189 	Meter.calculate_statistics: DPS & HPS: 0 0
05:38:53.189 	Meter.calculate_statistics: burst DPS & burst HPS: 0 0
05:38:53.189 	Meter.calculate_statistics: percent: Non Numérique
05:38:53.195 	GraphEngine.paint_meter: first switch value 0 0
05:38:53.195 	GraphEngine.paint_meter: render damage
05:38:54.204 	Meter.calculate_statistics
05:38:54.204 	Meter.calculate_statistics: group not null and contains more 0
05:38:54.204 	Meter.calculate_statistics: party_total: 0
05:38:54.204 	Meter.calculate_statistics: DPS & HPS: 0 0
05:38:54.204 	Meter.calculate_statistics: burst DPS & burst HPS: 0 0
05:38:54.204 	Meter.calculate_statistics: percent: Non Numérique
05:38:54.214 	GraphEngine.paint_meter: first switch value 0 0
05:38:54.214 	GraphEngine.paint_meter: render damage
05:38:55.218 	Meter.calculate_statistics
05:38:55.218 	Meter.calculate_statistics: group not null and contains more 0
05:38:55.218 	Meter.calculate_statistics: party_total: 0
05:38:55.218 	Meter.calculate_statistics: DPS & HPS: 0 0
05:38:55.218 	Meter.calculate_statistics: burst DPS & burst HPS: 0 0
05:38:55.218 	Meter.calculate_statistics: percent: Non Numérique
05:38:55.230 	GraphEngine.paint_meter: first switch value 0 0
05:38:55.230 	GraphEngine.paint_meter: render damage
05:38:56.232 	Meter.calculate_statistics
05:38:56.232 	Meter.calculate_statistics: group not null and contains more 0
05:38:56.232 	Meter.calculate_statistics: party_total: 0
05:38:56.232 	Meter.calculate_statistics: DPS & HPS: 0 0
05:38:56.232 	Meter.calculate_statistics: burst DPS & burst HPS: 0 0
05:38:56.232 	Meter.calculate_statistics: percent: Non Numérique
05:38:56.242 	GraphEngine.paint_meter: first switch value 0 0
05:38:56.242 	GraphEngine.paint_meter: render damage
05:38:57.247 	Meter.calculate_statistics
05:38:57.247 	Meter.calculate_statistics: group not null and contains more 0
05:38:57.247 	Meter.calculate_statistics: party_total: 0
05:38:57.247 	Meter.calculate_statistics: DPS & HPS: 0 0
05:38:57.247 	Meter.calculate_statistics: burst DPS & burst HPS: 0 0
05:38:57.247 	Meter.calculate_statistics: percent: Non Numérique
05:38:57.264 	GraphEngine.paint_meter: first switch value 0 0
05:38:57.264 	GraphEngine.paint_meter: render damage
05:38:58.260 	Meter.calculate_statistics
05:38:58.260 	Meter.calculate_statistics: group not null and contains more 0
05:38:58.260 	Meter.calculate_statistics: party_total: 0
05:38:58.260 	Meter.calculate_statistics: DPS & HPS: 0 0
05:38:58.260 	Meter.calculate_statistics: burst DPS & burst HPS: 0 0
05:38:58.260 	Meter.calculate_statistics: percent: Non Numérique
05:38:58.273 	GraphEngine.paint_meter: first switch value 0 0
05:38:58.273 	GraphEngine.paint_meter: render damage
05:38:59.273 	Meter.calculate_statistics
05:38:59.273 	Meter.calculate_statistics: group not null and contains more 0
05:38:59.273 	Meter.calculate_statistics: party_total: 0
05:38:59.273 	Meter.calculate_statistics: DPS & HPS: 0 0
05:38:59.273 	Meter.calculate_statistics: burst DPS & burst HPS: 0 0
05:38:59.273 	Meter.calculate_statistics: percent: Non Numérique
05:38:59.285 	GraphEngine.paint_meter: first switch value 0 0
05:38:59.285 	GraphEngine.paint_meter: render damage
05:39:00.288 	Meter.calculate_statistics
05:39:00.288 	Meter.calculate_statistics: group not null and contains more 0
05:39:00.288 	Meter.calculate_statistics: party_total: 0
05:39:00.288 	Meter.calculate_statistics: DPS & HPS: 0 0
05:39:00.288 	Meter.calculate_statistics: burst DPS & burst HPS: 0 0
05:39:00.288 	Meter.calculate_statistics: percent: Non Numérique
05:39:00.299 	GraphEngine.paint_meter: first switch value 0 0
05:39:00.299 	GraphEngine.paint_meter: render damage
05:39:01.302 	Meter.calculate_statistics
05:39:01.302 	Meter.calculate_statistics: group not null and contains more 0
05:39:01.302 	Meter.calculate_statistics: party_total: 0
05:39:01.302 	Meter.calculate_statistics: DPS & HPS: 0 0
05:39:01.302 	Meter.calculate_statistics: burst DPS & burst HPS: 0 0
05:39:01.302 	Meter.calculate_statistics: percent: Non Numérique
05:39:01.313 	GraphEngine.paint_meter: first switch value 0 0
05:39:01.313 	GraphEngine.paint_meter: render damage
05:39:02.315 	Meter.calculate_statistics
05:39:02.315 	Meter.calculate_statistics: group not null and contains more 0
05:39:02.315 	Meter.calculate_statistics: party_total: 0
05:39:02.315 	Meter.calculate_statistics: DPS & HPS: 0 0
05:39:02.315 	Meter.calculate_statistics: burst DPS & burst HPS: 0 0
05:39:02.315 	Meter.calculate_statistics: percent: Non Numérique
05:39:02.327 	GraphEngine.paint_meter: first switch value 0 0
05:39:02.327 	GraphEngine.paint_meter: render damage
05:39:03.330 	Meter.calculate_statistics
05:39:03.330 	Meter.calculate_statistics: group not null and contains more 0
05:39:03.330 	Meter.calculate_statistics: party_total: 0
05:39:03.330 	Meter.calculate_statistics: DPS & HPS: 0 0
05:39:03.330 	Meter.calculate_statistics: burst DPS & burst HPS: 0 0
05:39:03.330 	Meter.calculate_statistics: percent: Non Numérique
05:39:03.336 	GraphEngine.paint_meter: first switch value 0 0
05:39:03.336 	GraphEngine.paint_meter: render damage
05:39:04.343 	Meter.calculate_statistics
05:39:04.343 	Meter.calculate_statistics: group not null and contains more 0
05:39:04.343 	Meter.calculate_statistics: party_total: 0
05:39:04.343 	Meter.calculate_statistics: DPS & HPS: 0 0
05:39:04.343 	Meter.calculate_statistics: burst DPS & burst HPS: 0 0
05:39:04.343 	Meter.calculate_statistics: percent: Non Numérique
05:39:04.353 	GraphEngine.paint_meter: first switch value 0 0
05:39:04.353 	GraphEngine.paint_meter: render damage
05:39:05.357 	Meter.calculate_statistics
05:39:05.357 	Meter.calculate_statistics: group not null and contains more 0
05:39:05.357 	Meter.calculate_statistics: party_total: 0
05:39:05.357 	Meter.calculate_statistics: DPS & HPS: 0 0
05:39:05.357 	Meter.calculate_statistics: burst DPS & burst HPS: 0 0
05:39:05.357 	Meter.calculate_statistics: percent: Non Numérique
05:39:05.370 	GraphEngine.paint_meter: first switch value 0 0
05:39:05.370 	GraphEngine.paint_meter: render damage
05:39:06.373 	Meter.calculate_statistics
05:39:06.373 	Meter.calculate_statistics: group not null and contains more 0
05:39:06.373 	Meter.calculate_statistics: party_total: 0
05:39:06.373 	Meter.calculate_statistics: DPS & HPS: 0 0
05:39:06.373 	Meter.calculate_statistics: burst DPS & burst HPS: 0 0
05:39:06.373 	Meter.calculate_statistics: percent: Non Numérique
05:39:06.380 	GraphEngine.paint_meter: first switch value 0 0
05:39:06.380 	GraphEngine.paint_meter: render damage
05:39:07.387 	Meter.calculate_statistics
05:39:07.387 	Meter.calculate_statistics: group not null and contains more 0
05:39:07.387 	Meter.calculate_statistics: party_total: 0
05:39:07.387 	Meter.calculate_statistics: DPS & HPS: 0 0
05:39:07.387 	Meter.calculate_statistics: burst DPS & burst HPS: 0 0
05:39:07.387 	Meter.calculate_statistics: percent: Non Numérique
05:39:07.401 	GraphEngine.paint_meter: first switch value 0 0
05:39:07.401 	GraphEngine.paint_meter: render damage
05:39:08.400 	Meter.calculate_statistics
05:39:08.400 	Meter.calculate_statistics: group not null and contains more 0
05:39:08.400 	Meter.calculate_statistics: party_total: 0
05:39:08.400 	Meter.calculate_statistics: DPS & HPS: 0 0
05:39:08.400 	Meter.calculate_statistics: burst DPS & burst HPS: 0 0
05:39:08.400 	Meter.calculate_statistics: percent: Non Numérique
05:39:08.411 	GraphEngine.paint_meter: first switch value 0 0
05:39:08.411 	GraphEngine.paint_meter: render damage
05:39:09.414 	Meter.calculate_statistics
05:39:09.414 	Meter.calculate_statistics: group not null and contains more 0
05:39:09.414 	Meter.calculate_statistics: party_total: 0
05:39:09.414 	Meter.calculate_statistics: DPS & HPS: 0 0
05:39:09.414 	Meter.calculate_statistics: burst DPS & burst HPS: 0 0
05:39:09.414 	Meter.calculate_statistics: percent: Non Numérique
05:39:09.428 	GraphEngine.paint_meter: first switch value 0 0
05:39:09.428 	GraphEngine.paint_meter: render damage
05:39:10.428 	Meter.calculate_statistics
05:39:10.428 	Meter.calculate_statistics: group not null and contains more 0
05:39:10.428 	Meter.calculate_statistics: party_total: 0
05:39:10.428 	Meter.calculate_statistics: DPS & HPS: 0 0
05:39:10.429 	Meter.calculate_statistics: burst DPS & burst HPS: 0 0
05:39:10.429 	Meter.calculate_statistics: percent: Non Numérique
05:39:10.446 	GraphEngine.paint_meter: first switch value 0 0
05:39:10.446 	GraphEngine.paint_meter: render damage
05:39:11.442 	Meter.calculate_statistics
05:39:11.442 	Meter.calculate_statistics: group not null and contains more 0
05:39:11.442 	Meter.calculate_statistics: party_total: 0
05:39:11.442 	Meter.calculate_statistics: DPS & HPS: 0 0
05:39:11.442 	Meter.calculate_statistics: burst DPS & burst HPS: 0 0
05:39:11.442 	Meter.calculate_statistics: percent: Non Numérique
05:39:11.455 	GraphEngine.paint_meter: first switch value 0 0
05:39:11.455 	GraphEngine.paint_meter: render damage
05:39:12.456 	Meter.calculate_statistics
05:39:12.456 	Meter.calculate_statistics: group not null and contains more 0
05:39:12.456 	Meter.calculate_statistics: party_total: 0
05:39:12.456 	Meter.calculate_statistics: DPS & HPS: 0 0
05:39:12.456 	Meter.calculate_statistics: burst DPS & burst HPS: 0 0
05:39:12.456 	Meter.calculate_statistics: percent: Non Numérique
05:39:12.466 	GraphEngine.paint_meter: first switch value 0 0
05:39:12.466 	GraphEngine.paint_meter: render damage
05:39:13.470 	Meter.calculate_statistics
05:39:13.470 	Meter.calculate_statistics: group not null and contains more 0
05:39:13.470 	Meter.calculate_statistics: party_total: 0
05:39:13.470 	Meter.calculate_statistics: DPS & HPS: 0 0
05:39:13.470 	Meter.calculate_statistics: burst DPS & burst HPS: 0 0
05:39:13.470 	Meter.calculate_statistics: percent: Non Numérique
05:39:13.481 	GraphEngine.paint_meter: first switch value 0 0
05:39:13.481 	GraphEngine.paint_meter: render damage
05:39:14.484 	Meter.calculate_statistics
05:39:14.484 	Meter.calculate_statistics: group not null and contains more 0
05:39:14.484 	Meter.calculate_statistics: party_total: 0
05:39:14.484 	Meter.calculate_statistics: DPS & HPS: 0 0
05:39:14.484 	Meter.calculate_statistics: burst DPS & burst HPS: 0 0
05:39:14.484 	Meter.calculate_statistics: percent: Non Numérique
05:39:14.494 	GraphEngine.paint_meter: first switch value 0 0
05:39:14.494 	GraphEngine.paint_meter: render damage
05:39:15.499 	Meter.calculate_statistics
05:39:15.499 	Meter.calculate_statistics: group not null and contains more 0
05:39:15.499 	Meter.calculate_statistics: party_total: 0
05:39:15.499 	Meter.calculate_statistics: DPS & HPS: 0 0
05:39:15.499 	Meter.calculate_statistics: burst DPS & burst HPS: 0 0
05:39:15.499 	Meter.calculate_statistics: percent: Non Numérique
05:39:15.508 	GraphEngine.paint_meter: first switch value 0 0
05:39:15.508 	GraphEngine.paint_meter: render damage
05:39:16.512 	Meter.calculate_statistics
05:39:16.512 	Meter.calculate_statistics: group not null and contains more 0
05:39:16.512 	Meter.calculate_statistics: party_total: 0
05:39:16.512 	Meter.calculate_statistics: DPS & HPS: 0 0
05:39:16.512 	Meter.calculate_statistics: burst DPS & burst HPS: 0 0
05:39:16.512 	Meter.calculate_statistics: percent: Non Numérique
05:39:16.518 	GraphEngine.paint_meter: first switch value 0 0
05:39:16.518 	GraphEngine.paint_meter: render damage
05:39:17.527 	Meter.calculate_statistics
05:39:17.527 	Meter.calculate_statistics: group not null and contains more 0
05:39:17.527 	Meter.calculate_statistics: party_total: 0
05:39:17.527 	Meter.calculate_statistics: DPS & HPS: 0 0
05:39:17.527 	Meter.calculate_statistics: burst DPS & burst HPS: 0 0
05:39:17.527 	Meter.calculate_statistics: percent: Non Numérique
05:39:17.537 	GraphEngine.paint_meter: first switch value 0 0
05:39:17.537 	GraphEngine.paint_meter: render damage
05:39:18.540 	Meter.calculate_statistics
05:39:18.540 	Meter.calculate_statistics: group not null and contains more 0
05:39:18.540 	Meter.calculate_statistics: party_total: 0
05:39:18.540 	Meter.calculate_statistics: DPS & HPS: 0 0
05:39:18.540 	Meter.calculate_statistics: burst DPS & burst HPS: 0 0
05:39:18.540 	Meter.calculate_statistics: percent: Non Numérique
05:39:18.551 	GraphEngine.paint_meter: first switch value 0 0
05:39:18.551 	GraphEngine.paint_meter: render damage
05:39:19.554 	Meter.calculate_statistics
05:39:19.554 	Meter.calculate_statistics: group not null and contains more 0
05:39:19.554 	Meter.calculate_statistics: party_total: 0
05:39:19.554 	Meter.calculate_statistics: DPS & HPS: 0 0
05:39:19.554 	Meter.calculate_statistics: burst DPS & burst HPS: 0 0
05:39:19.554 	Meter.calculate_statistics: percent: Non Numérique
05:39:19.565 	GraphEngine.paint_meter: first switch value 0 0
05:39:19.565 	GraphEngine.paint_meter: render damage
05:39:20.568 	Meter.calculate_statistics
05:39:20.568 	Meter.calculate_statistics: group not null and contains more 0
05:39:20.568 	Meter.calculate_statistics: party_total: 0
05:39:20.568 	Meter.calculate_statistics: DPS & HPS: 0 0
05:39:20.568 	Meter.calculate_statistics: burst DPS & burst HPS: 0 0
05:39:20.568 	Meter.calculate_statistics: percent: Non Numérique
05:39:20.580 	GraphEngine.paint_meter: first switch value 0 0
05:39:20.580 	GraphEngine.paint_meter: render damage
05:39:21.580 	Meter.calculate_statistics
05:39:21.580 	Meter.calculate_statistics: group not null and contains more 0
05:39:21.580 	Meter.calculate_statistics: party_total: 0
05:39:21.581 	Meter.calculate_statistics: DPS & HPS: 0 0
05:39:21.581 	Meter.calculate_statistics: burst DPS & burst HPS: 0 0
05:39:21.581 	Meter.calculate_statistics: percent: Non Numérique
05:39:21.587 	GraphEngine.paint_meter: first switch value 0 0
05:39:21.587 	GraphEngine.paint_meter: render damage
05:39:22.595 	Meter.calculate_statistics
05:39:22.595 	Meter.calculate_statistics: group not null and contains more 0
05:39:22.595 	Meter.calculate_statistics: party_total: 0
05:39:22.595 	Meter.calculate_statistics: DPS & HPS: 0 0
05:39:22.595 	Meter.calculate_statistics: burst DPS & burst HPS: 0 0
05:39:22.595 	Meter.calculate_statistics: percent: Non Numérique
05:39:22.609 	GraphEngine.paint_meter: first switch value 0 0
05:39:22.609 	GraphEngine.paint_meter: render damage
05:39:23.609 	Meter.calculate_statistics
05:39:23.609 	Meter.calculate_statistics: group not null and contains more 0
05:39:23.609 	Meter.calculate_statistics: party_total: 0
05:39:23.609 	Meter.calculate_statistics: DPS & HPS: 0 0
05:39:23.609 	Meter.calculate_statistics: burst DPS & burst HPS: 0 0
05:39:23.609 	Meter.calculate_statistics: percent: Non Numérique
05:39:23.617 	GraphEngine.paint_meter: first switch value 0 0
05:39:23.617 	GraphEngine.paint_meter: render damage
05:39:24.624 	Meter.calculate_statistics
05:39:24.624 	Meter.calculate_statistics: group not null and contains more 0
05:39:24.624 	Meter.calculate_statistics: party_total: 0
05:39:24.624 	Meter.calculate_statistics: DPS & HPS: 0 0
05:39:24.624 	Meter.calculate_statistics: burst DPS & burst HPS: 0 0
05:39:24.624 	Meter.calculate_statistics: percent: Non Numérique
05:39:24.637 	GraphEngine.paint_meter: first switch value 0 0
05:39:24.637 	GraphEngine.paint_meter: render damage
05:39:25.638 	Meter.calculate_statistics
05:39:25.638 	Meter.calculate_statistics: group not null and contains more 0
05:39:25.638 	Meter.calculate_statistics: party_total: 0
05:39:25.638 	Meter.calculate_statistics: DPS & HPS: 0 0
05:39:25.638 	Meter.calculate_statistics: burst DPS & burst HPS: 0 0
05:39:25.638 	Meter.calculate_statistics: percent: Non Numérique
05:39:25.648 	GraphEngine.paint_meter: first switch value 0 0
05:39:25.648 	GraphEngine.paint_meter: render damage
05:39:26.653 	Meter.calculate_statistics
05:39:26.653 	Meter.calculate_statistics: group not null and contains more 0
05:39:26.653 	Meter.calculate_statistics: party_total: 0
05:39:26.653 	Meter.calculate_statistics: DPS & HPS: 0 0
05:39:26.653 	Meter.calculate_statistics: burst DPS & burst HPS: 0 0
05:39:26.653 	Meter.calculate_statistics: percent: Non Numérique
05:39:26.665 	GraphEngine.paint_meter: first switch value 0 0
05:39:26.665 	GraphEngine.paint_meter: render damage
05:39:27.666 	Meter.calculate_statistics
05:39:27.666 	Meter.calculate_statistics: group not null and contains more 0
05:39:27.666 	Meter.calculate_statistics: party_total: 0
05:39:27.666 	Meter.calculate_statistics: DPS & HPS: 0 0
05:39:27.666 	Meter.calculate_statistics: burst DPS & burst HPS: 0 0
05:39:27.666 	Meter.calculate_statistics: percent: Non Numérique
05:39:27.678 	GraphEngine.paint_meter: first switch value 0 0
05:39:27.678 	GraphEngine.paint_meter: render damage
05:39:28.680 	Meter.calculate_statistics
05:39:28.680 	Meter.calculate_statistics: group not null and contains more 0
05:39:28.680 	Meter.calculate_statistics: party_total: 0
05:39:28.680 	Meter.calculate_statistics: DPS & HPS: 0 0
05:39:28.680 	Meter.calculate_statistics: burst DPS & burst HPS: 0 0
05:39:28.680 	Meter.calculate_statistics: percent: Non Numérique
05:39:28.693 	GraphEngine.paint_meter: first switch value 0 0
05:39:28.693 	GraphEngine.paint_meter: render damage
05:39:29.693 	Meter.calculate_statistics
05:39:29.693 	Meter.calculate_statistics: group not null and contains more 0
05:39:29.693 	Meter.calculate_statistics: party_total: 0
05:39:29.693 	Meter.calculate_statistics: DPS & HPS: 0 0
05:39:29.693 	Meter.calculate_statistics: burst DPS & burst HPS: 0 0
05:39:29.693 	Meter.calculate_statistics: percent: Non Numérique
05:39:29.701 	GraphEngine.paint_meter: first switch value 0 0
05:39:29.701 	GraphEngine.paint_meter: render damage
05:39:30.708 	Meter.calculate_statistics
05:39:30.708 	Meter.calculate_statistics: group not null and contains more 0
05:39:30.708 	Meter.calculate_statistics: party_total: 0
05:39:30.708 	Meter.calculate_statistics: DPS & HPS: 0 0
05:39:30.708 	Meter.calculate_statistics: burst DPS & burst HPS: 0 0
05:39:30.708 	Meter.calculate_statistics: percent: Non Numérique
05:39:30.724 	GraphEngine.paint_meter: first switch value 0 0
05:39:30.724 	GraphEngine.paint_meter: render damage
05:39:31.722 	Meter.calculate_statistics
05:39:31.722 	Meter.calculate_statistics: group not null and contains more 0
05:39:31.722 	Meter.calculate_statistics: party_total: 0
05:39:31.722 	Meter.calculate_statistics: DPS & HPS: 0 0
05:39:31.722 	Meter.calculate_statistics: burst DPS & burst HPS: 0 0
05:39:31.722 	Meter.calculate_statistics: percent: Non Numérique
05:39:31.738 	GraphEngine.paint_meter: first switch value 0 0
05:39:31.738 	GraphEngine.paint_meter: render damage
05:39:32.735 	Meter.calculate_statistics
05:39:32.735 	Meter.calculate_statistics: group not null and contains more 0
05:39:32.735 	Meter.calculate_statistics: party_total: 0
05:39:32.735 	Meter.calculate_statistics: DPS & HPS: 0 0
05:39:32.735 	Meter.calculate_statistics: burst DPS & burst HPS: 0 0
05:39:32.735 	Meter.calculate_statistics: percent: Non Numérique
05:39:32.742 	GraphEngine.paint_meter: first switch value 0 0
05:39:32.742 	GraphEngine.paint_meter: render damage
05:39:33.750 	Meter.calculate_statistics
05:39:33.750 	Meter.calculate_statistics: group not null and contains more 0
05:39:33.750 	Meter.calculate_statistics: party_total: 0
05:39:33.750 	Meter.calculate_statistics: DPS & HPS: 0 0
05:39:33.750 	Meter.calculate_statistics: burst DPS & burst HPS: 0 0
05:39:33.750 	Meter.calculate_statistics: percent: Non Numérique
05:39:33.762 	GraphEngine.paint_meter: first switch value 0 0
05:39:33.762 	GraphEngine.paint_meter: render damage
05:39:34.764 	Meter.calculate_statistics
05:39:34.764 	Meter.calculate_statistics: group not null and contains more 0
05:39:34.764 	Meter.calculate_statistics: party_total: 0
05:39:34.764 	Meter.calculate_statistics: DPS & HPS: 0 0
05:39:34.764 	Meter.calculate_statistics: burst DPS & burst HPS: 0 0
05:39:34.764 	Meter.calculate_statistics: percent: Non Numérique
05:39:34.770 	GraphEngine.paint_meter: first switch value 0 0
05:39:34.770 	GraphEngine.paint_meter: render damage
05:39:35.778 	Meter.calculate_statistics
05:39:35.778 	Meter.calculate_statistics: group not null and contains more 0
05:39:35.778 	Meter.calculate_statistics: party_total: 0
05:39:35.778 	Meter.calculate_statistics: DPS & HPS: 0 0
05:39:35.778 	Meter.calculate_statistics: burst DPS & burst HPS: 0 0
05:39:35.778 	Meter.calculate_statistics: percent: Non Numérique
05:39:35.787 	GraphEngine.paint_meter: first switch value 0 0
05:39:35.787 	GraphEngine.paint_meter: render damage
05:39:36.792 	Meter.calculate_statistics
05:39:36.792 	Meter.calculate_statistics: group not null and contains more 0
05:39:36.792 	Meter.calculate_statistics: party_total: 0
05:39:36.792 	Meter.calculate_statistics: DPS & HPS: 0 0
05:39:36.792 	Meter.calculate_statistics: burst DPS & burst HPS: 0 0
05:39:36.792 	Meter.calculate_statistics: percent: Non Numérique
05:39:36.802 	GraphEngine.paint_meter: first switch value 0 0
05:39:36.802 	GraphEngine.paint_meter: render damage
05:39:37.805 	Meter.calculate_statistics
05:39:37.805 	Meter.calculate_statistics: group not null and contains more 0
05:39:37.805 	Meter.calculate_statistics: party_total: 0
05:39:37.805 	Meter.calculate_statistics: DPS & HPS: 0 0
05:39:37.805 	Meter.calculate_statistics: burst DPS & burst HPS: 0 0
05:39:37.805 	Meter.calculate_statistics: percent: Non Numérique
05:39:37.811 	GraphEngine.paint_meter: first switch value 0 0
05:39:37.811 	GraphEngine.paint_meter: render damage
05:39:38.820 	Meter.calculate_statistics
05:39:38.820 	Meter.calculate_statistics: group not null and contains more 0
05:39:38.820 	Meter.calculate_statistics: party_total: 0
05:39:38.820 	Meter.calculate_statistics: DPS & HPS: 0 0
05:39:38.820 	Meter.calculate_statistics: burst DPS & burst HPS: 0 0
05:39:38.820 	Meter.calculate_statistics: percent: Non Numérique
05:39:38.827 	GraphEngine.paint_meter: first switch value 0 0
05:39:38.827 	GraphEngine.paint_meter: render damage
05:39:39.834 	Meter.calculate_statistics
05:39:39.834 	Meter.calculate_statistics: group not null and contains more 0
05:39:39.834 	Meter.calculate_statistics: party_total: 0
05:39:39.834 	Meter.calculate_statistics: DPS & HPS: 0 0
05:39:39.834 	Meter.calculate_statistics: burst DPS & burst HPS: 0 0
05:39:39.834 	Meter.calculate_statistics: percent: Non Numérique
05:39:39.844 	GraphEngine.paint_meter: first switch value 0 0
05:39:39.844 	GraphEngine.paint_meter: render damage
05:39:40.847 	Meter.calculate_statistics
05:39:40.847 	Meter.calculate_statistics: group not null and contains more 0
05:39:40.847 	Meter.calculate_statistics: party_total: 0
05:39:40.847 	Meter.calculate_statistics: DPS & HPS: 0 0
05:39:40.847 	Meter.calculate_statistics: burst DPS & burst HPS: 0 0
05:39:40.847 	Meter.calculate_statistics: percent: Non Numérique
05:39:40.859 	GraphEngine.paint_meter: first switch value 0 0
05:39:40.859 	GraphEngine.paint_meter: render damage
05:39:41.863 	Meter.calculate_statistics
05:39:41.863 	Meter.calculate_statistics: group not null and contains more 0
05:39:41.863 	Meter.calculate_statistics: party_total: 0
05:39:41.863 	Meter.calculate_statistics: DPS & HPS: 0 0
05:39:41.863 	Meter.calculate_statistics: burst DPS & burst HPS: 0 0
05:39:41.863 	Meter.calculate_statistics: percent: Non Numérique
05:39:41.875 	GraphEngine.paint_meter: first switch value 0 0
05:39:41.875 	GraphEngine.paint_meter: render damage
05:39:42.876 	Meter.calculate_statistics
05:39:42.876 	Meter.calculate_statistics: group not null and contains more 0
05:39:42.876 	Meter.calculate_statistics: party_total: 0
05:39:42.876 	Meter.calculate_statistics: DPS & HPS: 0 0
05:39:42.876 	Meter.calculate_statistics: burst DPS & burst HPS: 0 0
05:39:42.876 	Meter.calculate_statistics: percent: Non Numérique
05:39:42.888 	GraphEngine.paint_meter: first switch value 0 0
05:39:42.888 	GraphEngine.paint_meter: render damage
05:39:43.891 	Meter.calculate_statistics
05:39:43.891 	Meter.calculate_statistics: group not null and contains more 0
05:39:43.891 	Meter.calculate_statistics: party_total: 0
05:39:43.891 	Meter.calculate_statistics: DPS & HPS: 0 0
05:39:43.891 	Meter.calculate_statistics: burst DPS & burst HPS: 0 0
05:39:43.891 	Meter.calculate_statistics: percent: Non Numérique
05:39:43.904 	GraphEngine.paint_meter: first switch value 0 0
05:39:43.904 	GraphEngine.paint_meter: render damage
05:39:44.904 	Meter.calculate_statistics
05:39:44.904 	Meter.calculate_statistics: group not null and contains more 0
05:39:44.904 	Meter.calculate_statistics: party_total: 0
05:39:44.904 	Meter.calculate_statistics: DPS & HPS: 0 0
05:39:44.904 	Meter.calculate_statistics: burst DPS & burst HPS: 0 0
05:39:44.904 	Meter.calculate_statistics: percent: Non Numérique
05:39:44.910 	GraphEngine.paint_meter: first switch value 0 0
05:39:44.910 	GraphEngine.paint_meter: render damage
05:39:45.918 	Meter.calculate_statistics
05:39:45.918 	Meter.calculate_statistics: group not null and contains more 0
05:39:45.918 	Meter.calculate_statistics: party_total: 0
05:39:45.918 	Meter.calculate_statistics: DPS & HPS: 0 0
05:39:45.918 	Meter.calculate_statistics: burst DPS & burst HPS: 0 0
05:39:45.918 	Meter.calculate_statistics: percent: Non Numérique
05:39:45.936 	GraphEngine.paint_meter: first switch value 0 0
05:39:45.936 	GraphEngine.paint_meter: render damage
05:39:46.932 	Meter.calculate_statistics
05:39:46.932 	Meter.calculate_statistics: group not null and contains more 0
05:39:46.932 	Meter.calculate_statistics: party_total: 0
05:39:46.932 	Meter.calculate_statistics: DPS & HPS: 0 0
05:39:46.933 	Meter.calculate_statistics: burst DPS & burst HPS: 0 0
05:39:46.933 	Meter.calculate_statistics: percent: Non Numérique
05:39:46.940 	GraphEngine.paint_meter: first switch value 0 0
05:39:46.940 	GraphEngine.paint_meter: render damage
05:39:47.946 	Meter.calculate_statistics
05:39:47.946 	Meter.calculate_statistics: group not null and contains more 0
05:39:47.946 	Meter.calculate_statistics: party_total: 0
05:39:47.946 	Meter.calculate_statistics: DPS & HPS: 0 0
05:39:47.946 	Meter.calculate_statistics: burst DPS & burst HPS: 0 0
05:39:47.946 	Meter.calculate_statistics: percent: Non Numérique
05:39:47.955 	GraphEngine.paint_meter: first switch value 0 0
05:39:47.955 	GraphEngine.paint_meter: render damage
05:39:48.960 	Meter.calculate_statistics
05:39:48.960 	Meter.calculate_statistics: group not null and contains more 0
05:39:48.960 	Meter.calculate_statistics: party_total: 0
05:39:48.960 	Meter.calculate_statistics: DPS & HPS: 0 0
05:39:48.960 	Meter.calculate_statistics: burst DPS & burst HPS: 0 0
05:39:48.960 	Meter.calculate_statistics: percent: Non Numérique
05:39:48.974 	GraphEngine.paint_meter: first switch value 0 0
05:39:48.974 	GraphEngine.paint_meter: render damage
05:39:49.974 	Meter.calculate_statistics
05:39:49.974 	Meter.calculate_statistics: group not null and contains more 0
05:39:49.974 	Meter.calculate_statistics: party_total: 0
05:39:49.974 	Meter.calculate_statistics: DPS & HPS: 0 0
05:39:49.974 	Meter.calculate_statistics: burst DPS & burst HPS: 0 0
05:39:49.974 	Meter.calculate_statistics: percent: Non Numérique
05:39:49.986 	GraphEngine.paint_meter: first switch value 0 0
05:39:49.986 	GraphEngine.paint_meter: render damage
05:39:50.987 	Meter.calculate_statistics
05:39:50.987 	Meter.calculate_statistics: group not null and contains more 0
05:39:50.987 	Meter.calculate_statistics: party_total: 0
05:39:50.987 	Meter.calculate_statistics: DPS & HPS: 0 0
05:39:50.987 	Meter.calculate_statistics: burst DPS & burst HPS: 0 0
05:39:50.987 	Meter.calculate_statistics: percent: Non Numérique
05:39:50.996 	GraphEngine.paint_meter: first switch value 0 0
05:39:50.996 	GraphEngine.paint_meter: render damage
05:39:52.001 	Meter.calculate_statistics
05:39:52.001 	Meter.calculate_statistics: group not null and contains more 0
05:39:52.001 	Meter.calculate_statistics: party_total: 0
05:39:52.001 	Meter.calculate_statistics: DPS & HPS: 0 0
05:39:52.001 	Meter.calculate_statistics: burst DPS & burst HPS: 0 0
05:39:52.001 	Meter.calculate_statistics: percent: Non Numérique
05:39:52.009 	GraphEngine.paint_meter: first switch value 0 0
05:39:52.009 	GraphEngine.paint_meter: render damage
05:39:53.016 	Meter.calculate_statistics
05:39:53.016 	Meter.calculate_statistics: group not null and contains more 0
05:39:53.016 	Meter.calculate_statistics: party_total: 0
05:39:53.016 	Meter.calculate_statistics: DPS & HPS: 0 0
05:39:53.016 	Meter.calculate_statistics: burst DPS & burst HPS: 0 0
05:39:53.016 	Meter.calculate_statistics: percent: Non Numérique
05:39:53.025 	GraphEngine.paint_meter: first switch value 0 0
05:39:53.025 	GraphEngine.paint_meter: render damage
05:39:54.030 	Meter.calculate_statistics
05:39:54.030 	Meter.calculate_statistics: group not null and contains more 0
05:39:54.030 	Meter.calculate_statistics: party_total: 0
05:39:54.030 	Meter.calculate_statistics: DPS & HPS: 0 0
05:39:54.030 	Meter.calculate_statistics: burst DPS & burst HPS: 0 0
05:39:54.030 	Meter.calculate_statistics: percent: Non Numérique
05:39:54.048 	GraphEngine.paint_meter: first switch value 0 0
05:39:54.048 	GraphEngine.paint_meter: render damage
05:39:55.044 	Meter.calculate_statistics
05:39:55.044 	Meter.calculate_statistics: group not null and contains more 0
05:39:55.044 	Meter.calculate_statistics: party_total: 0
05:39:55.044 	Meter.calculate_statistics: DPS & HPS: 0 0
05:39:55.044 	Meter.calculate_statistics: burst DPS & burst HPS: 0 0
05:39:55.044 	Meter.calculate_statistics: percent: Non Numérique
05:39:55.054 	GraphEngine.paint_meter: first switch value 0 0
05:39:55.054 	GraphEngine.paint_meter: render damage
05:39:56.058 	Meter.calculate_statistics
05:39:56.058 	Meter.calculate_statistics: group not null and contains more 0
05:39:56.058 	Meter.calculate_statistics: party_total: 0
05:39:56.058 	Meter.calculate_statistics: DPS & HPS: 0 0
05:39:56.058 	Meter.calculate_statistics: burst DPS & burst HPS: 0 0
05:39:56.058 	Meter.calculate_statistics: percent: Non Numérique
05:39:56.068 	GraphEngine.paint_meter: first switch value 0 0
05:39:56.068 	GraphEngine.paint_meter: render damage
05:39:57.072 	Meter.calculate_statistics
05:39:57.072 	Meter.calculate_statistics: group not null and contains more 0
05:39:57.072 	Meter.calculate_statistics: party_total: 0
05:39:57.072 	Meter.calculate_statistics: DPS & HPS: 0 0
05:39:57.072 	Meter.calculate_statistics: burst DPS & burst HPS: 0 0
05:39:57.072 	Meter.calculate_statistics: percent: Non Numérique
05:39:57.084 	GraphEngine.paint_meter: first switch value 0 0
05:39:57.084 	GraphEngine.paint_meter: render damage
05:39:58.086 	Meter.calculate_statistics
05:39:58.086 	Meter.calculate_statistics: group not null and contains more 0
05:39:58.086 	Meter.calculate_statistics: party_total: 0
05:39:58.086 	Meter.calculate_statistics: DPS & HPS: 0 0
05:39:58.086 	Meter.calculate_statistics: burst DPS & burst HPS: 0 0
05:39:58.086 	Meter.calculate_statistics: percent: Non Numérique
05:39:58.099 	GraphEngine.paint_meter: first switch value 0 0
05:39:58.099 	GraphEngine.paint_meter: render damage
05:39:59.101 	Meter.calculate_statistics
05:39:59.101 	Meter.calculate_statistics: group not null and contains more 0
05:39:59.101 	Meter.calculate_statistics: party_total: 0
05:39:59.101 	Meter.calculate_statistics: DPS & HPS: 0 0
05:39:59.101 	Meter.calculate_statistics: burst DPS & burst HPS: 0 0
05:39:59.101 	Meter.calculate_statistics: percent: Non Numérique
05:39:59.116 	GraphEngine.paint_meter: first switch value 0 0
05:39:59.116 	GraphEngine.paint_meter: render damage
05:40:00.114 	Meter.calculate_statistics
05:40:00.114 	Meter.calculate_statistics: group not null and contains more 0
05:40:00.114 	Meter.calculate_statistics: party_total: 0
05:40:00.114 	Meter.calculate_statistics: DPS & HPS: 0 0
05:40:00.114 	Meter.calculate_statistics: burst DPS & burst HPS: 0 0
05:40:00.114 	Meter.calculate_statistics: percent: Non Numérique
05:40:00.122 	GraphEngine.paint_meter: first switch value 0 0
05:40:00.122 	GraphEngine.paint_meter: render damage
05:40:01.127 	Meter.calculate_statistics
05:40:01.127 	Meter.calculate_statistics: group not null and contains more 0
05:40:01.127 	Meter.calculate_statistics: party_total: 0
05:40:01.127 	Meter.calculate_statistics: DPS & HPS: 0 0
05:40:01.127 	Meter.calculate_statistics: burst DPS & burst HPS: 0 0
05:40:01.127 	Meter.calculate_statistics: percent: Non Numérique
05:40:01.134 	GraphEngine.paint_meter: first switch value 0 0
05:40:01.134 	GraphEngine.paint_meter: render damage
05:40:02.143 	Meter.calculate_statistics
05:40:02.143 	Meter.calculate_statistics: group not null and contains more 0
05:40:02.143 	Meter.calculate_statistics: party_total: 0
05:40:02.143 	Meter.calculate_statistics: DPS & HPS: 0 0
05:40:02.143 	Meter.calculate_statistics: burst DPS & burst HPS: 0 0
05:40:02.143 	Meter.calculate_statistics: percent: Non Numérique
05:40:02.152 	GraphEngine.paint_meter: first switch value 0 0
05:40:02.152 	GraphEngine.paint_meter: render damage
