07:14:32.217 	Meter.calculate_statistics: percent: Non Numérique
07:14:32.226 	GraphEngine.paint_meter: first switch value 0 0
07:14:32.226 	GraphEngine.paint_meter: render damage
07:14:33.230 	Meter.calculate_statistics
07:14:33.230 	Meter.calculate_statistics: group not null and contains more 0
07:14:33.230 	Meter.calculate_statistics: party_total: 0
07:14:33.230 	Meter.calculate_statistics: DPS & HPS: 0 0
07:14:33.230 	Meter.calculate_statistics: burst DPS & burst HPS: 0 0
07:14:33.230 	Meter.calculate_statistics: percent: Non Numérique
07:14:33.238 	GraphEngine.paint_meter: first switch value 0 0
07:14:33.238 	GraphEngine.paint_meter: render damage
07:14:34.245 	Meter.calculate_statistics
07:14:34.245 	Meter.calculate_statistics: group not null and contains more 0
07:14:34.245 	Meter.calculate_statistics: party_total: 0
07:14:34.245 	Meter.calculate_statistics: DPS & HPS: 0 0
07:14:34.245 	Meter.calculate_statistics: burst DPS & burst HPS: 0 0
07:14:34.245 	Meter.calculate_statistics: percent: Non Numérique
07:14:34.254 	GraphEngine.paint_meter: first switch value 0 0
07:14:34.254 	GraphEngine.paint_meter: render damage
07:14:35.258 	Meter.calculate_statistics
07:14:35.258 	Meter.calculate_statistics: group not null and contains more 0
07:14:35.258 	Meter.calculate_statistics: party_total: 0
07:14:35.258 	Meter.calculate_statistics: DPS & HPS: 0 0
07:14:35.258 	Meter.calculate_statistics: burst DPS & burst HPS: 0 0
07:14:35.258 	Meter.calculate_statistics: percent: Non Numérique
07:14:35.263 	GraphEngine.paint_meter: first switch value 0 0
07:14:35.263 	GraphEngine.paint_meter: render damage
07:14:36.273 	Meter.calculate_statistics
07:14:36.273 	Meter.calculate_statistics: group not null and contains more 0
07:14:36.273 	Meter.calculate_statistics: party_total: 0
07:14:36.273 	Meter.calculate_statistics: DPS & HPS: 0 0
07:14:36.273 	Meter.calculate_statistics: burst DPS & burst HPS: 0 0
07:14:36.273 	Meter.calculate_statistics: percent: Non Numérique
07:14:36.279 	GraphEngine.paint_meter: first switch value 0 0
07:14:36.279 	GraphEngine.paint_meter: render damage
07:14:37.286 	Meter.calculate_statistics
07:14:37.286 	Meter.calculate_statistics: group not null and contains more 0
07:14:37.286 	Meter.calculate_statistics: party_total: 0
07:14:37.286 	Meter.calculate_statistics: DPS & HPS: 0 0
07:14:37.286 	Meter.calculate_statistics: burst DPS & burst HPS: 0 0
07:14:37.286 	Meter.calculate_statistics: percent: Non Numérique
07:14:37.294 	GraphEngine.paint_meter: first switch value 0 0
07:14:37.294 	GraphEngine.paint_meter: render damage
07:14:38.300 	Meter.calculate_statistics
07:14:38.300 	Meter.calculate_statistics: group not null and contains more 0
07:14:38.300 	Meter.calculate_statistics: party_total: 0
07:14:38.300 	Meter.calculate_statistics: DPS & HPS: 0 0
07:14:38.300 	Meter.calculate_statistics: burst DPS & burst HPS: 0 0
07:14:38.300 	Meter.calculate_statistics: percent: Non Numérique
07:14:38.308 	GraphEngine.paint_meter: first switch value 0 0
07:14:38.309 	GraphEngine.paint_meter: render damage
07:14:39.314 	Meter.calculate_statistics
07:14:39.314 	Meter.calculate_statistics: group not null and contains more 0
07:14:39.314 	Meter.calculate_statistics: party_total: 0
07:14:39.314 	Meter.calculate_statistics: DPS & HPS: 0 0
07:14:39.314 	Meter.calculate_statistics: burst DPS & burst HPS: 0 0
07:14:39.314 	Meter.calculate_statistics: percent: Non Numérique
07:14:39.322 	GraphEngine.paint_meter: first switch value 0 0
07:14:39.322 	GraphEngine.paint_meter: render damage
07:14:40.328 	Meter.calculate_statistics
07:14:40.328 	Meter.calculate_statistics: group not null and contains more 0
07:14:40.328 	Meter.calculate_statistics: party_total: 0
07:14:40.328 	Meter.calculate_statistics: DPS & HPS: 0 0
07:14:40.328 	Meter.calculate_statistics: burst DPS & burst HPS: 0 0
07:14:40.328 	Meter.calculate_statistics: percent: Non Numérique
07:14:40.338 	GraphEngine.paint_meter: first switch value 0 0
07:14:40.338 	GraphEngine.paint_meter: render damage
07:14:41.342 	Meter.calculate_statistics
07:14:41.342 	Meter.calculate_statistics: group not null and contains more 0
07:14:41.342 	Meter.calculate_statistics: party_total: 0
07:14:41.342 	Meter.calculate_statistics: DPS & HPS: 0 0
07:14:41.342 	Meter.calculate_statistics: burst DPS & burst HPS: 0 0
07:14:41.342 	Meter.calculate_statistics: percent: Non Numérique
07:14:41.350 	GraphEngine.paint_meter: first switch value 0 0
07:14:41.350 	GraphEngine.paint_meter: render damage
07:14:42.356 	Meter.calculate_statistics
07:14:42.356 	Meter.calculate_statistics: group not null and contains more 0
07:14:42.356 	Meter.calculate_statistics: party_total: 0
07:14:42.356 	Meter.calculate_statistics: DPS & HPS: 0 0
07:14:42.356 	Meter.calculate_statistics: burst DPS & burst HPS: 0 0
07:14:42.356 	Meter.calculate_statistics: percent: Non Numérique
07:14:42.364 	GraphEngine.paint_meter: first switch value 0 0
07:14:42.364 	GraphEngine.paint_meter: render damage
07:14:43.370 	Meter.calculate_statistics
07:14:43.370 	Meter.calculate_statistics: group not null and contains more 0
07:14:43.370 	Meter.calculate_statistics: party_total: 0
07:14:43.370 	Meter.calculate_statistics: DPS & HPS: 0 0
07:14:43.370 	Meter.calculate_statistics: burst DPS & burst HPS: 0 0
07:14:43.370 	Meter.calculate_statistics: percent: Non Numérique
07:14:43.378 	GraphEngine.paint_meter: first switch value 0 0
07:14:43.378 	GraphEngine.paint_meter: render damage
07:14:44.384 	Meter.calculate_statistics
07:14:44.384 	Meter.calculate_statistics: group not null and contains more 0
07:14:44.384 	Meter.calculate_statistics: party_total: 0
07:14:44.384 	Meter.calculate_statistics: DPS & HPS: 0 0
07:14:44.384 	Meter.calculate_statistics: burst DPS & burst HPS: 0 0
07:14:44.384 	Meter.calculate_statistics: percent: Non Numérique
07:14:44.391 	GraphEngine.paint_meter: first switch value 0 0
07:14:44.391 	GraphEngine.paint_meter: render damage
07:14:45.398 	Meter.calculate_statistics
07:14:45.398 	Meter.calculate_statistics: group not null and contains more 0
07:14:45.398 	Meter.calculate_statistics: party_total: 0
07:14:45.398 	Meter.calculate_statistics: DPS & HPS: 0 0
07:14:45.398 	Meter.calculate_statistics: burst DPS & burst HPS: 0 0
07:14:45.398 	Meter.calculate_statistics: percent: Non Numérique
07:14:45.405 	GraphEngine.paint_meter: first switch value 0 0
07:14:45.405 	GraphEngine.paint_meter: render damage
07:14:46.412 	Meter.calculate_statistics
07:14:46.412 	Meter.calculate_statistics: group not null and contains more 0
07:14:46.412 	Meter.calculate_statistics: party_total: 0
07:14:46.412 	Meter.calculate_statistics: DPS & HPS: 0 0
07:14:46.412 	Meter.calculate_statistics: burst DPS & burst HPS: 0 0
07:14:46.412 	Meter.calculate_statistics: percent: Non Numérique
07:14:46.420 	GraphEngine.paint_meter: first switch value 0 0
07:14:46.420 	GraphEngine.paint_meter: render damage
07:14:47.426 	Meter.calculate_statistics
07:14:47.426 	Meter.calculate_statistics: group not null and contains more 0
07:14:47.426 	Meter.calculate_statistics: party_total: 0
07:14:47.426 	Meter.calculate_statistics: DPS & HPS: 0 0
07:14:47.426 	Meter.calculate_statistics: burst DPS & burst HPS: 0 0
07:14:47.426 	Meter.calculate_statistics: percent: Non Numérique
07:14:47.434 	GraphEngine.paint_meter: first switch value 0 0
07:14:47.434 	GraphEngine.paint_meter: render damage
07:14:48.440 	Meter.calculate_statistics
07:14:48.440 	Meter.calculate_statistics: group not null and contains more 0
07:14:48.440 	Meter.calculate_statistics: party_total: 0
07:14:48.440 	Meter.calculate_statistics: DPS & HPS: 0 0
07:14:48.440 	Meter.calculate_statistics: burst DPS & burst HPS: 0 0
07:14:48.440 	Meter.calculate_statistics: percent: Non Numérique
07:14:48.446 	GraphEngine.paint_meter: first switch value 0 0
07:14:48.446 	GraphEngine.paint_meter: render damage
07:14:49.455 	Meter.calculate_statistics
07:14:49.455 	Meter.calculate_statistics: group not null and contains more 0
07:14:49.455 	Meter.calculate_statistics: party_total: 0
07:14:49.455 	Meter.calculate_statistics: DPS & HPS: 0 0
07:14:49.455 	Meter.calculate_statistics: burst DPS & burst HPS: 0 0
07:14:49.455 	Meter.calculate_statistics: percent: Non Numérique
07:14:49.462 	GraphEngine.paint_meter: first switch value 0 0
07:14:49.462 	GraphEngine.paint_meter: render damage
07:14:50.469 	Meter.calculate_statistics
07:14:50.469 	Meter.calculate_statistics: group not null and contains more 0
07:14:50.469 	Meter.calculate_statistics: party_total: 0
07:14:50.469 	Meter.calculate_statistics: DPS & HPS: 0 0
07:14:50.469 	Meter.calculate_statistics: burst DPS & burst HPS: 0 0
07:14:50.469 	Meter.calculate_statistics: percent: Non Numérique
07:14:50.476 	GraphEngine.paint_meter: first switch value 0 0
07:14:50.476 	GraphEngine.paint_meter: render damage
07:14:51.482 	Meter.calculate_statistics
07:14:51.482 	Meter.calculate_statistics: group not null and contains more 0
07:14:51.482 	Meter.calculate_statistics: party_total: 0
07:14:51.482 	Meter.calculate_statistics: DPS & HPS: 0 0
07:14:51.482 	Meter.calculate_statistics: burst DPS & burst HPS: 0 0
07:14:51.482 	Meter.calculate_statistics: percent: Non Numérique
07:14:51.488 	GraphEngine.paint_meter: first switch value 0 0
07:14:51.488 	GraphEngine.paint_meter: render damage
07:14:52.501 	Meter.calculate_statistics
07:14:52.501 	Meter.calculate_statistics: group not null and contains more 0
07:14:52.501 	Meter.calculate_statistics: party_total: 0
07:14:52.501 	Meter.calculate_statistics: DPS & HPS: 0 0
07:14:52.501 	Meter.calculate_statistics: burst DPS & burst HPS: 0 0
07:14:52.501 	Meter.calculate_statistics: percent: Non Numérique
07:14:52.508 	GraphEngine.paint_meter: first switch value 0 0
07:14:52.508 	GraphEngine.paint_meter: render damage
07:14:53.511 	Meter.calculate_statistics
07:14:53.511 	Meter.calculate_statistics: group not null and contains more 0
07:14:53.511 	Meter.calculate_statistics: party_total: 0
07:14:53.511 	Meter.calculate_statistics: DPS & HPS: 0 0
07:14:53.511 	Meter.calculate_statistics: burst DPS & burst HPS: 0 0
07:14:53.511 	Meter.calculate_statistics: percent: Non Numérique
07:14:53.519 	GraphEngine.paint_meter: first switch value 0 0
07:14:53.519 	GraphEngine.paint_meter: render damage
07:14:54.524 	Meter.calculate_statistics
07:14:54.524 	Meter.calculate_statistics: group not null and contains more 0
07:14:54.524 	Meter.calculate_statistics: party_total: 0
07:14:54.524 	Meter.calculate_statistics: DPS & HPS: 0 0
07:14:54.524 	Meter.calculate_statistics: burst DPS & burst HPS: 0 0
07:14:54.524 	Meter.calculate_statistics: percent: Non Numérique
07:14:54.532 	GraphEngine.paint_meter: first switch value 0 0
07:14:54.532 	GraphEngine.paint_meter: render damage
07:14:55.538 	Meter.calculate_statistics
07:14:55.538 	Meter.calculate_statistics: group not null and contains more 0
07:14:55.538 	Meter.calculate_statistics: party_total: 0
07:14:55.538 	Meter.calculate_statistics: DPS & HPS: 0 0
07:14:55.538 	Meter.calculate_statistics: burst DPS & burst HPS: 0 0
07:14:55.538 	Meter.calculate_statistics: percent: Non Numérique
07:14:55.546 	GraphEngine.paint_meter: first switch value 0 0
07:14:55.546 	GraphEngine.paint_meter: render damage
07:14:56.551 	Meter.calculate_statistics
07:14:56.551 	Meter.calculate_statistics: group not null and contains more 0
07:14:56.551 	Meter.calculate_statistics: party_total: 0
07:14:56.551 	Meter.calculate_statistics: DPS & HPS: 0 0
07:14:56.551 	Meter.calculate_statistics: burst DPS & burst HPS: 0 0
07:14:56.551 	Meter.calculate_statistics: percent: Non Numérique
07:14:56.559 	GraphEngine.paint_meter: first switch value 0 0
07:14:56.559 	GraphEngine.paint_meter: render damage
07:14:57.566 	Meter.calculate_statistics
07:14:57.566 	Meter.calculate_statistics: group not null and contains more 0
07:14:57.566 	Meter.calculate_statistics: party_total: 0
07:14:57.566 	Meter.calculate_statistics: DPS & HPS: 0 0
07:14:57.566 	Meter.calculate_statistics: burst DPS & burst HPS: 0 0
07:14:57.566 	Meter.calculate_statistics: percent: Non Numérique
07:14:57.575 	GraphEngine.paint_meter: first switch value 0 0
07:14:57.575 	GraphEngine.paint_meter: render damage
07:14:58.581 	Meter.calculate_statistics
07:14:58.581 	Meter.calculate_statistics: group not null and contains more 0
07:14:58.581 	Meter.calculate_statistics: party_total: 0
07:14:58.581 	Meter.calculate_statistics: DPS & HPS: 0 0
07:14:58.581 	Meter.calculate_statistics: burst DPS & burst HPS: 0 0
07:14:58.581 	Meter.calculate_statistics: percent: Non Numérique
07:14:58.589 	GraphEngine.paint_meter: first switch value 0 0
07:14:58.589 	GraphEngine.paint_meter: render damage
07:14:59.595 	Meter.calculate_statistics
07:14:59.595 	Meter.calculate_statistics: group not null and contains more 0
07:14:59.595 	Meter.calculate_statistics: party_total: 0
07:14:59.595 	Meter.calculate_statistics: DPS & HPS: 0 0
07:14:59.595 	Meter.calculate_statistics: burst DPS & burst HPS: 0 0
07:14:59.595 	Meter.calculate_statistics: percent: Non Numérique
07:14:59.604 	GraphEngine.paint_meter: first switch value 0 0
07:14:59.604 	GraphEngine.paint_meter: render damage
07:15:00.609 	Meter.calculate_statistics
07:15:00.609 	Meter.calculate_statistics: group not null and contains more 0
07:15:00.609 	Meter.calculate_statistics: party_total: 0
07:15:00.609 	Meter.calculate_statistics: DPS & HPS: 0 0
07:15:00.609 	Meter.calculate_statistics: burst DPS & burst HPS: 0 0
07:15:00.609 	Meter.calculate_statistics: percent: Non Numérique
07:15:00.617 	GraphEngine.paint_meter: first switch value 0 0
07:15:00.617 	GraphEngine.paint_meter: render damage
07:15:01.622 	Meter.calculate_statistics
07:15:01.622 	Meter.calculate_statistics: group not null and contains more 0
07:15:01.622 	Meter.calculate_statistics: party_total: 0
07:15:01.622 	Meter.calculate_statistics: DPS & HPS: 0 0
07:15:01.622 	Meter.calculate_statistics: burst DPS & burst HPS: 0 0
07:15:01.622 	Meter.calculate_statistics: percent: Non Numérique
07:15:01.634 	GraphEngine.paint_meter: first switch value 0 0
07:15:01.634 	GraphEngine.paint_meter: render damage
07:15:02.642 	Meter.calculate_statistics
07:15:02.642 	Meter.calculate_statistics: group not null and contains more 0
07:15:02.642 	Meter.calculate_statistics: party_total: 0
07:15:02.642 	Meter.calculate_statistics: DPS & HPS: 0 0
07:15:02.642 	Meter.calculate_statistics: burst DPS & burst HPS: 0 0
07:15:02.642 	Meter.calculate_statistics: percent: Non Numérique
07:15:02.647 	GraphEngine.paint_meter: first switch value 0 0
07:15:02.647 	GraphEngine.paint_meter: render damage
07:15:03.651 	Meter.calculate_statistics
07:15:03.651 	Meter.calculate_statistics: group not null and contains more 0
07:15:03.651 	Meter.calculate_statistics: party_total: 0
07:15:03.651 	Meter.calculate_statistics: DPS & HPS: 0 0
07:15:03.651 	Meter.calculate_statistics: burst DPS & burst HPS: 0 0
07:15:03.651 	Meter.calculate_statistics: percent: Non Numérique
07:15:03.659 	GraphEngine.paint_meter: first switch value 0 0
07:15:03.659 	GraphEngine.paint_meter: render damage
07:15:04.664 	Meter.calculate_statistics
07:15:04.664 	Meter.calculate_statistics: group not null and contains more 0
07:15:04.664 	Meter.calculate_statistics: party_total: 0
07:15:04.664 	Meter.calculate_statistics: DPS & HPS: 0 0
07:15:04.664 	Meter.calculate_statistics: burst DPS & burst HPS: 0 0
07:15:04.664 	Meter.calculate_statistics: percent: Non Numérique
07:15:04.672 	GraphEngine.paint_meter: first switch value 0 0
07:15:04.672 	GraphEngine.paint_meter: render damage
07:15:05.678 	Meter.calculate_statistics
07:15:05.678 	Meter.calculate_statistics: group not null and contains more 0
07:15:05.678 	Meter.calculate_statistics: party_total: 0
07:15:05.678 	Meter.calculate_statistics: DPS & HPS: 0 0
07:15:05.678 	Meter.calculate_statistics: burst DPS & burst HPS: 0 0
07:15:05.678 	Meter.calculate_statistics: percent: Non Numérique
07:15:05.686 	GraphEngine.paint_meter: first switch value 0 0
07:15:05.686 	GraphEngine.paint_meter: render damage
07:15:06.693 	Meter.calculate_statistics
07:15:06.693 	Meter.calculate_statistics: group not null and contains more 0
07:15:06.693 	Meter.calculate_statistics: party_total: 0
07:15:06.693 	Meter.calculate_statistics: DPS & HPS: 0 0
07:15:06.693 	Meter.calculate_statistics: burst DPS & burst HPS: 0 0
07:15:06.693 	Meter.calculate_statistics: percent: Non Numérique
07:15:06.702 	GraphEngine.paint_meter: first switch value 0 0
07:15:06.702 	GraphEngine.paint_meter: render damage
07:15:07.706 	Meter.calculate_statistics
07:15:07.706 	Meter.calculate_statistics: group not null and contains more 0
07:15:07.706 	Meter.calculate_statistics: party_total: 0
07:15:07.706 	Meter.calculate_statistics: DPS & HPS: 0 0
07:15:07.706 	Meter.calculate_statistics: burst DPS & burst HPS: 0 0
07:15:07.706 	Meter.calculate_statistics: percent: Non Numérique
07:15:07.714 	GraphEngine.paint_meter: first switch value 0 0
07:15:07.714 	GraphEngine.paint_meter: render damage
07:15:08.720 	Meter.calculate_statistics
07:15:08.720 	Meter.calculate_statistics: group not null and contains more 0
07:15:08.720 	Meter.calculate_statistics: party_total: 0
07:15:08.720 	Meter.calculate_statistics: DPS & HPS: 0 0
07:15:08.720 	Meter.calculate_statistics: burst DPS & burst HPS: 0 0
07:15:08.720 	Meter.calculate_statistics: percent: Non Numérique
07:15:08.728 	GraphEngine.paint_meter: first switch value 0 0
07:15:08.728 	GraphEngine.paint_meter: render damage
07:15:09.734 	Meter.calculate_statistics
07:15:09.734 	Meter.calculate_statistics: group not null and contains more 0
07:15:09.734 	Meter.calculate_statistics: party_total: 0
07:15:09.734 	Meter.calculate_statistics: DPS & HPS: 0 0
07:15:09.734 	Meter.calculate_statistics: burst DPS & burst HPS: 0 0
07:15:09.734 	Meter.calculate_statistics: percent: Non Numérique
07:15:09.741 	GraphEngine.paint_meter: first switch value 0 0
07:15:09.741 	GraphEngine.paint_meter: render damage
07:15:10.749 	Meter.calculate_statistics
07:15:10.749 	Meter.calculate_statistics: group not null and contains more 0
07:15:10.749 	Meter.calculate_statistics: party_total: 0
07:15:10.749 	Meter.calculate_statistics: DPS & HPS: 0 0
07:15:10.749 	Meter.calculate_statistics: burst DPS & burst HPS: 0 0
07:15:10.749 	Meter.calculate_statistics: percent: Non Numérique
07:15:10.756 	GraphEngine.paint_meter: first switch value 0 0
07:15:10.756 	GraphEngine.paint_meter: render damage
07:15:11.763 	Meter.calculate_statistics
07:15:11.763 	Meter.calculate_statistics: group not null and contains more 0
07:15:11.763 	Meter.calculate_statistics: party_total: 0
07:15:11.763 	Meter.calculate_statistics: DPS & HPS: 0 0
07:15:11.763 	Meter.calculate_statistics: burst DPS & burst HPS: 0 0
07:15:11.763 	Meter.calculate_statistics: percent: Non Numérique
07:15:11.770 	GraphEngine.paint_meter: first switch value 0 0
07:15:11.770 	GraphEngine.paint_meter: render damage
07:15:12.777 	Meter.calculate_statistics
07:15:12.777 	Meter.calculate_statistics: group not null and contains more 0
07:15:12.777 	Meter.calculate_statistics: party_total: 0
07:15:12.777 	Meter.calculate_statistics: DPS & HPS: 0 0
07:15:12.777 	Meter.calculate_statistics: burst DPS & burst HPS: 0 0
07:15:12.777 	Meter.calculate_statistics: percent: Non Numérique
07:15:12.784 	GraphEngine.paint_meter: first switch value 0 0
07:15:12.784 	GraphEngine.paint_meter: render damage
07:15:13.791 	Meter.calculate_statistics
07:15:13.791 	Meter.calculate_statistics: group not null and contains more 0
07:15:13.791 	Meter.calculate_statistics: party_total: 0
07:15:13.791 	Meter.calculate_statistics: DPS & HPS: 0 0
07:15:13.791 	Meter.calculate_statistics: burst DPS & burst HPS: 0 0
07:15:13.791 	Meter.calculate_statistics: percent: Non Numérique
07:15:13.799 	GraphEngine.paint_meter: first switch value 0 0
07:15:13.799 	GraphEngine.paint_meter: render damage
07:15:14.805 	Meter.calculate_statistics
07:15:14.805 	Meter.calculate_statistics: group not null and contains more 0
07:15:14.805 	Meter.calculate_statistics: party_total: 0
07:15:14.805 	Meter.calculate_statistics: DPS & HPS: 0 0
07:15:14.805 	Meter.calculate_statistics: burst DPS & burst HPS: 0 0
07:15:14.805 	Meter.calculate_statistics: percent: Non Numérique
07:15:14.814 	GraphEngine.paint_meter: first switch value 0 0
07:15:14.814 	GraphEngine.paint_meter: render damage
07:15:15.820 	Meter.calculate_statistics
07:15:15.820 	Meter.calculate_statistics: group not null and contains more 0
07:15:15.820 	Meter.calculate_statistics: party_total: 0
07:15:15.820 	Meter.calculate_statistics: DPS & HPS: 0 0
07:15:15.820 	Meter.calculate_statistics: burst DPS & burst HPS: 0 0
07:15:15.820 	Meter.calculate_statistics: percent: Non Numérique
07:15:15.827 	GraphEngine.paint_meter: first switch value 0 0
07:15:15.827 	GraphEngine.paint_meter: render damage
07:15:16.832 	Meter.calculate_statistics
07:15:16.832 	Meter.calculate_statistics: group not null and contains more 0
07:15:16.832 	Meter.calculate_statistics: party_total: 0
07:15:16.832 	Meter.calculate_statistics: DPS & HPS: 0 0
07:15:16.832 	Meter.calculate_statistics: burst DPS & burst HPS: 0 0
07:15:16.832 	Meter.calculate_statistics: percent: Non Numérique
07:15:16.838 	GraphEngine.paint_meter: first switch value 0 0
07:15:16.838 	GraphEngine.paint_meter: render damage
07:15:17.846 	Meter.calculate_statistics
07:15:17.846 	Meter.calculate_statistics: group not null and contains more 0
07:15:17.846 	Meter.calculate_statistics: party_total: 0
07:15:17.846 	Meter.calculate_statistics: DPS & HPS: 0 0
07:15:17.846 	Meter.calculate_statistics: burst DPS & burst HPS: 0 0
07:15:17.846 	Meter.calculate_statistics: percent: Non Numérique
07:15:17.853 	GraphEngine.paint_meter: first switch value 0 0
07:15:17.853 	GraphEngine.paint_meter: render damage
07:15:18.860 	Meter.calculate_statistics
07:15:18.860 	Meter.calculate_statistics: group not null and contains more 0
07:15:18.860 	Meter.calculate_statistics: party_total: 0
07:15:18.860 	Meter.calculate_statistics: DPS & HPS: 0 0
07:15:18.860 	Meter.calculate_statistics: burst DPS & burst HPS: 0 0
07:15:18.860 	Meter.calculate_statistics: percent: Non Numérique
07:15:18.868 	GraphEngine.paint_meter: first switch value 0 0
07:15:18.868 	GraphEngine.paint_meter: render damage
07:15:19.874 	Meter.calculate_statistics
07:15:19.874 	Meter.calculate_statistics: group not null and contains more 0
07:15:19.874 	Meter.calculate_statistics: party_total: 0
07:15:19.874 	Meter.calculate_statistics: DPS & HPS: 0 0
07:15:19.874 	Meter.calculate_statistics: burst DPS & burst HPS: 0 0
07:15:19.874 	Meter.calculate_statistics: percent: Non Numérique
07:15:19.881 	GraphEngine.paint_meter: first switch value 0 0
07:15:19.881 	GraphEngine.paint_meter: render damage
07:15:20.888 	Meter.calculate_statistics
07:15:20.888 	Meter.calculate_statistics: group not null and contains more 0
07:15:20.888 	Meter.calculate_statistics: party_total: 0
07:15:20.888 	Meter.calculate_statistics: DPS & HPS: 0 0
07:15:20.888 	Meter.calculate_statistics: burst DPS & burst HPS: 0 0
07:15:20.888 	Meter.calculate_statistics: percent: Non Numérique
07:15:20.897 	GraphEngine.paint_meter: first switch value 0 0
07:15:20.897 	GraphEngine.paint_meter: render damage
07:15:21.902 	Meter.calculate_statistics
07:15:21.902 	Meter.calculate_statistics: group not null and contains more 0
07:15:21.902 	Meter.calculate_statistics: party_total: 0
07:15:21.902 	Meter.calculate_statistics: DPS & HPS: 0 0
07:15:21.902 	Meter.calculate_statistics: burst DPS & burst HPS: 0 0
07:15:21.902 	Meter.calculate_statistics: percent: Non Numérique
07:15:21.911 	GraphEngine.paint_meter: first switch value 0 0
07:15:21.911 	GraphEngine.paint_meter: render damage
07:15:22.916 	Meter.calculate_statistics
07:15:22.916 	Meter.calculate_statistics: group not null and contains more 0
07:15:22.916 	Meter.calculate_statistics: party_total: 0
07:15:22.916 	Meter.calculate_statistics: DPS & HPS: 0 0
07:15:22.916 	Meter.calculate_statistics: burst DPS & burst HPS: 0 0
07:15:22.916 	Meter.calculate_statistics: percent: Non Numérique
07:15:22.925 	GraphEngine.paint_meter: first switch value 0 0
07:15:22.925 	GraphEngine.paint_meter: render damage
07:15:23.931 	Meter.calculate_statistics
07:15:23.931 	Meter.calculate_statistics: group not null and contains more 0
07:15:23.931 	Meter.calculate_statistics: party_total: 0
07:15:23.931 	Meter.calculate_statistics: DPS & HPS: 0 0
07:15:23.931 	Meter.calculate_statistics: burst DPS & burst HPS: 0 0
07:15:23.931 	Meter.calculate_statistics: percent: Non Numérique
07:15:23.939 	GraphEngine.paint_meter: first switch value 0 0
07:15:23.939 	GraphEngine.paint_meter: render damage
07:15:24.944 	Meter.calculate_statistics
07:15:24.944 	Meter.calculate_statistics: group not null and contains more 0
07:15:24.944 	Meter.calculate_statistics: party_total: 0
07:15:24.944 	Meter.calculate_statistics: DPS & HPS: 0 0
07:15:24.944 	Meter.calculate_statistics: burst DPS & burst HPS: 0 0
07:15:24.944 	Meter.calculate_statistics: percent: Non Numérique
07:15:24.952 	GraphEngine.paint_meter: first switch value 0 0
07:15:24.952 	GraphEngine.paint_meter: render damage
07:15:25.958 	Meter.calculate_statistics
07:15:25.958 	Meter.calculate_statistics: group not null and contains more 0
07:15:25.958 	Meter.calculate_statistics: party_total: 0
07:15:25.958 	Meter.calculate_statistics: DPS & HPS: 0 0
07:15:25.958 	Meter.calculate_statistics: burst DPS & burst HPS: 0 0
07:15:25.958 	Meter.calculate_statistics: percent: Non Numérique
07:15:25.966 	GraphEngine.paint_meter: first switch value 0 0
07:15:25.966 	GraphEngine.paint_meter: render damage
07:15:26.972 	Meter.calculate_statistics
07:15:26.972 	Meter.calculate_statistics: group not null and contains more 0
07:15:26.972 	Meter.calculate_statistics: party_total: 0
07:15:26.972 	Meter.calculate_statistics: DPS & HPS: 0 0
07:15:26.972 	Meter.calculate_statistics: burst DPS & burst HPS: 0 0
07:15:26.972 	Meter.calculate_statistics: percent: Non Numérique
07:15:26.980 	GraphEngine.paint_meter: first switch value 0 0
07:15:26.980 	GraphEngine.paint_meter: render damage
07:15:27.986 	Meter.calculate_statistics
07:15:27.986 	Meter.calculate_statistics: group not null and contains more 0
07:15:27.986 	Meter.calculate_statistics: party_total: 0
07:15:27.986 	Meter.calculate_statistics: DPS & HPS: 0 0
07:15:27.986 	Meter.calculate_statistics: burst DPS & burst HPS: 0 0
07:15:27.986 	Meter.calculate_statistics: percent: Non Numérique
07:15:27.994 	GraphEngine.paint_meter: first switch value 0 0
07:15:27.994 	GraphEngine.paint_meter: render damage
07:15:29.000 	Meter.calculate_statistics
07:15:29.000 	Meter.calculate_statistics: group not null and contains more 0
07:15:29.000 	Meter.calculate_statistics: party_total: 0
07:15:29.000 	Meter.calculate_statistics: DPS & HPS: 0 0
07:15:29.000 	Meter.calculate_statistics: burst DPS & burst HPS: 0 0
07:15:29.000 	Meter.calculate_statistics: percent: Non Numérique
07:15:29.008 	GraphEngine.paint_meter: first switch value 0 0
07:15:29.008 	GraphEngine.paint_meter: render damage
07:15:30.014 	Meter.calculate_statistics
07:15:30.014 	Meter.calculate_statistics: group not null and contains more 0
07:15:30.014 	Meter.calculate_statistics: party_total: 0
07:15:30.014 	Meter.calculate_statistics: DPS & HPS: 0 0
07:15:30.014 	Meter.calculate_statistics: burst DPS & burst HPS: 0 0
07:15:30.014 	Meter.calculate_statistics: percent: Non Numérique
07:15:30.020 	GraphEngine.paint_meter: first switch value 0 0
07:15:30.020 	GraphEngine.paint_meter: render damage
07:15:31.028 	Meter.calculate_statistics
07:15:31.028 	Meter.calculate_statistics: group not null and contains more 0
07:15:31.028 	Meter.calculate_statistics: party_total: 0
07:15:31.028 	Meter.calculate_statistics: DPS & HPS: 0 0
07:15:31.028 	Meter.calculate_statistics: burst DPS & burst HPS: 0 0
07:15:31.028 	Meter.calculate_statistics: percent: Non Numérique
07:15:31.036 	GraphEngine.paint_meter: first switch value 0 0
07:15:31.036 	GraphEngine.paint_meter: render damage
07:15:32.042 	Meter.calculate_statistics
07:15:32.042 	Meter.calculate_statistics: group not null and contains more 0
07:15:32.042 	Meter.calculate_statistics: party_total: 0
07:15:32.042 	Meter.calculate_statistics: DPS & HPS: 0 0
07:15:32.042 	Meter.calculate_statistics: burst DPS & burst HPS: 0 0
07:15:32.042 	Meter.calculate_statistics: percent: Non Numérique
07:15:32.050 	GraphEngine.paint_meter: first switch value 0 0
07:15:32.050 	GraphEngine.paint_meter: render damage
07:15:33.056 	Meter.calculate_statistics
07:15:33.056 	Meter.calculate_statistics: group not null and contains more 0
07:15:33.056 	Meter.calculate_statistics: party_total: 0
07:15:33.056 	Meter.calculate_statistics: DPS & HPS: 0 0
07:15:33.056 	Meter.calculate_statistics: burst DPS & burst HPS: 0 0
07:15:33.056 	Meter.calculate_statistics: percent: Non Numérique
07:15:33.063 	GraphEngine.paint_meter: first switch value 0 0
07:15:33.063 	GraphEngine.paint_meter: render damage
07:15:34.071 	Meter.calculate_statistics
07:15:34.071 	Meter.calculate_statistics: group not null and contains more 0
07:15:34.071 	Meter.calculate_statistics: party_total: 0
07:15:34.071 	Meter.calculate_statistics: DPS & HPS: 0 0
07:15:34.071 	Meter.calculate_statistics: burst DPS & burst HPS: 0 0
07:15:34.071 	Meter.calculate_statistics: percent: Non Numérique
07:15:34.077 	GraphEngine.paint_meter: first switch value 0 0
07:15:34.077 	GraphEngine.paint_meter: render damage
07:15:35.085 	Meter.calculate_statistics
07:15:35.085 	Meter.calculate_statistics: group not null and contains more 0
07:15:35.085 	Meter.calculate_statistics: party_total: 0
07:15:35.085 	Meter.calculate_statistics: DPS & HPS: 0 0
07:15:35.085 	Meter.calculate_statistics: burst DPS & burst HPS: 0 0
07:15:35.085 	Meter.calculate_statistics: percent: Non Numérique
07:15:35.091 	GraphEngine.paint_meter: first switch value 0 0
07:15:35.092 	GraphEngine.paint_meter: render damage
07:15:36.098 	Meter.calculate_statistics
07:15:36.098 	Meter.calculate_statistics: group not null and contains more 0
07:15:36.098 	Meter.calculate_statistics: party_total: 0
07:15:36.098 	Meter.calculate_statistics: DPS & HPS: 0 0
07:15:36.098 	Meter.calculate_statistics: burst DPS & burst HPS: 0 0
07:15:36.098 	Meter.calculate_statistics: percent: Non Numérique
07:15:36.105 	GraphEngine.paint_meter: first switch value 0 0
07:15:36.105 	GraphEngine.paint_meter: render damage
07:15:37.112 	Meter.calculate_statistics
07:15:37.112 	Meter.calculate_statistics: group not null and contains more 0
07:15:37.112 	Meter.calculate_statistics: party_total: 0
07:15:37.112 	Meter.calculate_statistics: DPS & HPS: 0 0
07:15:37.112 	Meter.calculate_statistics: burst DPS & burst HPS: 0 0
07:15:37.112 	Meter.calculate_statistics: percent: Non Numérique
07:15:37.118 	GraphEngine.paint_meter: first switch value 0 0
07:15:37.118 	GraphEngine.paint_meter: render damage
07:15:38.127 	Meter.calculate_statistics
07:15:38.127 	Meter.calculate_statistics: group not null and contains more 0
07:15:38.127 	Meter.calculate_statistics: party_total: 0
07:15:38.127 	Meter.calculate_statistics: DPS & HPS: 0 0
07:15:38.127 	Meter.calculate_statistics: burst DPS & burst HPS: 0 0
07:15:38.127 	Meter.calculate_statistics: percent: Non Numérique
07:15:38.133 	GraphEngine.paint_meter: first switch value 0 0
07:15:38.133 	GraphEngine.paint_meter: render damage
07:15:39.140 	Meter.calculate_statistics
07:15:39.140 	Meter.calculate_statistics: group not null and contains more 0
07:15:39.140 	Meter.calculate_statistics: party_total: 0
07:15:39.140 	Meter.calculate_statistics: DPS & HPS: 0 0
07:15:39.140 	Meter.calculate_statistics: burst DPS & burst HPS: 0 0
07:15:39.140 	Meter.calculate_statistics: percent: Non Numérique
07:15:39.147 	GraphEngine.paint_meter: first switch value 0 0
07:15:39.147 	GraphEngine.paint_meter: render damage
07:15:39.977 	Meter.calculate_statistics
07:15:39.977 	Meter.calculate_statistics: group not null and contains more 0
07:15:39.977 	Meter.calculate_statistics: party_total: 0
07:15:39.977 	Meter.calculate_statistics: DPS & HPS: 0 0
07:15:39.977 	Meter.calculate_statistics: burst DPS & burst HPS: 0 0
07:15:39.977 	Meter.calculate_statistics: percent: Non Numérique
07:15:39.983 	GraphEngine.paint_meter: first switch value 0 0
07:15:39.983 	GraphEngine.paint_meter: render damage
07:15:40.154 	Meter.calculate_statistics
07:15:40.154 	Meter.calculate_statistics: group not null and contains more 0
07:15:40.154 	Meter.calculate_statistics: party_total: 0
07:15:40.154 	Meter.calculate_statistics: DPS & HPS: 0 0
07:15:40.154 	Meter.calculate_statistics: burst DPS & burst HPS: 0 0
07:15:40.154 	Meter.calculate_statistics: percent: Non Numérique
07:15:40.160 	GraphEngine.paint_meter: first switch value 0 0
07:15:40.160 	GraphEngine.paint_meter: render damage
07:15:41.168 	Meter.calculate_statistics
07:15:41.168 	Meter.calculate_statistics: group not null and contains more 0
07:15:41.168 	Meter.calculate_statistics: party_total: 0
07:15:41.168 	Meter.calculate_statistics: DPS & HPS: 0 0
07:15:41.168 	Meter.calculate_statistics: burst DPS & burst HPS: 0 0
07:15:41.168 	Meter.calculate_statistics: percent: Non Numérique
07:15:41.175 	GraphEngine.paint_meter: first switch value 0 0
07:15:41.175 	GraphEngine.paint_meter: render damage
07:15:42.182 	Meter.calculate_statistics
07:15:42.182 	Meter.calculate_statistics: group not null and contains more 0
07:15:42.182 	Meter.calculate_statistics: party_total: 0
07:15:42.182 	Meter.calculate_statistics: DPS & HPS: 0 0
07:15:42.182 	Meter.calculate_statistics: burst DPS & burst HPS: 0 0
07:15:42.182 	Meter.calculate_statistics: percent: Non Numérique
07:15:42.191 	GraphEngine.paint_meter: first switch value 0 0
07:15:42.191 	GraphEngine.paint_meter: render damage
07:15:43.196 	Meter.calculate_statistics
07:15:43.196 	Meter.calculate_statistics: group not null and contains more 0
07:15:43.196 	Meter.calculate_statistics: party_total: 0
07:15:43.196 	Meter.calculate_statistics: DPS & HPS: 0 0
07:15:43.196 	Meter.calculate_statistics: burst DPS & burst HPS: 0 0
07:15:43.196 	Meter.calculate_statistics: percent: Non Numérique
07:15:43.204 	GraphEngine.paint_meter: first switch value 0 0
07:15:43.204 	GraphEngine.paint_meter: render damage
07:15:44.210 	Meter.calculate_statistics
07:15:44.210 	Meter.calculate_statistics: group not null and contains more 0
07:15:44.210 	Meter.calculate_statistics: party_total: 0
07:15:44.210 	Meter.calculate_statistics: DPS & HPS: 0 0
07:15:44.210 	Meter.calculate_statistics: burst DPS & burst HPS: 0 0
07:15:44.210 	Meter.calculate_statistics: percent: Non Numérique
07:15:44.218 	GraphEngine.paint_meter: first switch value 0 0
07:15:44.218 	GraphEngine.paint_meter: render damage
07:15:45.224 	Meter.calculate_statistics
07:15:45.224 	Meter.calculate_statistics: group not null and contains more 0
07:15:45.224 	Meter.calculate_statistics: party_total: 0
07:15:45.224 	Meter.calculate_statistics: DPS & HPS: 0 0
07:15:45.224 	Meter.calculate_statistics: burst DPS & burst HPS: 0 0
07:15:45.224 	Meter.calculate_statistics: percent: Non Numérique
07:15:45.232 	GraphEngine.paint_meter: first switch value 0 0
07:15:45.232 	GraphEngine.paint_meter: render damage
07:15:46.238 	Meter.calculate_statistics
07:15:46.238 	Meter.calculate_statistics: group not null and contains more 0
07:15:46.238 	Meter.calculate_statistics: party_total: 0
07:15:46.238 	Meter.calculate_statistics: DPS & HPS: 0 0
07:15:46.238 	Meter.calculate_statistics: burst DPS & burst HPS: 0 0
07:15:46.238 	Meter.calculate_statistics: percent: Non Numérique
07:15:46.248 	GraphEngine.paint_meter: first switch value 0 0
07:15:46.248 	GraphEngine.paint_meter: render damage
07:15:47.252 	Meter.calculate_statistics
07:15:47.252 	Meter.calculate_statistics: group not null and contains more 0
07:15:47.252 	Meter.calculate_statistics: party_total: 0
07:15:47.252 	Meter.calculate_statistics: DPS & HPS: 0 0
07:15:47.252 	Meter.calculate_statistics: burst DPS & burst HPS: 0 0
07:15:47.252 	Meter.calculate_statistics: percent: Non Numérique
07:15:47.260 	GraphEngine.paint_meter: first switch value 0 0
07:15:47.260 	GraphEngine.paint_meter: render damage
07:15:48.266 	Meter.calculate_statistics
07:15:48.266 	Meter.calculate_statistics: group not null and contains more 0
07:15:48.266 	Meter.calculate_statistics: party_total: 0
07:15:48.266 	Meter.calculate_statistics: DPS & HPS: 0 0
07:15:48.266 	Meter.calculate_statistics: burst DPS & burst HPS: 0 0
07:15:48.266 	Meter.calculate_statistics: percent: Non Numérique
07:15:48.274 	GraphEngine.paint_meter: first switch value 0 0
07:15:48.275 	GraphEngine.paint_meter: render damage
07:15:49.280 	Meter.calculate_statistics
07:15:49.280 	Meter.calculate_statistics: group not null and contains more 0
07:15:49.280 	Meter.calculate_statistics: party_total: 0
07:15:49.280 	Meter.calculate_statistics: DPS & HPS: 0 0
07:15:49.280 	Meter.calculate_statistics: burst DPS & burst HPS: 0 0
07:15:49.280 	Meter.calculate_statistics: percent: Non Numérique
07:15:49.289 	GraphEngine.paint_meter: first switch value 0 0
07:15:49.289 	GraphEngine.paint_meter: render damage
07:15:50.294 	Meter.calculate_statistics
07:15:50.294 	Meter.calculate_statistics: group not null and contains more 0
07:15:50.294 	Meter.calculate_statistics: party_total: 0
07:15:50.294 	Meter.calculate_statistics: DPS & HPS: 0 0
07:15:50.294 	Meter.calculate_statistics: burst DPS & burst HPS: 0 0
07:15:50.294 	Meter.calculate_statistics: percent: Non Numérique
07:15:50.302 	GraphEngine.paint_meter: first switch value 0 0
07:15:50.302 	GraphEngine.paint_meter: render damage
07:15:51.309 	Meter.calculate_statistics
07:15:51.309 	Meter.calculate_statistics: group not null and contains more 0
07:15:51.309 	Meter.calculate_statistics: party_total: 0
07:15:51.309 	Meter.calculate_statistics: DPS & HPS: 0 0
07:15:51.309 	Meter.calculate_statistics: burst DPS & burst HPS: 0 0
07:15:51.309 	Meter.calculate_statistics: percent: Non Numérique
07:15:51.318 	GraphEngine.paint_meter: first switch value 0 0
07:15:51.318 	GraphEngine.paint_meter: render damage
07:15:52.323 	Meter.calculate_statistics
07:15:52.323 	Meter.calculate_statistics: group not null and contains more 0
07:15:52.323 	Meter.calculate_statistics: party_total: 0
07:15:52.323 	Meter.calculate_statistics: DPS & HPS: 0 0
07:15:52.323 	Meter.calculate_statistics: burst DPS & burst HPS: 0 0
07:15:52.323 	Meter.calculate_statistics: percent: Non Numérique
07:15:52.332 	GraphEngine.paint_meter: first switch value 0 0
07:15:52.332 	GraphEngine.paint_meter: render damage
07:15:53.337 	Meter.calculate_statistics
07:15:53.337 	Meter.calculate_statistics: group not null and contains more 0
07:15:53.337 	Meter.calculate_statistics: party_total: 0
07:15:53.337 	Meter.calculate_statistics: DPS & HPS: 0 0
07:15:53.337 	Meter.calculate_statistics: burst DPS & burst HPS: 0 0
07:15:53.337 	Meter.calculate_statistics: percent: Non Numérique
07:15:53.345 	GraphEngine.paint_meter: first switch value 0 0
07:15:53.345 	GraphEngine.paint_meter: render damage
07:15:54.351 	Meter.calculate_statistics
07:15:54.351 	Meter.calculate_statistics: group not null and contains more 0
07:15:54.351 	Meter.calculate_statistics: party_total: 0
07:15:54.351 	Meter.calculate_statistics: DPS & HPS: 0 0
07:15:54.351 	Meter.calculate_statistics: burst DPS & burst HPS: 0 0
07:15:54.351 	Meter.calculate_statistics: percent: Non Numérique
07:15:54.361 	GraphEngine.paint_meter: first switch value 0 0
07:15:54.361 	GraphEngine.paint_meter: render damage
07:15:55.365 	Meter.calculate_statistics
07:15:55.365 	Meter.calculate_statistics: group not null and contains more 0
07:15:55.365 	Meter.calculate_statistics: party_total: 0
07:15:55.365 	Meter.calculate_statistics: DPS & HPS: 0 0
07:15:55.365 	Meter.calculate_statistics: burst DPS & burst HPS: 0 0
07:15:55.365 	Meter.calculate_statistics: percent: Non Numérique
07:15:55.372 	GraphEngine.paint_meter: first switch value 0 0
07:15:55.372 	GraphEngine.paint_meter: render damage
07:15:56.378 	Meter.calculate_statistics
07:15:56.378 	Meter.calculate_statistics: group not null and contains more 0
07:15:56.378 	Meter.calculate_statistics: party_total: 0
07:15:56.378 	Meter.calculate_statistics: DPS & HPS: 0 0
07:15:56.378 	Meter.calculate_statistics: burst DPS & burst HPS: 0 0
07:15:56.378 	Meter.calculate_statistics: percent: Non Numérique
07:15:56.386 	GraphEngine.paint_meter: first switch value 0 0
07:15:56.386 	GraphEngine.paint_meter: render damage
07:15:57.392 	Meter.calculate_statistics
07:15:57.392 	Meter.calculate_statistics: group not null and contains more 0
07:15:57.392 	Meter.calculate_statistics: party_total: 0
07:15:57.392 	Meter.calculate_statistics: DPS & HPS: 0 0
07:15:57.392 	Meter.calculate_statistics: burst DPS & burst HPS: 0 0
07:15:57.392 	Meter.calculate_statistics: percent: Non Numérique
07:15:57.399 	GraphEngine.paint_meter: first switch value 0 0
07:15:57.399 	GraphEngine.paint_meter: render damage
07:15:58.406 	Meter.calculate_statistics
07:15:58.406 	Meter.calculate_statistics: group not null and contains more 0
07:15:58.406 	Meter.calculate_statistics: party_total: 0
07:15:58.406 	Meter.calculate_statistics: DPS & HPS: 0 0
07:15:58.406 	Meter.calculate_statistics: burst DPS & burst HPS: 0 0
07:15:58.406 	Meter.calculate_statistics: percent: Non Numérique
07:15:58.412 	GraphEngine.paint_meter: first switch value 0 0
07:15:58.412 	GraphEngine.paint_meter: render damage
07:15:59.420 	Meter.calculate_statistics
07:15:59.420 	Meter.calculate_statistics: group not null and contains more 0
07:15:59.420 	Meter.calculate_statistics: party_total: 0
07:15:59.420 	Meter.calculate_statistics: DPS & HPS: 0 0
07:15:59.420 	Meter.calculate_statistics: burst DPS & burst HPS: 0 0
07:15:59.420 	Meter.calculate_statistics: percent: Non Numérique
07:15:59.427 	GraphEngine.paint_meter: first switch value 0 0
07:15:59.427 	GraphEngine.paint_meter: render damage
07:16:00.434 	Meter.calculate_statistics
07:16:00.434 	Meter.calculate_statistics: group not null and contains more 0
07:16:00.434 	Meter.calculate_statistics: party_total: 0
07:16:00.434 	Meter.calculate_statistics: DPS & HPS: 0 0
07:16:00.434 	Meter.calculate_statistics: burst DPS & burst HPS: 0 0
07:16:00.434 	Meter.calculate_statistics: percent: Non Numérique
07:16:00.441 	GraphEngine.paint_meter: first switch value 0 0
07:16:00.441 	GraphEngine.paint_meter: render damage
07:16:01.448 	Meter.calculate_statistics
07:16:01.448 	Meter.calculate_statistics: group not null and contains more 0
07:16:01.448 	Meter.calculate_statistics: party_total: 0
07:16:01.448 	Meter.calculate_statistics: DPS & HPS: 0 0
07:16:01.448 	Meter.calculate_statistics: burst DPS & burst HPS: 0 0
07:16:01.448 	Meter.calculate_statistics: percent: Non Numérique
07:16:01.455 	GraphEngine.paint_meter: first switch value 0 0
07:16:01.455 	GraphEngine.paint_meter: render damage
07:16:02.462 	Meter.calculate_statistics
07:16:02.462 	Meter.calculate_statistics: group not null and contains more 0
07:16:02.462 	Meter.calculate_statistics: party_total: 0
07:16:02.462 	Meter.calculate_statistics: DPS & HPS: 0 0
07:16:02.462 	Meter.calculate_statistics: burst DPS & burst HPS: 0 0
07:16:02.462 	Meter.calculate_statistics: percent: Non Numérique
07:16:02.468 	GraphEngine.paint_meter: first switch value 0 0
07:16:02.468 	GraphEngine.paint_meter: render damage
07:16:03.476 	Meter.calculate_statistics
07:16:03.476 	Meter.calculate_statistics: group not null and contains more 0
07:16:03.476 	Meter.calculate_statistics: party_total: 0
07:16:03.476 	Meter.calculate_statistics: DPS & HPS: 0 0
07:16:03.476 	Meter.calculate_statistics: burst DPS & burst HPS: 0 0
07:16:03.476 	Meter.calculate_statistics: percent: Non Numérique
07:16:03.484 	GraphEngine.paint_meter: first switch value 0 0
07:16:03.484 	GraphEngine.paint_meter: render damage
07:16:04.490 	Meter.calculate_statistics
07:16:04.490 	Meter.calculate_statistics: group not null and contains more 0
07:16:04.490 	Meter.calculate_statistics: party_total: 0
07:16:04.490 	Meter.calculate_statistics: DPS & HPS: 0 0
07:16:04.490 	Meter.calculate_statistics: burst DPS & burst HPS: 0 0
07:16:04.490 	Meter.calculate_statistics: percent: Non Numérique
07:16:04.497 	GraphEngine.paint_meter: first switch value 0 0
07:16:04.497 	GraphEngine.paint_meter: render damage
07:16:05.504 	Meter.calculate_statistics
07:16:05.504 	Meter.calculate_statistics: group not null and contains more 0
07:16:05.504 	Meter.calculate_statistics: party_total: 0
07:16:05.504 	Meter.calculate_statistics: DPS & HPS: 0 0
07:16:05.504 	Meter.calculate_statistics: burst DPS & burst HPS: 0 0
07:16:05.504 	Meter.calculate_statistics: percent: Non Numérique
07:16:05.510 	GraphEngine.paint_meter: first switch value 0 0
07:16:05.510 	GraphEngine.paint_meter: render damage
07:16:06.518 	Meter.calculate_statistics
07:16:06.518 	Meter.calculate_statistics: group not null and contains more 0
07:16:06.518 	Meter.calculate_statistics: party_total: 0
07:16:06.518 	Meter.calculate_statistics: DPS & HPS: 0 0
07:16:06.518 	Meter.calculate_statistics: burst DPS & burst HPS: 0 0
07:16:06.518 	Meter.calculate_statistics: percent: Non Numérique
07:16:06.526 	GraphEngine.paint_meter: first switch value 0 0
07:16:06.526 	GraphEngine.paint_meter: render damage
07:16:07.532 	Meter.calculate_statistics
07:16:07.532 	Meter.calculate_statistics: group not null and contains more 0
07:16:07.532 	Meter.calculate_statistics: party_total: 0
07:16:07.532 	Meter.calculate_statistics: DPS & HPS: 0 0
07:16:07.532 	Meter.calculate_statistics: burst DPS & burst HPS: 0 0
07:16:07.532 	Meter.calculate_statistics: percent: Non Numérique
07:16:07.541 	GraphEngine.paint_meter: first switch value 0 0
07:16:07.541 	GraphEngine.paint_meter: render damage
07:16:08.548 	Meter.calculate_statistics
07:16:08.548 	Meter.calculate_statistics: group not null and contains more 0
07:16:08.548 	Meter.calculate_statistics: party_total: 0
07:16:08.548 	Meter.calculate_statistics: DPS & HPS: 0 0
07:16:08.548 	Meter.calculate_statistics: burst DPS & burst HPS: 0 0
07:16:08.548 	Meter.calculate_statistics: percent: Non Numérique
07:16:08.554 	GraphEngine.paint_meter: first switch value 0 0
07:16:08.554 	GraphEngine.paint_meter: render damage
07:16:09.561 	Meter.calculate_statistics
07:16:09.561 	Meter.calculate_statistics: group not null and contains more 0
07:16:09.561 	Meter.calculate_statistics: party_total: 0
07:16:09.561 	Meter.calculate_statistics: DPS & HPS: 0 0
07:16:09.561 	Meter.calculate_statistics: burst DPS & burst HPS: 0 0
07:16:09.561 	Meter.calculate_statistics: percent: Non Numérique
07:16:09.569 	GraphEngine.paint_meter: first switch value 0 0
07:16:09.569 	GraphEngine.paint_meter: render damage
07:16:10.575 	Meter.calculate_statistics
07:16:10.575 	Meter.calculate_statistics: group not null and contains more 0
07:16:10.575 	Meter.calculate_statistics: party_total: 0
07:16:10.575 	Meter.calculate_statistics: DPS & HPS: 0 0
07:16:10.575 	Meter.calculate_statistics: burst DPS & burst HPS: 0 0
07:16:10.575 	Meter.calculate_statistics: percent: Non Numérique
07:16:10.581 	GraphEngine.paint_meter: first switch value 0 0
07:16:10.581 	GraphEngine.paint_meter: render damage
07:16:11.589 	Meter.calculate_statistics
07:16:11.589 	Meter.calculate_statistics: group not null and contains more 0
07:16:11.589 	Meter.calculate_statistics: party_total: 0
07:16:11.589 	Meter.calculate_statistics: DPS & HPS: 0 0
07:16:11.589 	Meter.calculate_statistics: burst DPS & burst HPS: 0 0
07:16:11.589 	Meter.calculate_statistics: percent: Non Numérique
07:16:11.596 	GraphEngine.paint_meter: first switch value 0 0
07:16:11.596 	GraphEngine.paint_meter: render damage
07:16:12.603 	Meter.calculate_statistics
07:16:12.603 	Meter.calculate_statistics: group not null and contains more 0
07:16:12.603 	Meter.calculate_statistics: party_total: 0
07:16:12.603 	Meter.calculate_statistics: DPS & HPS: 0 0
07:16:12.603 	Meter.calculate_statistics: burst DPS & burst HPS: 0 0
07:16:12.603 	Meter.calculate_statistics: percent: Non Numérique
07:16:12.611 	GraphEngine.paint_meter: first switch value 0 0
07:16:12.611 	GraphEngine.paint_meter: render damage
07:16:13.617 	Meter.calculate_statistics
07:16:13.617 	Meter.calculate_statistics: group not null and contains more 0
07:16:13.617 	Meter.calculate_statistics: party_total: 0
07:16:13.617 	Meter.calculate_statistics: DPS & HPS: 0 0
07:16:13.617 	Meter.calculate_statistics: burst DPS & burst HPS: 0 0
07:16:13.617 	Meter.calculate_statistics: percent: Non Numérique
07:16:13.625 	GraphEngine.paint_meter: first switch value 0 0
07:16:13.625 	GraphEngine.paint_meter: render damage
07:16:14.631 	Meter.calculate_statistics
07:16:14.631 	Meter.calculate_statistics: group not null and contains more 0
07:16:14.631 	Meter.calculate_statistics: party_total: 0
07:16:14.631 	Meter.calculate_statistics: DPS & HPS: 0 0
07:16:14.631 	Meter.calculate_statistics: burst DPS & burst HPS: 0 0
07:16:14.631 	Meter.calculate_statistics: percent: Non Numérique
07:16:14.639 	GraphEngine.paint_meter: first switch value 0 0
07:16:14.639 	GraphEngine.paint_meter: render damage
07:16:15.644 	Meter.calculate_statistics
07:16:15.644 	Meter.calculate_statistics: group not null and contains more 0
07:16:15.644 	Meter.calculate_statistics: party_total: 0
07:16:15.644 	Meter.calculate_statistics: DPS & HPS: 0 0
07:16:15.644 	Meter.calculate_statistics: burst DPS & burst HPS: 0 0
07:16:15.644 	Meter.calculate_statistics: percent: Non Numérique
07:16:15.652 	GraphEngine.paint_meter: first switch value 0 0
07:16:15.652 	GraphEngine.paint_meter: render damage
07:16:16.658 	Meter.calculate_statistics
07:16:16.658 	Meter.calculate_statistics: group not null and contains more 0
07:16:16.658 	Meter.calculate_statistics: party_total: 0
07:16:16.658 	Meter.calculate_statistics: DPS & HPS: 0 0
07:16:16.658 	Meter.calculate_statistics: burst DPS & burst HPS: 0 0
07:16:16.658 	Meter.calculate_statistics: percent: Non Numérique
07:16:16.667 	GraphEngine.paint_meter: first switch value 0 0
07:16:16.667 	GraphEngine.paint_meter: render damage
07:16:17.672 	Meter.calculate_statistics
07:16:17.672 	Meter.calculate_statistics: group not null and contains more 0
07:16:17.672 	Meter.calculate_statistics: party_total: 0
07:16:17.672 	Meter.calculate_statistics: DPS & HPS: 0 0
07:16:17.672 	Meter.calculate_statistics: burst DPS & burst HPS: 0 0
07:16:17.672 	Meter.calculate_statistics: percent: Non Numérique
07:16:17.681 	GraphEngine.paint_meter: first switch value 0 0
07:16:17.681 	GraphEngine.paint_meter: render damage
07:16:18.686 	Meter.calculate_statistics
07:16:18.686 	Meter.calculate_statistics: group not null and contains more 0
07:16:18.686 	Meter.calculate_statistics: party_total: 0
07:16:18.686 	Meter.calculate_statistics: DPS & HPS: 0 0
07:16:18.686 	Meter.calculate_statistics: burst DPS & burst HPS: 0 0
07:16:18.686 	Meter.calculate_statistics: percent: Non Numérique
07:16:18.694 	GraphEngine.paint_meter: first switch value 0 0
07:16:18.694 	GraphEngine.paint_meter: render damage
07:16:19.700 	Meter.calculate_statistics
07:16:19.700 	Meter.calculate_statistics: group not null and contains more 0
07:16:19.700 	Meter.calculate_statistics: party_total: 0
07:16:19.700 	Meter.calculate_statistics: DPS & HPS: 0 0
07:16:19.700 	Meter.calculate_statistics: burst DPS & burst HPS: 0 0
07:16:19.700 	Meter.calculate_statistics: percent: Non Numérique
07:16:19.709 	GraphEngine.paint_meter: first switch value 0 0
07:16:19.709 	GraphEngine.paint_meter: render damage
07:16:20.715 	Meter.calculate_statistics
07:16:20.715 	Meter.calculate_statistics: group not null and contains more 0
07:16:20.715 	Meter.calculate_statistics: party_total: 0
07:16:20.715 	Meter.calculate_statistics: DPS & HPS: 0 0
07:16:20.715 	Meter.calculate_statistics: burst DPS & burst HPS: 0 0
07:16:20.715 	Meter.calculate_statistics: percent: Non Numérique
07:16:20.723 	GraphEngine.paint_meter: first switch value 0 0
07:16:20.723 	GraphEngine.paint_meter: render damage
07:16:21.729 	Meter.calculate_statistics
07:16:21.729 	Meter.calculate_statistics: group not null and contains more 0
07:16:21.729 	Meter.calculate_statistics: party_total: 0
07:16:21.729 	Meter.calculate_statistics: DPS & HPS: 0 0
07:16:21.729 	Meter.calculate_statistics: burst DPS & burst HPS: 0 0
07:16:21.729 	Meter.calculate_statistics: percent: Non Numérique
07:16:21.739 	GraphEngine.paint_meter: first switch value 0 0
07:16:21.739 	GraphEngine.paint_meter: render damage
07:16:22.742 	Meter.calculate_statistics
07:16:22.742 	Meter.calculate_statistics: group not null and contains more 0
07:16:22.742 	Meter.calculate_statistics: party_total: 0
07:16:22.742 	Meter.calculate_statistics: DPS & HPS: 0 0
07:16:22.742 	Meter.calculate_statistics: burst DPS & burst HPS: 0 0
07:16:22.742 	Meter.calculate_statistics: percent: Non Numérique
07:16:22.750 	GraphEngine.paint_meter: first switch value 0 0
07:16:22.750 	GraphEngine.paint_meter: render damage
07:16:23.756 	Meter.calculate_statistics
07:16:23.756 	Meter.calculate_statistics: group not null and contains more 0
07:16:23.756 	Meter.calculate_statistics: party_total: 0
07:16:23.756 	Meter.calculate_statistics: DPS & HPS: 0 0
07:16:23.756 	Meter.calculate_statistics: burst DPS & burst HPS: 0 0
07:16:23.756 	Meter.calculate_statistics: percent: Non Numérique
07:16:23.762 	GraphEngine.paint_meter: first switch value 0 0
07:16:23.762 	GraphEngine.paint_meter: render damage
07:16:24.770 	Meter.calculate_statistics
07:16:24.770 	Meter.calculate_statistics: group not null and contains more 0
07:16:24.770 	Meter.calculate_statistics: party_total: 0
07:16:24.770 	Meter.calculate_statistics: DPS & HPS: 0 0
07:16:24.770 	Meter.calculate_statistics: burst DPS & burst HPS: 0 0
07:16:24.770 	Meter.calculate_statistics: percent: Non Numérique
07:16:24.779 	GraphEngine.paint_meter: first switch value 0 0
07:16:24.779 	GraphEngine.paint_meter: render damage
07:16:25.785 	Meter.calculate_statistics
07:16:25.785 	Meter.calculate_statistics: group not null and contains more 0
07:16:25.785 	Meter.calculate_statistics: party_total: 0
07:16:25.785 	Meter.calculate_statistics: DPS & HPS: 0 0
07:16:25.785 	Meter.calculate_statistics: burst DPS & burst HPS: 0 0
07:16:25.785 	Meter.calculate_statistics: percent: Non Numérique
07:16:25.791 	GraphEngine.paint_meter: first switch value 0 0
07:16:25.791 	GraphEngine.paint_meter: render damage
07:16:26.800 	Meter.calculate_statistics
07:16:26.800 	Meter.calculate_statistics: group not null and contains more 0
07:16:26.800 	Meter.calculate_statistics: party_total: 0
07:16:26.800 	Meter.calculate_statistics: DPS & HPS: 0 0
07:16:26.800 	Meter.calculate_statistics: burst DPS & burst HPS: 0 0
07:16:26.800 	Meter.calculate_statistics: percent: Non Numérique
07:16:26.809 	GraphEngine.paint_meter: first switch value 0 0
07:16:26.809 	GraphEngine.paint_meter: render damage
07:16:27.814 	Meter.calculate_statistics
07:16:27.814 	Meter.calculate_statistics: group not null and contains more 0
07:16:27.814 	Meter.calculate_statistics: party_total: 0
07:16:27.814 	Meter.calculate_statistics: DPS & HPS: 0 0
07:16:27.814 	Meter.calculate_statistics: burst DPS & burst HPS: 0 0
07:16:27.814 	Meter.calculate_statistics: percent: Non Numérique
07:16:27.820 	GraphEngine.paint_meter: first switch value 0 0
07:16:27.820 	GraphEngine.paint_meter: render damage
07:16:28.827 	Meter.calculate_statistics
07:16:28.827 	Meter.calculate_statistics: group not null and contains more 0
07:16:28.827 	Meter.calculate_statistics: party_total: 0
07:16:28.827 	Meter.calculate_statistics: DPS & HPS: 0 0
07:16:28.827 	Meter.calculate_statistics: burst DPS & burst HPS: 0 0
07:16:28.827 	Meter.calculate_statistics: percent: Non Numérique
07:16:28.834 	GraphEngine.paint_meter: first switch value 0 0
07:16:28.834 	GraphEngine.paint_meter: render damage
07:16:29.841 	Meter.calculate_statistics
07:16:29.841 	Meter.calculate_statistics: group not null and contains more 0
07:16:29.841 	Meter.calculate_statistics: party_total: 0
07:16:29.841 	Meter.calculate_statistics: DPS & HPS: 0 0
07:16:29.841 	Meter.calculate_statistics: burst DPS & burst HPS: 0 0
07:16:29.841 	Meter.calculate_statistics: percent: Non Numérique
07:16:29.848 	GraphEngine.paint_meter: first switch value 0 0
07:16:29.848 	GraphEngine.paint_meter: render damage
07:16:30.856 	Meter.calculate_statistics
07:16:30.856 	Meter.calculate_statistics: group not null and contains more 0
07:16:30.856 	Meter.calculate_statistics: party_total: 0
07:16:30.856 	Meter.calculate_statistics: DPS & HPS: 0 0
07:16:30.856 	Meter.calculate_statistics: burst DPS & burst HPS: 0 0
07:16:30.856 	Meter.calculate_statistics: percent: Non Numérique
07:16:30.862 	GraphEngine.paint_meter: first switch value 0 0
07:16:30.862 	GraphEngine.paint_meter: render damage
07:16:31.870 	Meter.calculate_statistics
07:16:31.870 	Meter.calculate_statistics: group not null and contains more 0
07:16:31.870 	Meter.calculate_statistics: party_total: 0
07:16:31.870 	Meter.calculate_statistics: DPS & HPS: 0 0
07:16:31.870 	Meter.calculate_statistics: burst DPS & burst HPS: 0 0
07:16:31.870 	Meter.calculate_statistics: percent: Non Numérique
07:16:31.876 	GraphEngine.paint_meter: first switch value 0 0
07:16:31.876 	GraphEngine.paint_meter: render damage
07:16:32.883 	Meter.calculate_statistics
07:16:32.883 	Meter.calculate_statistics: group not null and contains more 0
07:16:32.883 	Meter.calculate_statistics: party_total: 0
07:16:32.883 	Meter.calculate_statistics: DPS & HPS: 0 0
07:16:32.883 	Meter.calculate_statistics: burst DPS & burst HPS: 0 0
07:16:32.883 	Meter.calculate_statistics: percent: Non Numérique
07:16:32.890 	GraphEngine.paint_meter: first switch value 0 0
07:16:32.890 	GraphEngine.paint_meter: render damage
07:16:33.898 	Meter.calculate_statistics
07:16:33.898 	Meter.calculate_statistics: group not null and contains more 0
07:16:33.898 	Meter.calculate_statistics: party_total: 0
07:16:33.898 	Meter.calculate_statistics: DPS & HPS: 0 0
07:16:33.898 	Meter.calculate_statistics: burst DPS & burst HPS: 0 0
07:16:33.898 	Meter.calculate_statistics: percent: Non Numérique
07:16:33.906 	GraphEngine.paint_meter: first switch value 0 0
07:16:33.906 	GraphEngine.paint_meter: render damage
07:16:34.911 	Meter.calculate_statistics
07:16:34.911 	Meter.calculate_statistics: group not null and contains more 0
07:16:34.911 	Meter.calculate_statistics: party_total: 0
07:16:34.911 	Meter.calculate_statistics: DPS & HPS: 0 0
07:16:34.911 	Meter.calculate_statistics: burst DPS & burst HPS: 0 0
07:16:34.911 	Meter.calculate_statistics: percent: Non Numérique
07:16:34.919 	GraphEngine.paint_meter: first switch value 0 0
07:16:34.919 	GraphEngine.paint_meter: render damage
07:16:35.925 	Meter.calculate_statistics
07:16:35.925 	Meter.calculate_statistics: group not null and contains more 0
07:16:35.925 	Meter.calculate_statistics: party_total: 0
07:16:35.925 	Meter.calculate_statistics: DPS & HPS: 0 0
07:16:35.925 	Meter.calculate_statistics: burst DPS & burst HPS: 0 0
07:16:35.925 	Meter.calculate_statistics: percent: Non Numérique
07:16:35.933 	GraphEngine.paint_meter: first switch value 0 0
07:16:35.933 	GraphEngine.paint_meter: render damage
07:16:36.938 	Meter.calculate_statistics
07:16:36.938 	Meter.calculate_statistics: group not null and contains more 0
07:16:36.938 	Meter.calculate_statistics: party_total: 0
07:16:36.938 	Meter.calculate_statistics: DPS & HPS: 0 0
07:16:36.938 	Meter.calculate_statistics: burst DPS & burst HPS: 0 0
07:16:36.938 	Meter.calculate_statistics: percent: Non Numérique
07:16:36.944 	GraphEngine.paint_meter: first switch value 0 0
07:16:36.944 	GraphEngine.paint_meter: render damage
07:16:37.952 	Meter.calculate_statistics
07:16:37.952 	Meter.calculate_statistics: group not null and contains more 0
07:16:37.952 	Meter.calculate_statistics: party_total: 0
07:16:37.952 	Meter.calculate_statistics: DPS & HPS: 0 0
07:16:37.952 	Meter.calculate_statistics: burst DPS & burst HPS: 0 0
07:16:37.952 	Meter.calculate_statistics: percent: Non Numérique
07:16:37.961 	GraphEngine.paint_meter: first switch value 0 0
07:16:37.961 	GraphEngine.paint_meter: render damage
07:16:38.967 	Meter.calculate_statistics
07:16:38.967 	Meter.calculate_statistics: group not null and contains more 0
07:16:38.967 	Meter.calculate_statistics: party_total: 0
07:16:38.967 	Meter.calculate_statistics: DPS & HPS: 0 0
07:16:38.967 	Meter.calculate_statistics: burst DPS & burst HPS: 0 0
07:16:38.967 	Meter.calculate_statistics: percent: Non Numérique
07:16:38.976 	GraphEngine.paint_meter: first switch value 0 0
07:16:38.976 	GraphEngine.paint_meter: render damage
07:16:39.981 	Meter.calculate_statistics
07:16:39.981 	Meter.calculate_statistics: group not null and contains more 0
07:16:39.981 	Meter.calculate_statistics: party_total: 0
07:16:39.981 	Meter.calculate_statistics: DPS & HPS: 0 0
07:16:39.981 	Meter.calculate_statistics: burst DPS & burst HPS: 0 0
07:16:39.981 	Meter.calculate_statistics: percent: Non Numérique
07:16:39.990 	GraphEngine.paint_meter: first switch value 0 0
07:16:39.990 	GraphEngine.paint_meter: render damage
07:16:40.995 	Meter.calculate_statistics
07:16:40.995 	Meter.calculate_statistics: group not null and contains more 0
07:16:40.995 	Meter.calculate_statistics: party_total: 0
07:16:40.995 	Meter.calculate_statistics: DPS & HPS: 0 0
07:16:40.995 	Meter.calculate_statistics: burst DPS & burst HPS: 0 0
07:16:40.995 	Meter.calculate_statistics: percent: Non Numérique
07:16:41.003 	GraphEngine.paint_meter: first switch value 0 0
07:16:41.003 	GraphEngine.paint_meter: render damage
07:16:42.008 	Meter.calculate_statistics
07:16:42.008 	Meter.calculate_statistics: group not null and contains more 0
07:16:42.008 	Meter.calculate_statistics: party_total: 0
07:16:42.008 	Meter.calculate_statistics: DPS & HPS: 0 0
07:16:42.008 	Meter.calculate_statistics: burst DPS & burst HPS: 0 0
07:16:42.008 	Meter.calculate_statistics: percent: Non Numérique
07:16:42.017 	GraphEngine.paint_meter: first switch value 0 0
07:16:42.017 	GraphEngine.paint_meter: render damage
07:16:43.022 	Meter.calculate_statistics
07:16:43.022 	Meter.calculate_statistics: group not null and contains more 0
07:16:43.022 	Meter.calculate_statistics: party_total: 0
07:16:43.022 	Meter.calculate_statistics: DPS & HPS: 0 0
07:16:43.022 	Meter.calculate_statistics: burst DPS & burst HPS: 0 0
07:16:43.022 	Meter.calculate_statistics: percent: Non Numérique
07:16:43.029 	GraphEngine.paint_meter: first switch value 0 0
07:16:43.029 	GraphEngine.paint_meter: render damage
07:16:44.038 	Meter.calculate_statistics
07:16:44.038 	Meter.calculate_statistics: group not null and contains more 0
07:16:44.038 	Meter.calculate_statistics: party_total: 0
07:16:44.038 	Meter.calculate_statistics: DPS & HPS: 0 0
07:16:44.038 	Meter.calculate_statistics: burst DPS & burst HPS: 0 0
07:16:44.038 	Meter.calculate_statistics: percent: Non Numérique
07:16:44.045 	GraphEngine.paint_meter: first switch value 0 0
07:16:44.045 	GraphEngine.paint_meter: render damage
07:16:45.051 	Meter.calculate_statistics
07:16:45.051 	Meter.calculate_statistics: group not null and contains more 0
07:16:45.051 	Meter.calculate_statistics: party_total: 0
07:16:45.051 	Meter.calculate_statistics: DPS & HPS: 0 0
07:16:45.051 	Meter.calculate_statistics: burst DPS & burst HPS: 0 0
07:16:45.051 	Meter.calculate_statistics: percent: Non Numérique
07:16:45.058 	GraphEngine.paint_meter: first switch value 0 0
07:16:45.058 	GraphEngine.paint_meter: render damage
07:16:46.065 	Meter.calculate_statistics
07:16:46.065 	Meter.calculate_statistics: group not null and contains more 0
07:16:46.065 	Meter.calculate_statistics: party_total: 0
07:16:46.065 	Meter.calculate_statistics: DPS & HPS: 0 0
07:16:46.065 	Meter.calculate_statistics: burst DPS & burst HPS: 0 0
07:16:46.065 	Meter.calculate_statistics: percent: Non Numérique
07:16:46.073 	GraphEngine.paint_meter: first switch value 0 0
07:16:46.073 	GraphEngine.paint_meter: render damage
07:16:47.079 	Meter.calculate_statistics
07:16:47.079 	Meter.calculate_statistics: group not null and contains more 0
07:16:47.079 	Meter.calculate_statistics: party_total: 0
07:16:47.079 	Meter.calculate_statistics: DPS & HPS: 0 0
07:16:47.079 	Meter.calculate_statistics: burst DPS & burst HPS: 0 0
07:16:47.079 	Meter.calculate_statistics: percent: Non Numérique
07:16:47.087 	GraphEngine.paint_meter: first switch value 0 0
07:16:47.087 	GraphEngine.paint_meter: render damage
07:16:48.094 	Meter.calculate_statistics
07:16:48.094 	Meter.calculate_statistics: group not null and contains more 0
07:16:48.094 	Meter.calculate_statistics: party_total: 0
07:16:48.094 	Meter.calculate_statistics: DPS & HPS: 0 0
07:16:48.094 	Meter.calculate_statistics: burst DPS & burst HPS: 0 0
07:16:48.094 	Meter.calculate_statistics: percent: Non Numérique
07:16:48.101 	GraphEngine.paint_meter: first switch value 0 0
07:16:48.101 	GraphEngine.paint_meter: render damage
07:16:49.108 	Meter.calculate_statistics
07:16:49.108 	Meter.calculate_statistics: group not null and contains more 0
07:16:49.108 	Meter.calculate_statistics: party_total: 0
07:16:49.108 	Meter.calculate_statistics: DPS & HPS: 0 0
07:16:49.108 	Meter.calculate_statistics: burst DPS & burst HPS: 0 0
07:16:49.108 	Meter.calculate_statistics: percent: Non Numérique
07:16:49.114 	GraphEngine.paint_meter: first switch value 0 0
07:16:49.114 	GraphEngine.paint_meter: render damage
07:16:50.121 	Meter.calculate_statistics
07:16:50.121 	Meter.calculate_statistics: group not null and contains more 0
07:16:50.121 	Meter.calculate_statistics: party_total: 0
07:16:50.121 	Meter.calculate_statistics: DPS & HPS: 0 0
07:16:50.121 	Meter.calculate_statistics: burst DPS & burst HPS: 0 0
07:16:50.121 	Meter.calculate_statistics: percent: Non Numérique
07:16:50.127 	GraphEngine.paint_meter: first switch value 0 0
07:16:50.127 	GraphEngine.paint_meter: render damage
07:16:51.135 	Meter.calculate_statistics
07:16:51.135 	Meter.calculate_statistics: group not null and contains more 0
07:16:51.135 	Meter.calculate_statistics: party_total: 0
07:16:51.135 	Meter.calculate_statistics: DPS & HPS: 0 0
07:16:51.135 	Meter.calculate_statistics: burst DPS & burst HPS: 0 0
07:16:51.135 	Meter.calculate_statistics: percent: Non Numérique
07:16:51.142 	GraphEngine.paint_meter: first switch value 0 0
07:16:51.142 	GraphEngine.paint_meter: render damage
07:16:52.150 	Meter.calculate_statistics
07:16:52.150 	Meter.calculate_statistics: group not null and contains more 0
07:16:52.150 	Meter.calculate_statistics: party_total: 0
07:16:52.150 	Meter.calculate_statistics: DPS & HPS: 0 0
07:16:52.150 	Meter.calculate_statistics: burst DPS & burst HPS: 0 0
07:16:52.150 	Meter.calculate_statistics: percent: Non Numérique
07:16:52.158 	GraphEngine.paint_meter: first switch value 0 0
07:16:52.158 	GraphEngine.paint_meter: render damage
07:16:53.163 	Meter.calculate_statistics
07:16:53.163 	Meter.calculate_statistics: group not null and contains more 0
07:16:53.163 	Meter.calculate_statistics: party_total: 0
07:16:53.163 	Meter.calculate_statistics: DPS & HPS: 0 0
07:16:53.163 	Meter.calculate_statistics: burst DPS & burst HPS: 0 0
07:16:53.163 	Meter.calculate_statistics: percent: Non Numérique
07:16:53.169 	GraphEngine.paint_meter: first switch value 0 0
07:16:53.169 	GraphEngine.paint_meter: render damage
07:16:54.177 	Meter.calculate_statistics
07:16:54.177 	Meter.calculate_statistics: group not null and contains more 0
07:16:54.177 	Meter.calculate_statistics: party_total: 0
07:16:54.177 	Meter.calculate_statistics: DPS & HPS: 0 0
07:16:54.177 	Meter.calculate_statistics: burst DPS & burst HPS: 0 0
07:16:54.177 	Meter.calculate_statistics: percent: Non Numérique
07:16:54.184 	GraphEngine.paint_meter: first switch value 0 0
07:16:54.184 	GraphEngine.paint_meter: render damage
07:16:55.191 	Meter.calculate_statistics
07:16:55.191 	Meter.calculate_statistics: group not null and contains more 0
07:16:55.191 	Meter.calculate_statistics: party_total: 0
07:16:55.191 	Meter.calculate_statistics: DPS & HPS: 0 0
07:16:55.191 	Meter.calculate_statistics: burst DPS & burst HPS: 0 0
07:16:55.191 	Meter.calculate_statistics: percent: Non Numérique
07:16:55.198 	GraphEngine.paint_meter: first switch value 0 0
07:16:55.198 	GraphEngine.paint_meter: render damage
07:16:56.204 	Meter.calculate_statistics
07:16:56.204 	Meter.calculate_statistics: group not null and contains more 0
07:16:56.204 	Meter.calculate_statistics: party_total: 0
07:16:56.204 	Meter.calculate_statistics: DPS & HPS: 0 0
07:16:56.204 	Meter.calculate_statistics: burst DPS & burst HPS: 0 0
07:16:56.204 	Meter.calculate_statistics: percent: Non Numérique
07:16:56.211 	GraphEngine.paint_meter: first switch value 0 0
07:16:56.211 	GraphEngine.paint_meter: render damage
07:16:57.218 	Meter.calculate_statistics
07:16:57.218 	Meter.calculate_statistics: group not null and contains more 0
07:16:57.218 	Meter.calculate_statistics: party_total: 0
07:16:57.218 	Meter.calculate_statistics: DPS & HPS: 0 0
07:16:57.218 	Meter.calculate_statistics: burst DPS & burst HPS: 0 0
07:16:57.218 	Meter.calculate_statistics: percent: Non Numérique
07:16:57.226 	GraphEngine.paint_meter: first switch value 0 0
07:16:57.226 	GraphEngine.paint_meter: render damage
07:16:57.553 	System.IO.IOException: Le processus ne peut pas accéder au fichier 'C:\GitHub\AION-Meter-Reloaded\aionmeter\bin\Debug\aionmeter_2015-02-12.log', car il est en cours d'utilisation par un autre processus.
   à System.IO.__Error.WinIOError(Int32 errorCode, String maybeFullPath)
   à System.IO.FileStream.Init(String path, FileMode mode, FileAccess access, Int32 rights, Boolean useRights, FileShare share, Int32 bufferSize, FileOptions options, SECURITY_ATTRIBUTES secAttrs, String msgPath, Boolean bFromProxy, Boolean useLongPath, Boolean checkHost)
   à System.IO.FileStream..ctor(String path, FileMode mode, FileAccess access, FileShare share)
   à AIONMeter.LogWriter.FlushLog()
