01:00:54.342 	Vroum
01:00:56.642 	Player.Player: You
01:00:56.642 	PetTracker.PetTracker: init the structure
03:28:08.710 	Vroum
03:28:10.990 	Player.Player: You
03:28:10.992 	PetTracker.PetTracker: init the structure
03:28:18.889 	Meter.commit_action: 2015.02.06 15:28:18 who:You amout:1412 target:Training Dummy skill:Erosion VI
03:28:18.889 	Meter.commit_action.group[who]: AIONMeter.Player
03:28:19.963 	Action.Action: >> Exception: time:2015.02.06 15:28:18 who:You amount:1412 target:Training Dummy skill:Erosion VI
03:28:22.348 	Meter.commit_action: 2015.02.06 15:28:22 who:You amout:319 target:Training Dummy skill:Chain of Earth V
03:28:22.348 	Meter.commit_action.group[who]: AIONMeter.Player
03:28:22.352 	Action.Action: >> Exception: time:2015.02.06 15:28:22 who:You amount:319 target:Training Dummy skill:Chain of Earth V
03:28:37.944 	Meter.commit_action: 2015.02.06 15:28:37 who:You amout:1412 target:Training Dummy skill:Erosion VI
03:28:37.944 	Meter.commit_action.group[who]: AIONMeter.Player
03:28:37.945 	Meter.commit_action: 2015.02.06 15:28:37 who:You amout:1412 target:Training Dummy skill:Erosion VI
03:28:37.945 	Meter.commit_action.group[who]: AIONMeter.Player
03:28:37.963 	Action.Action: >> Exception: time:2015.02.06 15:28:37 who:You amount:1412 target:Training Dummy skill:Erosion VI
03:28:37.965 	Action.Action: >> Exception: time:2015.02.06 15:28:37 who:You amount:1412 target:Training Dummy skill:Erosion VI
03:28:39.114 	Meter.commit_action: 2015.02.06 15:28:39 who:You amout:1478 target:Training Dummy skill:Soul Torrent I
03:28:39.114 	Meter.commit_action.group[who]: AIONMeter.Player
03:28:39.122 	Meter.commit_action: 2015.02.06 15:28:39 who:You amout:1478 target:Training Dummy skill:Soul Torrent I
03:28:39.122 	Meter.commit_action.group[who]: AIONMeter.Player
03:28:39.128 	Action.Action: >> Exception: time:2015.02.06 15:28:39 who:You amount:1478 target:Training Dummy skill:Soul Torrent I
03:28:39.130 	Action.Action: >> Exception: time:2015.02.06 15:28:39 who:You amount:1478 target:Training Dummy skill:Soul Torrent I
03:28:39.885 	Meter.commit_action: 2015.02.06 15:28:39 who:You amout:1478 target:Training Dummy skill:Soul Torrent I
03:28:39.885 	Meter.commit_action.group[who]: AIONMeter.Player
03:28:39.885 	Meter.commit_action: 2015.02.06 15:28:39 who:You amout:1478 target:Training Dummy skill:Soul Torrent I
03:28:39.885 	Meter.commit_action.group[who]: AIONMeter.Player
03:28:39.894 	Action.Action: >> Exception: time:2015.02.06 15:28:39 who:You amount:1478 target:Training Dummy skill:Soul Torrent I
03:28:39.894 	Action.Action: >> Exception: time:2015.02.06 15:28:39 who:You amount:1478 target:Training Dummy skill:Soul Torrent I
03:28:40.641 	Meter.commit_action: 2015.02.06 15:28:40 who:You amout:1478 target:Training Dummy skill:Soul Torrent I
03:28:40.641 	Meter.commit_action.group[who]: AIONMeter.Player
03:28:40.641 	Meter.commit_action: 2015.02.06 15:28:40 who:You amout:1478 target:Training Dummy skill:Soul Torrent I
03:28:40.641 	Meter.commit_action.group[who]: AIONMeter.Player
03:28:40.664 	Action.Action: >> Exception: time:2015.02.06 15:28:40 who:You amount:1478 target:Training Dummy skill:Soul Torrent I
03:28:40.664 	Action.Action: >> Exception: time:2015.02.06 15:28:40 who:You amount:1478 target:Training Dummy skill:Soul Torrent I
03:28:41.328 	Meter.commit_action: 2015.02.06 15:28:41 who:You amout:1478 target:Training Dummy skill:Soul Torrent I
03:28:41.328 	Meter.commit_action.group[who]: AIONMeter.Player
03:28:41.331 	Meter.commit_action: 2015.02.06 15:28:41 who:You amout:1478 target:Training Dummy skill:Soul Torrent I
03:28:41.331 	Meter.commit_action.group[who]: AIONMeter.Player
03:28:41.343 	Action.Action: >> Exception: time:2015.02.06 15:28:41 who:You amount:1478 target:Training Dummy skill:Soul Torrent I
03:28:41.346 	Action.Action: >> Exception: time:2015.02.06 15:28:41 who:You amount:1478 target:Training Dummy skill:Soul Torrent I
08:40:52.515 	Vroum
08:41:06.000 	Player.Player: You
08:41:06.002 	PetTracker.PetTracker: init the structure
08:44:07.101 	Player.Player: Zaro
